<?xml version="1.0" encoding="UTF-8"?>
<!-- Generated by org.testng.reporters.JUnitReportReporter -->
<testsuite skipped="7" hostname="DESKTOP-CG5HG66" name="com.citibank.qa.testcase.TestCase" tests="14" failures="0" timestamp="07 Dec 2019 15:45:19 GMT" time="148.779" errors="1">
  <testcase name="searchingText" time="25.404" classname="com.citibank.qa.testcase.TestCase"/>
  <testcase name="setUp" time="36.258" classname="com.citibank.qa.testcase.TestCase">
    <error type="org.openqa.selenium.SessionNotCreatedException" message="session not created
from chrome not reachable
  (Session info: chrome=78.0.3904.108)
Build info: version: &#039;3.141.59&#039;, revision: &#039;e82be7d358&#039;, time: &#039;2018-11-14T08:17:03&#039;
System info: host: &#039;DESKTOP-CG5HG66&#039;, ip: &#039;192.168.0.125&#039;, os.name: &#039;Windows 10&#039;, os.arch: &#039;amd64&#039;, os.version: &#039;10.0&#039;, java.version: &#039;1.8.0_191&#039;
Driver info: driver.version: ChromeDriver
remote stacktrace: Backtrace:
	Ordinal0 [0x0094EB13+1501971]
	Ordinal0 [0x008CF6D1+980689]
	Ordinal0 [0x00857508+488712]
	Ordinal0 [0x0085131A+463642]
	Ordinal0 [0x008519C8+465352]
	Ordinal0 [0x00852AA5+469669]
	Ordinal0 [0x0084EC85+453765]
	Ordinal0 [0x00858330+492336]
	Ordinal0 [0x0080A108+172296]
	Ordinal0 [0x0080942D+169005]
	Ordinal0 [0x008078EB+162027]
	Ordinal0 [0x007F0AC7+68295]
	Ordinal0 [0x007F1B40+72512]
	Ordinal0 [0x007F1AD9+72409]
	Ordinal0 [0x008E8F37+1085239]
	GetHandleVerifier [0x009ED7ED+503293]
	GetHandleVerifier [0x009ED580+502672]
	GetHandleVerifier [0x009F46AC+531644]
	GetHandleVerifier [0x009EDFFA+505354]
	Ordinal0 [0x008E0606+1050118]
	Ordinal0 [0x008E047F+1049727]
	Ordinal0 [0x008EAF9B+1093531]
	Ordinal0 [0x008EB103+1093891]
	Ordinal0 [0x008EA095+1089685]
	BaseThreadInitThunk [0x74C26359+25]
	RtlGetAppContainerNamedObjectPath [0x770D7B74+228]
	RtlGetAppContainerNamedObjectPath [0x770D7B44+180]
">
      <![CDATA[org.openqa.selenium.SessionNotCreatedException: session not created
from chrome not reachable
  (Session info: chrome=78.0.3904.108)
Build info: version: '3.141.59', revision: 'e82be7d358', time: '2018-11-14T08:17:03'
System info: host: 'DESKTOP-CG5HG66', ip: '192.168.0.125', os.name: 'Windows 10', os.arch: 'amd64', os.version: '10.0', java.version: '1.8.0_191'
Driver info: driver.version: ChromeDriver
remote stacktrace: Backtrace:
Ordinal0 [0x0094EB13+1501971]
Ordinal0 [0x008CF6D1+980689]
Ordinal0 [0x00857508+488712]
Ordinal0 [0x0085131A+463642]
Ordinal0 [0x008519C8+465352]
Ordinal0 [0x00852AA5+469669]
Ordinal0 [0x0084EC85+453765]
Ordinal0 [0x00858330+492336]
Ordinal0 [0x0080A108+172296]
Ordinal0 [0x0080942D+169005]
Ordinal0 [0x008078EB+162027]
Ordinal0 [0x007F0AC7+68295]
Ordinal0 [0x007F1B40+72512]
Ordinal0 [0x007F1AD9+72409]
Ordinal0 [0x008E8F37+1085239]
GetHandleVerifier [0x009ED7ED+503293]
GetHandleVerifier [0x009ED580+502672]
GetHandleVerifier [0x009F46AC+531644]
GetHandleVerifier [0x009EDFFA+505354]
Ordinal0 [0x008E0606+1050118]
Ordinal0 [0x008E047F+1049727]
Ordinal0 [0x008EAF9B+1093531]
Ordinal0 [0x008EB103+1093891]
Ordinal0 [0x008EA095+1089685]
BaseThreadInitThunk [0x74C26359+25]
RtlGetAppContainerNamedObjectPath [0x770D7B74+228]
RtlGetAppContainerNamedObjectPath [0x770D7B44+180]

at sun.reflect.NativeConstructorAccessorImpl.newInstance0(Native Method)
at sun.reflect.NativeConstructorAccessorImpl.newInstance(NativeConstructorAccessorImpl.java:62)
at sun.reflect.DelegatingConstructorAccessorImpl.newInstance(DelegatingConstructorAccessorImpl.java:45)
at java.lang.reflect.Constructor.newInstance(Constructor.java:423)
at org.openqa.selenium.remote.W3CHandshakeResponse.lambda$errorHandler$0(W3CHandshakeResponse.java:62)
at org.openqa.selenium.remote.HandshakeResponse.lambda$getResponseFunction$0(HandshakeResponse.java:30)
at org.openqa.selenium.remote.ProtocolHandshake.lambda$createSession$0(ProtocolHandshake.java:126)
at java.util.stream.ReferencePipeline$3$1.accept(ReferencePipeline.java:193)
at java.util.Spliterators$ArraySpliterator.tryAdvance(Spliterators.java:958)
at java.util.stream.ReferencePipeline.forEachWithCancel(ReferencePipeline.java:126)
at java.util.stream.AbstractPipeline.copyIntoWithCancel(AbstractPipeline.java:498)
at java.util.stream.AbstractPipeline.copyInto(AbstractPipeline.java:485)
at java.util.stream.AbstractPipeline.wrapAndCopyInto(AbstractPipeline.java:471)
at java.util.stream.FindOps$FindOp.evaluateSequential(FindOps.java:152)
at java.util.stream.AbstractPipeline.evaluate(AbstractPipeline.java:234)
at java.util.stream.ReferencePipeline.findFirst(ReferencePipeline.java:464)
at org.openqa.selenium.remote.ProtocolHandshake.createSession(ProtocolHandshake.java:128)
at org.openqa.selenium.remote.ProtocolHandshake.createSession(ProtocolHandshake.java:74)
at org.openqa.selenium.remote.HttpCommandExecutor.execute(HttpCommandExecutor.java:136)
at org.openqa.selenium.remote.service.DriverCommandExecutor.execute(DriverCommandExecutor.java:83)
at org.openqa.selenium.remote.RemoteWebDriver.execute(RemoteWebDriver.java:552)
at org.openqa.selenium.remote.RemoteWebDriver.startSession(RemoteWebDriver.java:213)
at org.openqa.selenium.remote.RemoteWebDriver.<init>(RemoteWebDriver.java:131)
at org.openqa.selenium.chrome.ChromeDriver.<init>(ChromeDriver.java:181)
at org.openqa.selenium.chrome.ChromeDriver.<init>(ChromeDriver.java:168)
at org.openqa.selenium.chrome.ChromeDriver.<init>(ChromeDriver.java:123)
at com.citibank.qa.base.TestBase.initialization(TestBase.java:45)
at com.citibank.qa.testcase.TestCase.setUp(TestCase.java:22)
at sun.reflect.NativeMethodAccessorImpl.invoke0(Native Method)
at sun.reflect.NativeMethodAccessorImpl.invoke(NativeMethodAccessorImpl.java:62)
at sun.reflect.DelegatingMethodAccessorImpl.invoke(DelegatingMethodAccessorImpl.java:43)
at java.lang.reflect.Method.invoke(Method.java:498)
at org.testng.internal.MethodInvocationHelper.invokeMethod(MethodInvocationHelper.java:124)
at org.testng.internal.MethodInvocationHelper.invokeMethodConsideringTimeout(MethodInvocationHelper.java:59)
at org.testng.internal.Invoker.invokeConfigurationMethod(Invoker.java:458)
at org.testng.internal.Invoker.invokeConfigurations(Invoker.java:222)
at org.testng.internal.Invoker.invokeMethod(Invoker.java:523)
at org.testng.internal.Invoker.invokeTestMethod(Invoker.java:719)
at org.testng.internal.Invoker.invokeTestMethods(Invoker.java:989)
at org.testng.internal.TestMethodWorker.invokeTestMethods(TestMethodWorker.java:125)
at org.testng.internal.TestMethodWorker.run(TestMethodWorker.java:109)
at org.testng.TestRunner.privateRun(TestRunner.java:648)
at org.testng.TestRunner.run(TestRunner.java:505)
at org.testng.SuiteRunner.runTest(SuiteRunner.java:455)
at org.testng.SuiteRunner.runSequentially(SuiteRunner.java:450)
at org.testng.SuiteRunner.privateRun(SuiteRunner.java:415)
at org.testng.SuiteRunner.run(SuiteRunner.java:364)
at org.testng.SuiteRunnerWorker.runSuite(SuiteRunnerWorker.java:52)
at org.testng.SuiteRunnerWorker.run(SuiteRunnerWorker.java:84)
at org.testng.TestNG.runSuitesSequentially(TestNG.java:1208)
at org.testng.TestNG.runSuitesLocally(TestNG.java:1137)
at org.testng.TestNG.runSuites(TestNG.java:1049)
at org.testng.TestNG.run(TestNG.java:1017)
at org.apache.maven.surefire.testng.TestNGExecutor.run(TestNGExecutor.java:77)
at org.apache.maven.surefire.testng.TestNGDirectoryTestSuite.execute(TestNGDirectoryTestSuite.java:110)
at org.apache.maven.surefire.testng.TestNGProvider.invoke(TestNGProvider.java:106)
at sun.reflect.NativeMethodAccessorImpl.invoke0(Native Method)
at sun.reflect.NativeMethodAccessorImpl.invoke(NativeMethodAccessorImpl.java:62)
at sun.reflect.DelegatingMethodAccessorImpl.invoke(DelegatingMethodAccessorImpl.java:43)
at java.lang.reflect.Method.invoke(Method.java:498)
at org.apache.maven.surefire.util.ReflectionUtils.invokeMethodWithArray(ReflectionUtils.java:189)
at org.apache.maven.surefire.booter.ProviderFactory$ProviderProxy.invoke(ProviderFactory.java:165)
at org.apache.maven.surefire.booter.ProviderFactory.invokeProvider(ProviderFactory.java:85)
at org.apache.maven.surefire.booter.ForkedBooter.runSuitesInProcess(ForkedBooter.java:115)
at org.apache.maven.surefire.booter.ForkedBooter.main(ForkedBooter.java:75)
]]>
    </error>
  </testcase> <!-- setUp -->
  <testcase name="titleValidation" time="17.022" classname="com.citibank.qa.testcase.TestCase"/>
  <testcase name="validationSearchText" time="23.395" classname="com.citibank.qa.testcase.TestCase"/>
  <testcase name="citiLogoValidation" time="19.685" classname="com.citibank.qa.testcase.TestCase"/>
  <testcase name="rememberUidLabel" time="26.911" classname="com.citibank.qa.testcase.TestCase"/>
  <testcase name="signInBtnDisplayed" time="0.104" classname="com.citibank.qa.testcase.TestCase"/>
  <testcase name="creditCardMessageValidated" time="0.000" classname="com.citibank.qa.testcase.TestCase">
    <skipped/>
  </testcase> <!-- creditCardMessageValidated -->
  <testcase name="creditCardLink" time="0.000" classname="com.citibank.qa.testcase.TestCase">
    <skipped/>
  </testcase> <!-- creditCardLink -->
  <testcase name="atmBranch" time="0.000" classname="com.citibank.qa.testcase.TestCase">
    <skipped/>
  </testcase> <!-- atmBranch -->
  <testcase name="lendingLink" time="0.000" classname="com.citibank.qa.testcase.TestCase">
    <skipped/>
  </testcase> <!-- lendingLink -->
  <testcase name="personalLoan" time="0.000" classname="com.citibank.qa.testcase.TestCase">
    <skipped/>
  </testcase> <!-- personalLoan -->
  <testcase name="mortgageLink" time="0.000" classname="com.citibank.qa.testcase.TestCase">
    <skipped/>
  </testcase> <!-- mortgageLink -->
  <testcase name="homeEquity" time="0.000" classname="com.citibank.qa.testcase.TestCase">
    <skipped/>
  </testcase> <!-- homeEquity -->
</testsuite> <!-- com.citibank.qa.testcase.TestCase -->
