<?xml version="1.0" encoding="UTF-8"?>
<!-- Generated by org.testng.reporters.JUnitXMLReporter -->
<testsuite hostname="DESKTOP-CG5HG66" ignored="0" name="Command line test" tests="13" failures="0" timestamp="07 Dec 2019 15:45:18 GMT" time="148.872" errors="0">
  <testcase name="@BeforeMethod setUp" time="15.777" classname="com.citibank.qa.testcase.TestCase">
    <failure type="org.openqa.selenium.SessionNotCreatedException" message="session not created
from chrome not reachable
  (Session info: chrome=78.0.3904.108)
Build info: version: &amp;apos;3.141.59&amp;apos;, revision: &amp;apos;e82be7d358&amp;apos;, time: &amp;apos;2018-11-14T08:17:03&amp;apos;
System info: host: &amp;apos;DESKTOP-CG5HG66&amp;apos;, ip: &amp;apos;192.168.0.125&amp;apos;, os.name: &amp;apos;Windows 10&amp;apos;, os.arch: &amp;apos;amd64&amp;apos;, os.version: &amp;apos;10.0&amp;apos;, java.version: &amp;apos;1.8.0_191&amp;apos;
Driver info: driver.version: ChromeDriver
remote stacktrace: Backtrace:
	Ordinal0 [0x0094EB13+1501971]
	Ordinal0 [0x008CF6D1+980689]
	Ordinal0 [0x00857508+488712]
	Ordinal0 [0x0085131A+463642]
	Ordinal0 [0x008519C8+465352]
	Ordinal0 [0x00852AA5+469669]
	Ordinal0 [0x0084EC85+453765]
	Ordinal0 [0x00858330+492336]
	Ordinal0 [0x0080A108+172296]
	Ordinal0 [0x0080942D+169005]
	Ordinal0 [0x008078EB+162027]
	Ordinal0 [0x007F0AC7+68295]
	Ordinal0 [0x007F1B40+72512]
	Ordinal0 [0x007F1AD9+72409]
	Ordinal0 [0x008E8F37+1085239]
	GetHandleVerifier [0x009ED7ED+503293]
	GetHandleVerifier [0x009ED580+502672]
	GetHandleVerifier [0x009F46AC+531644]
	GetHandleVerifier [0x009EDFFA+505354]
	Ordinal0 [0x008E0606+1050118]
	Ordinal0 [0x008E047F+1049727]
	Ordinal0 [0x008EAF9B+1093531]
	Ordinal0 [0x008EB103+1093891]
	Ordinal0 [0x008EA095+1089685]
	BaseThreadInitThunk [0x74C26359+25]
	RtlGetAppContainerNamedObjectPath [0x770D7B74+228]
	RtlGetAppContainerNamedObjectPath [0x770D7B44+180]
">
      <![CDATA[org.openqa.selenium.SessionNotCreatedException: session not created
from chrome not reachable
  (Session info: chrome=78.0.3904.108)
Build info: version: '3.141.59', revision: 'e82be7d358', time: '2018-11-14T08:17:03'
System info: host: 'DESKTOP-CG5HG66', ip: '192.168.0.125', os.name: 'Windows 10', os.arch: 'amd64', os.version: '10.0', java.version: '1.8.0_191'
Driver info: driver.version: ChromeDriver
remote stacktrace: Backtrace:
Ordinal0 [0x0094EB13+1501971]
Ordinal0 [0x008CF6D1+980689]
Ordinal0 [0x00857508+488712]
Ordinal0 [0x0085131A+463642]
Ordinal0 [0x008519C8+465352]
Ordinal0 [0x00852AA5+469669]
Ordinal0 [0x0084EC85+453765]
Ordinal0 [0x00858330+492336]
Ordinal0 [0x0080A108+172296]
Ordinal0 [0x0080942D+169005]
Ordinal0 [0x008078EB+162027]
Ordinal0 [0x007F0AC7+68295]
Ordinal0 [0x007F1B40+72512]
Ordinal0 [0x007F1AD9+72409]
Ordinal0 [0x008E8F37+1085239]
GetHandleVerifier [0x009ED7ED+503293]
GetHandleVerifier [0x009ED580+502672]
GetHandleVerifier [0x009F46AC+531644]
GetHandleVerifier [0x009EDFFA+505354]
Ordinal0 [0x008E0606+1050118]
Ordinal0 [0x008E047F+1049727]
Ordinal0 [0x008EAF9B+1093531]
Ordinal0 [0x008EB103+1093891]
Ordinal0 [0x008EA095+1089685]
BaseThreadInitThunk [0x74C26359+25]
RtlGetAppContainerNamedObjectPath [0x770D7B74+228]
RtlGetAppContainerNamedObjectPath [0x770D7B44+180]

at org.openqa.selenium.remote.W3CHandshakeResponse.lambda$errorHandler$0(W3CHandshakeResponse.java:62)
at org.openqa.selenium.remote.HandshakeResponse.lambda$getResponseFunction$0(HandshakeResponse.java:30)
at org.openqa.selenium.remote.ProtocolHandshake.lambda$createSession$0(ProtocolHandshake.java:126)
at java.util.stream.ReferencePipeline$3$1.accept(ReferencePipeline.java:193)
at java.util.Spliterators$ArraySpliterator.tryAdvance(Spliterators.java:958)
at java.util.stream.ReferencePipeline.forEachWithCancel(ReferencePipeline.java:126)
at java.util.stream.AbstractPipeline.copyIntoWithCancel(AbstractPipeline.java:498)
at java.util.stream.AbstractPipeline.copyInto(AbstractPipeline.java:485)
at java.util.stream.AbstractPipeline.wrapAndCopyInto(AbstractPipeline.java:471)
at java.util.stream.FindOps$FindOp.evaluateSequential(FindOps.java:152)
at java.util.stream.AbstractPipeline.evaluate(AbstractPipeline.java:234)
at java.util.stream.ReferencePipeline.findFirst(ReferencePipeline.java:464)
at org.openqa.selenium.remote.ProtocolHandshake.createSession(ProtocolHandshake.java:128)
at org.openqa.selenium.remote.ProtocolHandshake.createSession(ProtocolHandshake.java:74)
at org.openqa.selenium.remote.HttpCommandExecutor.execute(HttpCommandExecutor.java:136)
at org.openqa.selenium.remote.service.DriverCommandExecutor.execute(DriverCommandExecutor.java:83)
at org.openqa.selenium.remote.RemoteWebDriver.execute(RemoteWebDriver.java:552)
at org.openqa.selenium.remote.RemoteWebDriver.startSession(RemoteWebDriver.java:213)
at org.openqa.selenium.remote.RemoteWebDriver.<init>(RemoteWebDriver.java:131)
at org.openqa.selenium.chrome.ChromeDriver.<init>(ChromeDriver.java:181)
at org.openqa.selenium.chrome.ChromeDriver.<init>(ChromeDriver.java:168)
at org.openqa.selenium.chrome.ChromeDriver.<init>(ChromeDriver.java:123)
at com.citibank.qa.base.TestBase.initialization(TestBase.java:45)
at com.citibank.qa.testcase.TestCase.setUp(TestCase.java:22)
... Removed 41 stack frames]]>
    </failure>
  </testcase> <!-- @BeforeMethod setUp -->
  <testcase name="@AfterMethod closeBrowser" time="0.0" classname="com.citibank.qa.testcase.TestCase">
    <skipped/>
  </testcase> <!-- @AfterMethod closeBrowser -->
  <testcase name="@BeforeMethod setUp" time="0.0" classname="com.citibank.qa.testcase.TestCase">
    <skipped/>
  </testcase> <!-- @BeforeMethod setUp -->
  <testcase name="@AfterMethod closeBrowser" time="0.0" classname="com.citibank.qa.testcase.TestCase">
    <skipped/>
  </testcase> <!-- @AfterMethod closeBrowser -->
  <testcase name="@BeforeMethod setUp" time="0.0" classname="com.citibank.qa.testcase.TestCase">
    <skipped/>
  </testcase> <!-- @BeforeMethod setUp -->
  <testcase name="@AfterMethod closeBrowser" time="0.0" classname="com.citibank.qa.testcase.TestCase">
    <skipped/>
  </testcase> <!-- @AfterMethod closeBrowser -->
  <testcase name="@BeforeMethod setUp" time="0.0" classname="com.citibank.qa.testcase.TestCase">
    <skipped/>
  </testcase> <!-- @BeforeMethod setUp -->
  <testcase name="@AfterMethod closeBrowser" time="0.0" classname="com.citibank.qa.testcase.TestCase">
    <skipped/>
  </testcase> <!-- @AfterMethod closeBrowser -->
  <testcase name="@BeforeMethod setUp" time="0.0" classname="com.citibank.qa.testcase.TestCase">
    <skipped/>
  </testcase> <!-- @BeforeMethod setUp -->
  <testcase name="@AfterMethod closeBrowser" time="0.0" classname="com.citibank.qa.testcase.TestCase">
    <skipped/>
  </testcase> <!-- @AfterMethod closeBrowser -->
  <testcase name="@BeforeMethod setUp" time="0.0" classname="com.citibank.qa.testcase.TestCase">
    <skipped/>
  </testcase> <!-- @BeforeMethod setUp -->
  <testcase name="@AfterMethod closeBrowser" time="0.0" classname="com.citibank.qa.testcase.TestCase">
    <skipped/>
  </testcase> <!-- @AfterMethod closeBrowser -->
  <testcase name="@BeforeMethod setUp" time="0.0" classname="com.citibank.qa.testcase.TestCase">
    <skipped/>
  </testcase> <!-- @BeforeMethod setUp -->
  <testcase name="@AfterMethod closeBrowser" time="0.0" classname="com.citibank.qa.testcase.TestCase">
    <skipped/>
  </testcase> <!-- @AfterMethod closeBrowser -->
  <testcase name="searchingText" time="8.529" classname="com.citibank.qa.testcase.TestCase"/>
  <testcase name="titleValidation" time="0.574" classname="com.citibank.qa.testcase.TestCase"/>
  <testcase name="validationSearchText" time="3.068" classname="com.citibank.qa.testcase.TestCase"/>
  <testcase name="citiLogoValidation" time="2.721" classname="com.citibank.qa.testcase.TestCase"/>
  <testcase name="rememberUidLabel" time="4.262" classname="com.citibank.qa.testcase.TestCase"/>
  <testcase name="signInBtnDisplayed" time="0.104" classname="com.citibank.qa.testcase.TestCase"/>
  <testcase name="creditCardMessageValidated" time="0.0" classname="com.citibank.qa.testcase.TestCase">
    <skipped/>
  </testcase> <!-- creditCardMessageValidated -->
  <testcase name="creditCardLink" time="0.0" classname="com.citibank.qa.testcase.TestCase">
    <skipped/>
  </testcase> <!-- creditCardLink -->
  <testcase name="atmBranch" time="0.0" classname="com.citibank.qa.testcase.TestCase">
    <skipped/>
  </testcase> <!-- atmBranch -->
  <testcase name="lendingLink" time="0.0" classname="com.citibank.qa.testcase.TestCase">
    <skipped/>
  </testcase> <!-- lendingLink -->
  <testcase name="personalLoan" time="0.0" classname="com.citibank.qa.testcase.TestCase">
    <skipped/>
  </testcase> <!-- personalLoan -->
  <testcase name="mortgageLink" time="0.0" classname="com.citibank.qa.testcase.TestCase">
    <skipped/>
  </testcase> <!-- mortgageLink -->
  <testcase name="homeEquity" time="0.0" classname="com.citibank.qa.testcase.TestCase">
    <skipped/>
  </testcase> <!-- homeEquity -->
</testsuite> <!-- Command line test -->
