<!DOCTYPE html PUBLIC "-//W3C//DTD XHTML 1.1//EN" "http://www.w3.org/TR/xhtml11/DTD/xhtml11.dtd">
<html xmlns="http://www.w3.org/1999/xhtml">
<head>
<meta http-equiv="content-type" content="text/html; charset=UTF-8"/>
<title>TestNG Report</title>
<style type="text/css">table {margin-bottom:10px;border-collapse:collapse;empty-cells:show}th,td {border:1px solid #009;padding:.25em .5em}th {vertical-align:bottom}td {vertical-align:top}table a {font-weight:bold}.stripe td {background-color: #E6EBF9}.num {text-align:right}.passedodd td {background-color: #3F3}.passedeven td {background-color: #0A0}.skippedodd td {background-color: #DDD}.skippedeven td {background-color: #CCC}.failedodd td,.attn {background-color: #F33}.failedeven td,.stripe .attn {background-color: #D00}.stacktrace {white-space:pre;font-family:monospace}.totop {font-size:85%;text-align:center;border-bottom:2px solid #000}.invisible {display:none}</style>
</head>
<body>
<table>
<tr><th>Test</th><th># Passed</th><th># Skipped</th><th># Failed</th><th>Time (ms)</th><th>Included Groups</th><th>Excluded Groups</th></tr>
<tr><th colspan="7">com.citibank.qa.testcase.TestCase</th></tr>
<tr><td><a href="#t0">Command line test</a></td><td class="num">6</td><td class="num attn">7</td><td class="num">0</td><td class="num">148,872</td><td></td><td></td></tr>
</table>
<table id='summary'><thead><tr><th>Class</th><th>Method</th><th>Start</th><th>Time (ms)</th></tr></thead><tbody><tr><th colspan="4">com.citibank.qa.testcase.TestCase</th></tr></tbody><tbody id="t0"><tr><th colspan="4">Command line test &#8212; failed (configuration methods)</th></tr><tr class="failedeven"><td rowspan="1">com.citibank.qa.testcase.TestCase</td><td><a href="#m0">setUp</a></td><td rowspan="1">1575733503009</td><td rowspan="1">15777</td></tr><tr><th colspan="4">Command line test &#8212; skipped (configuration methods)</th></tr><tr class="skippedeven"><td rowspan="13">com.citibank.qa.testcase.TestCase</td><td><a href="#m1">closeBrowser</a></td><td rowspan="7">1575733518801</td><td rowspan="7">0</td></tr><tr class="skippedeven"><td><a href="#m2">closeBrowser</a></td></tr><tr class="skippedeven"><td><a href="#m3">closeBrowser</a></td></tr><tr class="skippedeven"><td><a href="#m4">closeBrowser</a></td></tr><tr class="skippedeven"><td><a href="#m5">closeBrowser</a></td></tr><tr class="skippedeven"><td><a href="#m6">closeBrowser</a></td></tr><tr class="skippedeven"><td><a href="#m7">closeBrowser</a></td></tr><tr class="skippedeven"><td><a href="#m8">setUp</a></td><td rowspan="6">1575733518803</td><td rowspan="6">0</td></tr><tr class="skippedeven"><td><a href="#m9">setUp</a></td></tr><tr class="skippedeven"><td><a href="#m10">setUp</a></td></tr><tr class="skippedeven"><td><a href="#m11">setUp</a></td></tr><tr class="skippedeven"><td><a href="#m12">setUp</a></td></tr><tr class="skippedeven"><td><a href="#m13">setUp</a></td></tr><tr><th colspan="4">Command line test &#8212; skipped</th></tr><tr class="skippedeven"><td rowspan="7">com.citibank.qa.testcase.TestCase</td><td><a href="#m14">atmBranch</a></td><td rowspan="1">1575733518799</td><td rowspan="1">0</td></tr><tr class="skippedeven"><td><a href="#m15">creditCardLink</a></td><td rowspan="1">1575733518797</td><td rowspan="1">0</td></tr><tr class="skippedeven"><td><a href="#m16">creditCardMessageValidated</a></td><td rowspan="1">1575733518795</td><td rowspan="1">0</td></tr><tr class="skippedeven"><td><a href="#m17">homeEquity</a></td><td rowspan="1">1575733518805</td><td rowspan="1">0</td></tr><tr class="skippedeven"><td><a href="#m18">lendingLink</a></td><td rowspan="1">1575733518801</td><td rowspan="1">0</td></tr><tr class="skippedeven"><td><a href="#m19">mortgageLink</a></td><td rowspan="1">1575733518804</td><td rowspan="1">0</td></tr><tr class="skippedeven"><td><a href="#m20">personalLoan</a></td><td rowspan="1">1575733518803</td><td rowspan="1">0</td></tr><tr><th colspan="4">Command line test &#8212; passed</th></tr><tr class="passedeven"><td rowspan="6">com.citibank.qa.testcase.TestCase</td><td><a href="#m21">citiLogoValidation</a></td><td rowspan="1">1575733455272</td><td rowspan="1">2721</td></tr><tr class="passedeven"><td><a href="#m22">rememberUidLabel</a></td><td rowspan="1">1575733474922</td><td rowspan="1">4262</td></tr><tr class="passedeven"><td><a href="#m23">searchingText</a></td><td rowspan="1">1575733388913</td><td rowspan="1">8529</td></tr><tr class="passedeven"><td><a href="#m24">signInBtnDisplayed</a></td><td rowspan="1">1575733501984</td><td rowspan="1">104</td></tr><tr class="passedeven"><td><a href="#m25">titleValidation</a></td><td rowspan="1">1575733418000</td><td rowspan="1">574</td></tr><tr class="passedeven"><td><a href="#m26">validationSearchText</a></td><td rowspan="1">1575733435729</td><td rowspan="1">3068</td></tr></tbody>
</table>
<h2>Command line test</h2><h3 id="m0">com.citibank.qa.testcase.TestCase#setUp</h3><table class="result"><tr><th>Exception</th></tr><tr><td><div class="stacktrace">org.openqa.selenium.SessionNotCreatedException: session not created
from chrome not reachable
  (Session info: chrome=78.0.3904.108)
Build info: version: &apos;3.141.59&apos;, revision: &apos;e82be7d358&apos;, time: &apos;2018-11-14T08:17:03&apos;
System info: host: &apos;DESKTOP-CG5HG66&apos;, ip: &apos;192.168.0.125&apos;, os.name: &apos;Windows 10&apos;, os.arch: &apos;amd64&apos;, os.version: &apos;10.0&apos;, java.version: &apos;1.8.0_191&apos;
Driver info: driver.version: ChromeDriver
remote stacktrace: Backtrace:
	Ordinal0 [0x0094EB13+1501971]
	Ordinal0 [0x008CF6D1+980689]
	Ordinal0 [0x00857508+488712]
	Ordinal0 [0x0085131A+463642]
	Ordinal0 [0x008519C8+465352]
	Ordinal0 [0x00852AA5+469669]
	Ordinal0 [0x0084EC85+453765]
	Ordinal0 [0x00858330+492336]
	Ordinal0 [0x0080A108+172296]
	Ordinal0 [0x0080942D+169005]
	Ordinal0 [0x008078EB+162027]
	Ordinal0 [0x007F0AC7+68295]
	Ordinal0 [0x007F1B40+72512]
	Ordinal0 [0x007F1AD9+72409]
	Ordinal0 [0x008E8F37+1085239]
	GetHandleVerifier [0x009ED7ED+503293]
	GetHandleVerifier [0x009ED580+502672]
	GetHandleVerifier [0x009F46AC+531644]
	GetHandleVerifier [0x009EDFFA+505354]
	Ordinal0 [0x008E0606+1050118]
	Ordinal0 [0x008E047F+1049727]
	Ordinal0 [0x008EAF9B+1093531]
	Ordinal0 [0x008EB103+1093891]
	Ordinal0 [0x008EA095+1089685]
	BaseThreadInitThunk [0x74C26359+25]
	RtlGetAppContainerNamedObjectPath [0x770D7B74+228]
	RtlGetAppContainerNamedObjectPath [0x770D7B44+180]

	at org.openqa.selenium.remote.W3CHandshakeResponse.lambda$errorHandler$0(W3CHandshakeResponse.java:62)
	at org.openqa.selenium.remote.HandshakeResponse.lambda$getResponseFunction$0(HandshakeResponse.java:30)
	at org.openqa.selenium.remote.ProtocolHandshake.lambda$createSession$0(ProtocolHandshake.java:126)
	at java.util.stream.ReferencePipeline$3$1.accept(ReferencePipeline.java:193)
	at java.util.Spliterators$ArraySpliterator.tryAdvance(Spliterators.java:958)
	at java.util.stream.ReferencePipeline.forEachWithCancel(ReferencePipeline.java:126)
	at java.util.stream.AbstractPipeline.copyIntoWithCancel(AbstractPipeline.java:498)
	at java.util.stream.AbstractPipeline.copyInto(AbstractPipeline.java:485)
	at java.util.stream.AbstractPipeline.wrapAndCopyInto(AbstractPipeline.java:471)
	at java.util.stream.FindOps$FindOp.evaluateSequential(FindOps.java:152)
	at java.util.stream.AbstractPipeline.evaluate(AbstractPipeline.java:234)
	at java.util.stream.ReferencePipeline.findFirst(ReferencePipeline.java:464)
	at org.openqa.selenium.remote.ProtocolHandshake.createSession(ProtocolHandshake.java:128)
	at org.openqa.selenium.remote.ProtocolHandshake.createSession(ProtocolHandshake.java:74)
	at org.openqa.selenium.remote.HttpCommandExecutor.execute(HttpCommandExecutor.java:136)
	at org.openqa.selenium.remote.service.DriverCommandExecutor.execute(DriverCommandExecutor.java:83)
	at org.openqa.selenium.remote.RemoteWebDriver.execute(RemoteWebDriver.java:552)
	at org.openqa.selenium.remote.RemoteWebDriver.startSession(RemoteWebDriver.java:213)
	at org.openqa.selenium.remote.RemoteWebDriver.&lt;init&gt;(RemoteWebDriver.java:131)
	at org.openqa.selenium.chrome.ChromeDriver.&lt;init&gt;(ChromeDriver.java:181)
	at org.openqa.selenium.chrome.ChromeDriver.&lt;init&gt;(ChromeDriver.java:168)
	at org.openqa.selenium.chrome.ChromeDriver.&lt;init&gt;(ChromeDriver.java:123)
	at com.citibank.qa.base.TestBase.initialization(TestBase.java:45)
	at com.citibank.qa.testcase.TestCase.setUp(TestCase.java:22)
... Removed 41 stack frames</div></td></tr></table><p class="totop"><a href="#summary">back to summary</a></p>
<h3 id="m1">com.citibank.qa.testcase.TestCase#closeBrowser</h3><table class="result"><tr><th class="invisible"/></tr></table><p class="totop"><a href="#summary">back to summary</a></p>
<h3 id="m2">com.citibank.qa.testcase.TestCase#closeBrowser</h3><table class="result"><tr><th class="invisible"/></tr></table><p class="totop"><a href="#summary">back to summary</a></p>
<h3 id="m3">com.citibank.qa.testcase.TestCase#closeBrowser</h3><table class="result"><tr><th class="invisible"/></tr></table><p class="totop"><a href="#summary">back to summary</a></p>
<h3 id="m4">com.citibank.qa.testcase.TestCase#closeBrowser</h3><table class="result"><tr><th class="invisible"/></tr></table><p class="totop"><a href="#summary">back to summary</a></p>
<h3 id="m5">com.citibank.qa.testcase.TestCase#closeBrowser</h3><table class="result"><tr><th class="invisible"/></tr></table><p class="totop"><a href="#summary">back to summary</a></p>
<h3 id="m6">com.citibank.qa.testcase.TestCase#closeBrowser</h3><table class="result"><tr><th class="invisible"/></tr></table><p class="totop"><a href="#summary">back to summary</a></p>
<h3 id="m7">com.citibank.qa.testcase.TestCase#closeBrowser</h3><table class="result"><tr><th class="invisible"/></tr></table><p class="totop"><a href="#summary">back to summary</a></p>
<h3 id="m8">com.citibank.qa.testcase.TestCase#setUp</h3><table class="result"><tr><th class="invisible"/></tr></table><p class="totop"><a href="#summary">back to summary</a></p>
<h3 id="m9">com.citibank.qa.testcase.TestCase#setUp</h3><table class="result"><tr><th class="invisible"/></tr></table><p class="totop"><a href="#summary">back to summary</a></p>
<h3 id="m10">com.citibank.qa.testcase.TestCase#setUp</h3><table class="result"><tr><th class="invisible"/></tr></table><p class="totop"><a href="#summary">back to summary</a></p>
<h3 id="m11">com.citibank.qa.testcase.TestCase#setUp</h3><table class="result"><tr><th class="invisible"/></tr></table><p class="totop"><a href="#summary">back to summary</a></p>
<h3 id="m12">com.citibank.qa.testcase.TestCase#setUp</h3><table class="result"><tr><th class="invisible"/></tr></table><p class="totop"><a href="#summary">back to summary</a></p>
<h3 id="m13">com.citibank.qa.testcase.TestCase#setUp</h3><table class="result"><tr><th class="invisible"/></tr></table><p class="totop"><a href="#summary">back to summary</a></p>
<h3 id="m14">com.citibank.qa.testcase.TestCase#atmBranch</h3><table class="result"><tr><th>Exception</th></tr><tr><td><div class="stacktrace">org.openqa.selenium.SessionNotCreatedException: session not created
from chrome not reachable
  (Session info: chrome=78.0.3904.108)
Build info: version: &apos;3.141.59&apos;, revision: &apos;e82be7d358&apos;, time: &apos;2018-11-14T08:17:03&apos;
System info: host: &apos;DESKTOP-CG5HG66&apos;, ip: &apos;192.168.0.125&apos;, os.name: &apos;Windows 10&apos;, os.arch: &apos;amd64&apos;, os.version: &apos;10.0&apos;, java.version: &apos;1.8.0_191&apos;
Driver info: driver.version: ChromeDriver
remote stacktrace: Backtrace:
	Ordinal0 [0x0094EB13+1501971]
	Ordinal0 [0x008CF6D1+980689]
	Ordinal0 [0x00857508+488712]
	Ordinal0 [0x0085131A+463642]
	Ordinal0 [0x008519C8+465352]
	Ordinal0 [0x00852AA5+469669]
	Ordinal0 [0x0084EC85+453765]
	Ordinal0 [0x00858330+492336]
	Ordinal0 [0x0080A108+172296]
	Ordinal0 [0x0080942D+169005]
	Ordinal0 [0x008078EB+162027]
	Ordinal0 [0x007F0AC7+68295]
	Ordinal0 [0x007F1B40+72512]
	Ordinal0 [0x007F1AD9+72409]
	Ordinal0 [0x008E8F37+1085239]
	GetHandleVerifier [0x009ED7ED+503293]
	GetHandleVerifier [0x009ED580+502672]
	GetHandleVerifier [0x009F46AC+531644]
	GetHandleVerifier [0x009EDFFA+505354]
	Ordinal0 [0x008E0606+1050118]
	Ordinal0 [0x008E047F+1049727]
	Ordinal0 [0x008EAF9B+1093531]
	Ordinal0 [0x008EB103+1093891]
	Ordinal0 [0x008EA095+1089685]
	BaseThreadInitThunk [0x74C26359+25]
	RtlGetAppContainerNamedObjectPath [0x770D7B74+228]
	RtlGetAppContainerNamedObjectPath [0x770D7B44+180]

	at org.openqa.selenium.remote.W3CHandshakeResponse.lambda$errorHandler$0(W3CHandshakeResponse.java:62)
	at org.openqa.selenium.remote.HandshakeResponse.lambda$getResponseFunction$0(HandshakeResponse.java:30)
	at org.openqa.selenium.remote.ProtocolHandshake.lambda$createSession$0(ProtocolHandshake.java:126)
	at java.util.stream.ReferencePipeline$3$1.accept(ReferencePipeline.java:193)
	at java.util.Spliterators$ArraySpliterator.tryAdvance(Spliterators.java:958)
	at java.util.stream.ReferencePipeline.forEachWithCancel(ReferencePipeline.java:126)
	at java.util.stream.AbstractPipeline.copyIntoWithCancel(AbstractPipeline.java:498)
	at java.util.stream.AbstractPipeline.copyInto(AbstractPipeline.java:485)
	at java.util.stream.AbstractPipeline.wrapAndCopyInto(AbstractPipeline.java:471)
	at java.util.stream.FindOps$FindOp.evaluateSequential(FindOps.java:152)
	at java.util.stream.AbstractPipeline.evaluate(AbstractPipeline.java:234)
	at java.util.stream.ReferencePipeline.findFirst(ReferencePipeline.java:464)
	at org.openqa.selenium.remote.ProtocolHandshake.createSession(ProtocolHandshake.java:128)
	at org.openqa.selenium.remote.ProtocolHandshake.createSession(ProtocolHandshake.java:74)
	at org.openqa.selenium.remote.HttpCommandExecutor.execute(HttpCommandExecutor.java:136)
	at org.openqa.selenium.remote.service.DriverCommandExecutor.execute(DriverCommandExecutor.java:83)
	at org.openqa.selenium.remote.RemoteWebDriver.execute(RemoteWebDriver.java:552)
	at org.openqa.selenium.remote.RemoteWebDriver.startSession(RemoteWebDriver.java:213)
	at org.openqa.selenium.remote.RemoteWebDriver.&lt;init&gt;(RemoteWebDriver.java:131)
	at org.openqa.selenium.chrome.ChromeDriver.&lt;init&gt;(ChromeDriver.java:181)
	at org.openqa.selenium.chrome.ChromeDriver.&lt;init&gt;(ChromeDriver.java:168)
	at org.openqa.selenium.chrome.ChromeDriver.&lt;init&gt;(ChromeDriver.java:123)
	at com.citibank.qa.base.TestBase.initialization(TestBase.java:45)
	at com.citibank.qa.testcase.TestCase.setUp(TestCase.java:22)
... Removed 41 stack frames</div></td></tr></table><p class="totop"><a href="#summary">back to summary</a></p>
<h3 id="m15">com.citibank.qa.testcase.TestCase#creditCardLink</h3><table class="result"><tr><th>Exception</th></tr><tr><td><div class="stacktrace">org.openqa.selenium.SessionNotCreatedException: session not created
from chrome not reachable
  (Session info: chrome=78.0.3904.108)
Build info: version: &apos;3.141.59&apos;, revision: &apos;e82be7d358&apos;, time: &apos;2018-11-14T08:17:03&apos;
System info: host: &apos;DESKTOP-CG5HG66&apos;, ip: &apos;192.168.0.125&apos;, os.name: &apos;Windows 10&apos;, os.arch: &apos;amd64&apos;, os.version: &apos;10.0&apos;, java.version: &apos;1.8.0_191&apos;
Driver info: driver.version: ChromeDriver
remote stacktrace: Backtrace:
	Ordinal0 [0x0094EB13+1501971]
	Ordinal0 [0x008CF6D1+980689]
	Ordinal0 [0x00857508+488712]
	Ordinal0 [0x0085131A+463642]
	Ordinal0 [0x008519C8+465352]
	Ordinal0 [0x00852AA5+469669]
	Ordinal0 [0x0084EC85+453765]
	Ordinal0 [0x00858330+492336]
	Ordinal0 [0x0080A108+172296]
	Ordinal0 [0x0080942D+169005]
	Ordinal0 [0x008078EB+162027]
	Ordinal0 [0x007F0AC7+68295]
	Ordinal0 [0x007F1B40+72512]
	Ordinal0 [0x007F1AD9+72409]
	Ordinal0 [0x008E8F37+1085239]
	GetHandleVerifier [0x009ED7ED+503293]
	GetHandleVerifier [0x009ED580+502672]
	GetHandleVerifier [0x009F46AC+531644]
	GetHandleVerifier [0x009EDFFA+505354]
	Ordinal0 [0x008E0606+1050118]
	Ordinal0 [0x008E047F+1049727]
	Ordinal0 [0x008EAF9B+1093531]
	Ordinal0 [0x008EB103+1093891]
	Ordinal0 [0x008EA095+1089685]
	BaseThreadInitThunk [0x74C26359+25]
	RtlGetAppContainerNamedObjectPath [0x770D7B74+228]
	RtlGetAppContainerNamedObjectPath [0x770D7B44+180]

	at org.openqa.selenium.remote.W3CHandshakeResponse.lambda$errorHandler$0(W3CHandshakeResponse.java:62)
	at org.openqa.selenium.remote.HandshakeResponse.lambda$getResponseFunction$0(HandshakeResponse.java:30)
	at org.openqa.selenium.remote.ProtocolHandshake.lambda$createSession$0(ProtocolHandshake.java:126)
	at java.util.stream.ReferencePipeline$3$1.accept(ReferencePipeline.java:193)
	at java.util.Spliterators$ArraySpliterator.tryAdvance(Spliterators.java:958)
	at java.util.stream.ReferencePipeline.forEachWithCancel(ReferencePipeline.java:126)
	at java.util.stream.AbstractPipeline.copyIntoWithCancel(AbstractPipeline.java:498)
	at java.util.stream.AbstractPipeline.copyInto(AbstractPipeline.java:485)
	at java.util.stream.AbstractPipeline.wrapAndCopyInto(AbstractPipeline.java:471)
	at java.util.stream.FindOps$FindOp.evaluateSequential(FindOps.java:152)
	at java.util.stream.AbstractPipeline.evaluate(AbstractPipeline.java:234)
	at java.util.stream.ReferencePipeline.findFirst(ReferencePipeline.java:464)
	at org.openqa.selenium.remote.ProtocolHandshake.createSession(ProtocolHandshake.java:128)
	at org.openqa.selenium.remote.ProtocolHandshake.createSession(ProtocolHandshake.java:74)
	at org.openqa.selenium.remote.HttpCommandExecutor.execute(HttpCommandExecutor.java:136)
	at org.openqa.selenium.remote.service.DriverCommandExecutor.execute(DriverCommandExecutor.java:83)
	at org.openqa.selenium.remote.RemoteWebDriver.execute(RemoteWebDriver.java:552)
	at org.openqa.selenium.remote.RemoteWebDriver.startSession(RemoteWebDriver.java:213)
	at org.openqa.selenium.remote.RemoteWebDriver.&lt;init&gt;(RemoteWebDriver.java:131)
	at org.openqa.selenium.chrome.ChromeDriver.&lt;init&gt;(ChromeDriver.java:181)
	at org.openqa.selenium.chrome.ChromeDriver.&lt;init&gt;(ChromeDriver.java:168)
	at org.openqa.selenium.chrome.ChromeDriver.&lt;init&gt;(ChromeDriver.java:123)
	at com.citibank.qa.base.TestBase.initialization(TestBase.java:45)
	at com.citibank.qa.testcase.TestCase.setUp(TestCase.java:22)
... Removed 41 stack frames</div></td></tr></table><p class="totop"><a href="#summary">back to summary</a></p>
<h3 id="m16">com.citibank.qa.testcase.TestCase#creditCardMessageValidated</h3><table class="result"><tr><th>Exception</th></tr><tr><td><div class="stacktrace">org.openqa.selenium.SessionNotCreatedException: session not created
from chrome not reachable
  (Session info: chrome=78.0.3904.108)
Build info: version: &apos;3.141.59&apos;, revision: &apos;e82be7d358&apos;, time: &apos;2018-11-14T08:17:03&apos;
System info: host: &apos;DESKTOP-CG5HG66&apos;, ip: &apos;192.168.0.125&apos;, os.name: &apos;Windows 10&apos;, os.arch: &apos;amd64&apos;, os.version: &apos;10.0&apos;, java.version: &apos;1.8.0_191&apos;
Driver info: driver.version: ChromeDriver
remote stacktrace: Backtrace:
	Ordinal0 [0x0094EB13+1501971]
	Ordinal0 [0x008CF6D1+980689]
	Ordinal0 [0x00857508+488712]
	Ordinal0 [0x0085131A+463642]
	Ordinal0 [0x008519C8+465352]
	Ordinal0 [0x00852AA5+469669]
	Ordinal0 [0x0084EC85+453765]
	Ordinal0 [0x00858330+492336]
	Ordinal0 [0x0080A108+172296]
	Ordinal0 [0x0080942D+169005]
	Ordinal0 [0x008078EB+162027]
	Ordinal0 [0x007F0AC7+68295]
	Ordinal0 [0x007F1B40+72512]
	Ordinal0 [0x007F1AD9+72409]
	Ordinal0 [0x008E8F37+1085239]
	GetHandleVerifier [0x009ED7ED+503293]
	GetHandleVerifier [0x009ED580+502672]
	GetHandleVerifier [0x009F46AC+531644]
	GetHandleVerifier [0x009EDFFA+505354]
	Ordinal0 [0x008E0606+1050118]
	Ordinal0 [0x008E047F+1049727]
	Ordinal0 [0x008EAF9B+1093531]
	Ordinal0 [0x008EB103+1093891]
	Ordinal0 [0x008EA095+1089685]
	BaseThreadInitThunk [0x74C26359+25]
	RtlGetAppContainerNamedObjectPath [0x770D7B74+228]
	RtlGetAppContainerNamedObjectPath [0x770D7B44+180]

	at org.openqa.selenium.remote.W3CHandshakeResponse.lambda$errorHandler$0(W3CHandshakeResponse.java:62)
	at org.openqa.selenium.remote.HandshakeResponse.lambda$getResponseFunction$0(HandshakeResponse.java:30)
	at org.openqa.selenium.remote.ProtocolHandshake.lambda$createSession$0(ProtocolHandshake.java:126)
	at java.util.stream.ReferencePipeline$3$1.accept(ReferencePipeline.java:193)
	at java.util.Spliterators$ArraySpliterator.tryAdvance(Spliterators.java:958)
	at java.util.stream.ReferencePipeline.forEachWithCancel(ReferencePipeline.java:126)
	at java.util.stream.AbstractPipeline.copyIntoWithCancel(AbstractPipeline.java:498)
	at java.util.stream.AbstractPipeline.copyInto(AbstractPipeline.java:485)
	at java.util.stream.AbstractPipeline.wrapAndCopyInto(AbstractPipeline.java:471)
	at java.util.stream.FindOps$FindOp.evaluateSequential(FindOps.java:152)
	at java.util.stream.AbstractPipeline.evaluate(AbstractPipeline.java:234)
	at java.util.stream.ReferencePipeline.findFirst(ReferencePipeline.java:464)
	at org.openqa.selenium.remote.ProtocolHandshake.createSession(ProtocolHandshake.java:128)
	at org.openqa.selenium.remote.ProtocolHandshake.createSession(ProtocolHandshake.java:74)
	at org.openqa.selenium.remote.HttpCommandExecutor.execute(HttpCommandExecutor.java:136)
	at org.openqa.selenium.remote.service.DriverCommandExecutor.execute(DriverCommandExecutor.java:83)
	at org.openqa.selenium.remote.RemoteWebDriver.execute(RemoteWebDriver.java:552)
	at org.openqa.selenium.remote.RemoteWebDriver.startSession(RemoteWebDriver.java:213)
	at org.openqa.selenium.remote.RemoteWebDriver.&lt;init&gt;(RemoteWebDriver.java:131)
	at org.openqa.selenium.chrome.ChromeDriver.&lt;init&gt;(ChromeDriver.java:181)
	at org.openqa.selenium.chrome.ChromeDriver.&lt;init&gt;(ChromeDriver.java:168)
	at org.openqa.selenium.chrome.ChromeDriver.&lt;init&gt;(ChromeDriver.java:123)
	at com.citibank.qa.base.TestBase.initialization(TestBase.java:45)
	at com.citibank.qa.testcase.TestCase.setUp(TestCase.java:22)
... Removed 41 stack frames</div></td></tr></table><p class="totop"><a href="#summary">back to summary</a></p>
<h3 id="m17">com.citibank.qa.testcase.TestCase#homeEquity</h3><table class="result"><tr><th>Exception</th></tr><tr><td><div class="stacktrace">org.openqa.selenium.SessionNotCreatedException: session not created
from chrome not reachable
  (Session info: chrome=78.0.3904.108)
Build info: version: &apos;3.141.59&apos;, revision: &apos;e82be7d358&apos;, time: &apos;2018-11-14T08:17:03&apos;
System info: host: &apos;DESKTOP-CG5HG66&apos;, ip: &apos;192.168.0.125&apos;, os.name: &apos;Windows 10&apos;, os.arch: &apos;amd64&apos;, os.version: &apos;10.0&apos;, java.version: &apos;1.8.0_191&apos;
Driver info: driver.version: ChromeDriver
remote stacktrace: Backtrace:
	Ordinal0 [0x0094EB13+1501971]
	Ordinal0 [0x008CF6D1+980689]
	Ordinal0 [0x00857508+488712]
	Ordinal0 [0x0085131A+463642]
	Ordinal0 [0x008519C8+465352]
	Ordinal0 [0x00852AA5+469669]
	Ordinal0 [0x0084EC85+453765]
	Ordinal0 [0x00858330+492336]
	Ordinal0 [0x0080A108+172296]
	Ordinal0 [0x0080942D+169005]
	Ordinal0 [0x008078EB+162027]
	Ordinal0 [0x007F0AC7+68295]
	Ordinal0 [0x007F1B40+72512]
	Ordinal0 [0x007F1AD9+72409]
	Ordinal0 [0x008E8F37+1085239]
	GetHandleVerifier [0x009ED7ED+503293]
	GetHandleVerifier [0x009ED580+502672]
	GetHandleVerifier [0x009F46AC+531644]
	GetHandleVerifier [0x009EDFFA+505354]
	Ordinal0 [0x008E0606+1050118]
	Ordinal0 [0x008E047F+1049727]
	Ordinal0 [0x008EAF9B+1093531]
	Ordinal0 [0x008EB103+1093891]
	Ordinal0 [0x008EA095+1089685]
	BaseThreadInitThunk [0x74C26359+25]
	RtlGetAppContainerNamedObjectPath [0x770D7B74+228]
	RtlGetAppContainerNamedObjectPath [0x770D7B44+180]

	at org.openqa.selenium.remote.W3CHandshakeResponse.lambda$errorHandler$0(W3CHandshakeResponse.java:62)
	at org.openqa.selenium.remote.HandshakeResponse.lambda$getResponseFunction$0(HandshakeResponse.java:30)
	at org.openqa.selenium.remote.ProtocolHandshake.lambda$createSession$0(ProtocolHandshake.java:126)
	at java.util.stream.ReferencePipeline$3$1.accept(ReferencePipeline.java:193)
	at java.util.Spliterators$ArraySpliterator.tryAdvance(Spliterators.java:958)
	at java.util.stream.ReferencePipeline.forEachWithCancel(ReferencePipeline.java:126)
	at java.util.stream.AbstractPipeline.copyIntoWithCancel(AbstractPipeline.java:498)
	at java.util.stream.AbstractPipeline.copyInto(AbstractPipeline.java:485)
	at java.util.stream.AbstractPipeline.wrapAndCopyInto(AbstractPipeline.java:471)
	at java.util.stream.FindOps$FindOp.evaluateSequential(FindOps.java:152)
	at java.util.stream.AbstractPipeline.evaluate(AbstractPipeline.java:234)
	at java.util.stream.ReferencePipeline.findFirst(ReferencePipeline.java:464)
	at org.openqa.selenium.remote.ProtocolHandshake.createSession(ProtocolHandshake.java:128)
	at org.openqa.selenium.remote.ProtocolHandshake.createSession(ProtocolHandshake.java:74)
	at org.openqa.selenium.remote.HttpCommandExecutor.execute(HttpCommandExecutor.java:136)
	at org.openqa.selenium.remote.service.DriverCommandExecutor.execute(DriverCommandExecutor.java:83)
	at org.openqa.selenium.remote.RemoteWebDriver.execute(RemoteWebDriver.java:552)
	at org.openqa.selenium.remote.RemoteWebDriver.startSession(RemoteWebDriver.java:213)
	at org.openqa.selenium.remote.RemoteWebDriver.&lt;init&gt;(RemoteWebDriver.java:131)
	at org.openqa.selenium.chrome.ChromeDriver.&lt;init&gt;(ChromeDriver.java:181)
	at org.openqa.selenium.chrome.ChromeDriver.&lt;init&gt;(ChromeDriver.java:168)
	at org.openqa.selenium.chrome.ChromeDriver.&lt;init&gt;(ChromeDriver.java:123)
	at com.citibank.qa.base.TestBase.initialization(TestBase.java:45)
	at com.citibank.qa.testcase.TestCase.setUp(TestCase.java:22)
... Removed 41 stack frames</div></td></tr></table><p class="totop"><a href="#summary">back to summary</a></p>
<h3 id="m18">com.citibank.qa.testcase.TestCase#lendingLink</h3><table class="result"><tr><th>Exception</th></tr><tr><td><div class="stacktrace">org.openqa.selenium.SessionNotCreatedException: session not created
from chrome not reachable
  (Session info: chrome=78.0.3904.108)
Build info: version: &apos;3.141.59&apos;, revision: &apos;e82be7d358&apos;, time: &apos;2018-11-14T08:17:03&apos;
System info: host: &apos;DESKTOP-CG5HG66&apos;, ip: &apos;192.168.0.125&apos;, os.name: &apos;Windows 10&apos;, os.arch: &apos;amd64&apos;, os.version: &apos;10.0&apos;, java.version: &apos;1.8.0_191&apos;
Driver info: driver.version: ChromeDriver
remote stacktrace: Backtrace:
	Ordinal0 [0x0094EB13+1501971]
	Ordinal0 [0x008CF6D1+980689]
	Ordinal0 [0x00857508+488712]
	Ordinal0 [0x0085131A+463642]
	Ordinal0 [0x008519C8+465352]
	Ordinal0 [0x00852AA5+469669]
	Ordinal0 [0x0084EC85+453765]
	Ordinal0 [0x00858330+492336]
	Ordinal0 [0x0080A108+172296]
	Ordinal0 [0x0080942D+169005]
	Ordinal0 [0x008078EB+162027]
	Ordinal0 [0x007F0AC7+68295]
	Ordinal0 [0x007F1B40+72512]
	Ordinal0 [0x007F1AD9+72409]
	Ordinal0 [0x008E8F37+1085239]
	GetHandleVerifier [0x009ED7ED+503293]
	GetHandleVerifier [0x009ED580+502672]
	GetHandleVerifier [0x009F46AC+531644]
	GetHandleVerifier [0x009EDFFA+505354]
	Ordinal0 [0x008E0606+1050118]
	Ordinal0 [0x008E047F+1049727]
	Ordinal0 [0x008EAF9B+1093531]
	Ordinal0 [0x008EB103+1093891]
	Ordinal0 [0x008EA095+1089685]
	BaseThreadInitThunk [0x74C26359+25]
	RtlGetAppContainerNamedObjectPath [0x770D7B74+228]
	RtlGetAppContainerNamedObjectPath [0x770D7B44+180]

	at org.openqa.selenium.remote.W3CHandshakeResponse.lambda$errorHandler$0(W3CHandshakeResponse.java:62)
	at org.openqa.selenium.remote.HandshakeResponse.lambda$getResponseFunction$0(HandshakeResponse.java:30)
	at org.openqa.selenium.remote.ProtocolHandshake.lambda$createSession$0(ProtocolHandshake.java:126)
	at java.util.stream.ReferencePipeline$3$1.accept(ReferencePipeline.java:193)
	at java.util.Spliterators$ArraySpliterator.tryAdvance(Spliterators.java:958)
	at java.util.stream.ReferencePipeline.forEachWithCancel(ReferencePipeline.java:126)
	at java.util.stream.AbstractPipeline.copyIntoWithCancel(AbstractPipeline.java:498)
	at java.util.stream.AbstractPipeline.copyInto(AbstractPipeline.java:485)
	at java.util.stream.AbstractPipeline.wrapAndCopyInto(AbstractPipeline.java:471)
	at java.util.stream.FindOps$FindOp.evaluateSequential(FindOps.java:152)
	at java.util.stream.AbstractPipeline.evaluate(AbstractPipeline.java:234)
	at java.util.stream.ReferencePipeline.findFirst(ReferencePipeline.java:464)
	at org.openqa.selenium.remote.ProtocolHandshake.createSession(ProtocolHandshake.java:128)
	at org.openqa.selenium.remote.ProtocolHandshake.createSession(ProtocolHandshake.java:74)
	at org.openqa.selenium.remote.HttpCommandExecutor.execute(HttpCommandExecutor.java:136)
	at org.openqa.selenium.remote.service.DriverCommandExecutor.execute(DriverCommandExecutor.java:83)
	at org.openqa.selenium.remote.RemoteWebDriver.execute(RemoteWebDriver.java:552)
	at org.openqa.selenium.remote.RemoteWebDriver.startSession(RemoteWebDriver.java:213)
	at org.openqa.selenium.remote.RemoteWebDriver.&lt;init&gt;(RemoteWebDriver.java:131)
	at org.openqa.selenium.chrome.ChromeDriver.&lt;init&gt;(ChromeDriver.java:181)
	at org.openqa.selenium.chrome.ChromeDriver.&lt;init&gt;(ChromeDriver.java:168)
	at org.openqa.selenium.chrome.ChromeDriver.&lt;init&gt;(ChromeDriver.java:123)
	at com.citibank.qa.base.TestBase.initialization(TestBase.java:45)
	at com.citibank.qa.testcase.TestCase.setUp(TestCase.java:22)
... Removed 41 stack frames</div></td></tr></table><p class="totop"><a href="#summary">back to summary</a></p>
<h3 id="m19">com.citibank.qa.testcase.TestCase#mortgageLink</h3><table class="result"><tr><th>Exception</th></tr><tr><td><div class="stacktrace">org.openqa.selenium.SessionNotCreatedException: session not created
from chrome not reachable
  (Session info: chrome=78.0.3904.108)
Build info: version: &apos;3.141.59&apos;, revision: &apos;e82be7d358&apos;, time: &apos;2018-11-14T08:17:03&apos;
System info: host: &apos;DESKTOP-CG5HG66&apos;, ip: &apos;192.168.0.125&apos;, os.name: &apos;Windows 10&apos;, os.arch: &apos;amd64&apos;, os.version: &apos;10.0&apos;, java.version: &apos;1.8.0_191&apos;
Driver info: driver.version: ChromeDriver
remote stacktrace: Backtrace:
	Ordinal0 [0x0094EB13+1501971]
	Ordinal0 [0x008CF6D1+980689]
	Ordinal0 [0x00857508+488712]
	Ordinal0 [0x0085131A+463642]
	Ordinal0 [0x008519C8+465352]
	Ordinal0 [0x00852AA5+469669]
	Ordinal0 [0x0084EC85+453765]
	Ordinal0 [0x00858330+492336]
	Ordinal0 [0x0080A108+172296]
	Ordinal0 [0x0080942D+169005]
	Ordinal0 [0x008078EB+162027]
	Ordinal0 [0x007F0AC7+68295]
	Ordinal0 [0x007F1B40+72512]
	Ordinal0 [0x007F1AD9+72409]
	Ordinal0 [0x008E8F37+1085239]
	GetHandleVerifier [0x009ED7ED+503293]
	GetHandleVerifier [0x009ED580+502672]
	GetHandleVerifier [0x009F46AC+531644]
	GetHandleVerifier [0x009EDFFA+505354]
	Ordinal0 [0x008E0606+1050118]
	Ordinal0 [0x008E047F+1049727]
	Ordinal0 [0x008EAF9B+1093531]
	Ordinal0 [0x008EB103+1093891]
	Ordinal0 [0x008EA095+1089685]
	BaseThreadInitThunk [0x74C26359+25]
	RtlGetAppContainerNamedObjectPath [0x770D7B74+228]
	RtlGetAppContainerNamedObjectPath [0x770D7B44+180]

	at org.openqa.selenium.remote.W3CHandshakeResponse.lambda$errorHandler$0(W3CHandshakeResponse.java:62)
	at org.openqa.selenium.remote.HandshakeResponse.lambda$getResponseFunction$0(HandshakeResponse.java:30)
	at org.openqa.selenium.remote.ProtocolHandshake.lambda$createSession$0(ProtocolHandshake.java:126)
	at java.util.stream.ReferencePipeline$3$1.accept(ReferencePipeline.java:193)
	at java.util.Spliterators$ArraySpliterator.tryAdvance(Spliterators.java:958)
	at java.util.stream.ReferencePipeline.forEachWithCancel(ReferencePipeline.java:126)
	at java.util.stream.AbstractPipeline.copyIntoWithCancel(AbstractPipeline.java:498)
	at java.util.stream.AbstractPipeline.copyInto(AbstractPipeline.java:485)
	at java.util.stream.AbstractPipeline.wrapAndCopyInto(AbstractPipeline.java:471)
	at java.util.stream.FindOps$FindOp.evaluateSequential(FindOps.java:152)
	at java.util.stream.AbstractPipeline.evaluate(AbstractPipeline.java:234)
	at java.util.stream.ReferencePipeline.findFirst(ReferencePipeline.java:464)
	at org.openqa.selenium.remote.ProtocolHandshake.createSession(ProtocolHandshake.java:128)
	at org.openqa.selenium.remote.ProtocolHandshake.createSession(ProtocolHandshake.java:74)
	at org.openqa.selenium.remote.HttpCommandExecutor.execute(HttpCommandExecutor.java:136)
	at org.openqa.selenium.remote.service.DriverCommandExecutor.execute(DriverCommandExecutor.java:83)
	at org.openqa.selenium.remote.RemoteWebDriver.execute(RemoteWebDriver.java:552)
	at org.openqa.selenium.remote.RemoteWebDriver.startSession(RemoteWebDriver.java:213)
	at org.openqa.selenium.remote.RemoteWebDriver.&lt;init&gt;(RemoteWebDriver.java:131)
	at org.openqa.selenium.chrome.ChromeDriver.&lt;init&gt;(ChromeDriver.java:181)
	at org.openqa.selenium.chrome.ChromeDriver.&lt;init&gt;(ChromeDriver.java:168)
	at org.openqa.selenium.chrome.ChromeDriver.&lt;init&gt;(ChromeDriver.java:123)
	at com.citibank.qa.base.TestBase.initialization(TestBase.java:45)
	at com.citibank.qa.testcase.TestCase.setUp(TestCase.java:22)
... Removed 41 stack frames</div></td></tr></table><p class="totop"><a href="#summary">back to summary</a></p>
<h3 id="m20">com.citibank.qa.testcase.TestCase#personalLoan</h3><table class="result"><tr><th>Exception</th></tr><tr><td><div class="stacktrace">org.openqa.selenium.SessionNotCreatedException: session not created
from chrome not reachable
  (Session info: chrome=78.0.3904.108)
Build info: version: &apos;3.141.59&apos;, revision: &apos;e82be7d358&apos;, time: &apos;2018-11-14T08:17:03&apos;
System info: host: &apos;DESKTOP-CG5HG66&apos;, ip: &apos;192.168.0.125&apos;, os.name: &apos;Windows 10&apos;, os.arch: &apos;amd64&apos;, os.version: &apos;10.0&apos;, java.version: &apos;1.8.0_191&apos;
Driver info: driver.version: ChromeDriver
remote stacktrace: Backtrace:
	Ordinal0 [0x0094EB13+1501971]
	Ordinal0 [0x008CF6D1+980689]
	Ordinal0 [0x00857508+488712]
	Ordinal0 [0x0085131A+463642]
	Ordinal0 [0x008519C8+465352]
	Ordinal0 [0x00852AA5+469669]
	Ordinal0 [0x0084EC85+453765]
	Ordinal0 [0x00858330+492336]
	Ordinal0 [0x0080A108+172296]
	Ordinal0 [0x0080942D+169005]
	Ordinal0 [0x008078EB+162027]
	Ordinal0 [0x007F0AC7+68295]
	Ordinal0 [0x007F1B40+72512]
	Ordinal0 [0x007F1AD9+72409]
	Ordinal0 [0x008E8F37+1085239]
	GetHandleVerifier [0x009ED7ED+503293]
	GetHandleVerifier [0x009ED580+502672]
	GetHandleVerifier [0x009F46AC+531644]
	GetHandleVerifier [0x009EDFFA+505354]
	Ordinal0 [0x008E0606+1050118]
	Ordinal0 [0x008E047F+1049727]
	Ordinal0 [0x008EAF9B+1093531]
	Ordinal0 [0x008EB103+1093891]
	Ordinal0 [0x008EA095+1089685]
	BaseThreadInitThunk [0x74C26359+25]
	RtlGetAppContainerNamedObjectPath [0x770D7B74+228]
	RtlGetAppContainerNamedObjectPath [0x770D7B44+180]

	at org.openqa.selenium.remote.W3CHandshakeResponse.lambda$errorHandler$0(W3CHandshakeResponse.java:62)
	at org.openqa.selenium.remote.HandshakeResponse.lambda$getResponseFunction$0(HandshakeResponse.java:30)
	at org.openqa.selenium.remote.ProtocolHandshake.lambda$createSession$0(ProtocolHandshake.java:126)
	at java.util.stream.ReferencePipeline$3$1.accept(ReferencePipeline.java:193)
	at java.util.Spliterators$ArraySpliterator.tryAdvance(Spliterators.java:958)
	at java.util.stream.ReferencePipeline.forEachWithCancel(ReferencePipeline.java:126)
	at java.util.stream.AbstractPipeline.copyIntoWithCancel(AbstractPipeline.java:498)
	at java.util.stream.AbstractPipeline.copyInto(AbstractPipeline.java:485)
	at java.util.stream.AbstractPipeline.wrapAndCopyInto(AbstractPipeline.java:471)
	at java.util.stream.FindOps$FindOp.evaluateSequential(FindOps.java:152)
	at java.util.stream.AbstractPipeline.evaluate(AbstractPipeline.java:234)
	at java.util.stream.ReferencePipeline.findFirst(ReferencePipeline.java:464)
	at org.openqa.selenium.remote.ProtocolHandshake.createSession(ProtocolHandshake.java:128)
	at org.openqa.selenium.remote.ProtocolHandshake.createSession(ProtocolHandshake.java:74)
	at org.openqa.selenium.remote.HttpCommandExecutor.execute(HttpCommandExecutor.java:136)
	at org.openqa.selenium.remote.service.DriverCommandExecutor.execute(DriverCommandExecutor.java:83)
	at org.openqa.selenium.remote.RemoteWebDriver.execute(RemoteWebDriver.java:552)
	at org.openqa.selenium.remote.RemoteWebDriver.startSession(RemoteWebDriver.java:213)
	at org.openqa.selenium.remote.RemoteWebDriver.&lt;init&gt;(RemoteWebDriver.java:131)
	at org.openqa.selenium.chrome.ChromeDriver.&lt;init&gt;(ChromeDriver.java:181)
	at org.openqa.selenium.chrome.ChromeDriver.&lt;init&gt;(ChromeDriver.java:168)
	at org.openqa.selenium.chrome.ChromeDriver.&lt;init&gt;(ChromeDriver.java:123)
	at com.citibank.qa.base.TestBase.initialization(TestBase.java:45)
	at com.citibank.qa.testcase.TestCase.setUp(TestCase.java:22)
... Removed 41 stack frames</div></td></tr></table><p class="totop"><a href="#summary">back to summary</a></p>
<h3 id="m21">com.citibank.qa.testcase.TestCase#citiLogoValidation</h3><table class="result"><tr><th class="invisible"/></tr></table><p class="totop"><a href="#summary">back to summary</a></p>
<h3 id="m22">com.citibank.qa.testcase.TestCase#rememberUidLabel</h3><table class="result"><tr><th class="invisible"/></tr></table><p class="totop"><a href="#summary">back to summary</a></p>
<h3 id="m23">com.citibank.qa.testcase.TestCase#searchingText</h3><table class="result"><tr><th class="invisible"/></tr></table><p class="totop"><a href="#summary">back to summary</a></p>
<h3 id="m24">com.citibank.qa.testcase.TestCase#signInBtnDisplayed</h3><table class="result"><tr><th class="invisible"/></tr></table><p class="totop"><a href="#summary">back to summary</a></p>
<h3 id="m25">com.citibank.qa.testcase.TestCase#titleValidation</h3><table class="result"><tr><th class="invisible"/></tr></table><p class="totop"><a href="#summary">back to summary</a></p>
<h3 id="m26">com.citibank.qa.testcase.TestCase#validationSearchText</h3><table class="result"><tr><th class="invisible"/></tr></table><p class="totop"><a href="#summary">back to summary</a></p>
</body>
</html>
