<!DOCTYPE html>

<html>
  <head>
  <meta charset='utf-8'>
  <title>TestNG reports</title>

    <link type="text/css" href="testng-reports.css" rel="stylesheet" />
    <script type="text/javascript" src="jquery-1.7.1.min.js"></script>
    <script type="text/javascript" src="testng-reports.js"></script>
    <script type="text/javascript" src="https://www.google.com/jsapi"></script>
    <script type='text/javascript'>
      google.load('visualization', '1', {packages:['table']});
      google.setOnLoadCallback(drawTable);
      var suiteTableInitFunctions = new Array();
      var suiteTableData = new Array();
    </script>
    <!--
      <script type="text/javascript" src="jquery-ui/js/jquery-ui-1.8.16.custom.min.js"></script>
     -->
  </head>

  <body>
    <div class="top-banner-root">
      <span class="top-banner-title-font">Test results</span>
      <br/>
      <span class="top-banner-font-1">1 suite</span>
    </div> <!-- top-banner-root -->
    <div class="navigator-root">
      <div class="navigator-suite-header">
        <span>All suites</span>
        <a href="#" class="collapse-all-link" title="Collapse/expand all the suites">
          <img class="collapse-all-icon" src="collapseall.gif">
          </img> <!-- collapse-all-icon -->
        </a> <!-- collapse-all-link -->
      </div> <!-- navigator-suite-header -->
      <div class="suite">
        <div class="rounded-window">
          <div class="suite-header light-rounded-window-top">
            <a href="#" class="navigator-link" panel-name="suite-com.citibank.qa.testcase.TestCase">
              <span class="suite-name border-skipped">com.citibank.qa.testcase.TestCase</span>
            </a> <!-- navigator-link -->
          </div> <!-- suite-header light-rounded-window-top -->
          <div class="navigator-suite-content">
            <div class="suite-section-title">
              <span>Info</span>
            </div> <!-- suite-section-title -->
            <div class="suite-section-content">
              <ul>
                <li>
                  <a href="#" class="navigator-link " panel-name="test-xml-com.citibank.qa.testcase.TestCase">
                    <span>[unset file name]</span>
                  </a> <!-- navigator-link  -->
                </li>
                <li>
                  <a href="#" class="navigator-link " panel-name="testlist-com.citibank.qa.testcase.TestCase">
                    <span class="test-stats">1 test</span>
                  </a> <!-- navigator-link  -->
                </li>
                <li>
                  <a href="#" class="navigator-link " panel-name="group-com.citibank.qa.testcase.TestCase">
                    <span>0 groups</span>
                  </a> <!-- navigator-link  -->
                </li>
                <li>
                  <a href="#" class="navigator-link " panel-name="times-com.citibank.qa.testcase.TestCase">
                    <span>Times</span>
                  </a> <!-- navigator-link  -->
                </li>
                <li>
                  <a href="#" class="navigator-link " panel-name="reporter-com.citibank.qa.testcase.TestCase">
                    <span>Reporter output</span>
                  </a> <!-- navigator-link  -->
                </li>
                <li>
                  <a href="#" class="navigator-link " panel-name="ignored-methods-com.citibank.qa.testcase.TestCase">
                    <span>Ignored methods</span>
                  </a> <!-- navigator-link  -->
                </li>
                <li>
                  <a href="#" class="navigator-link " panel-name="chronological-com.citibank.qa.testcase.TestCase">
                    <span>Chronological view</span>
                  </a> <!-- navigator-link  -->
                </li>
              </ul>
            </div> <!-- suite-section-content -->
            <div class="result-section">
              <div class="suite-section-title">
                <span>Results</span>
              </div> <!-- suite-section-title -->
              <div class="suite-section-content">
                <ul>
                  <li>
                    <span class="method-stats">13 methods,  7 skipped,  6 passed</span>
                  </li>
                  <li>
                    <span class="method-list-title skipped">Skipped methods</span>
                    <span class="show-or-hide-methods skipped">
                      <a href="#" panel-name="suite-com.citibank.qa.testcase.TestCase" class="hide-methods skipped suite-com.citibank.qa.testcase.TestCase"> (hide)</a> <!-- hide-methods skipped suite-com.citibank.qa.testcase.TestCase -->
                      <a href="#" panel-name="suite-com.citibank.qa.testcase.TestCase" class="show-methods skipped suite-com.citibank.qa.testcase.TestCase"> (show)</a> <!-- show-methods skipped suite-com.citibank.qa.testcase.TestCase -->
                    </span>
                    <div class="method-list-content skipped suite-com.citibank.qa.testcase.TestCase">
                      <span>
                        <img width="3%" src="skipped.png"/>
                        <a href="#" class="method navigator-link" panel-name="suite-com.citibank.qa.testcase.TestCase" title="com.citibank.qa.testcase.TestCase" hash-for-method="atmBranch">atmBranch</a> <!-- method navigator-link -->
                      </span>
                      <br/>
                      <span>
                        <img width="3%" src="skipped.png"/>
                        <a href="#" class="method navigator-link" panel-name="suite-com.citibank.qa.testcase.TestCase" title="com.citibank.qa.testcase.TestCase" hash-for-method="creditCardLink">creditCardLink</a> <!-- method navigator-link -->
                      </span>
                      <br/>
                      <span>
                        <img width="3%" src="skipped.png"/>
                        <a href="#" class="method navigator-link" panel-name="suite-com.citibank.qa.testcase.TestCase" title="com.citibank.qa.testcase.TestCase" hash-for-method="creditCardMessageValidated">creditCardMessageValidated</a> <!-- method navigator-link -->
                      </span>
                      <br/>
                      <span>
                        <img width="3%" src="skipped.png"/>
                        <a href="#" class="method navigator-link" panel-name="suite-com.citibank.qa.testcase.TestCase" title="com.citibank.qa.testcase.TestCase" hash-for-method="homeEquity">homeEquity</a> <!-- method navigator-link -->
                      </span>
                      <br/>
                      <span>
                        <img width="3%" src="skipped.png"/>
                        <a href="#" class="method navigator-link" panel-name="suite-com.citibank.qa.testcase.TestCase" title="com.citibank.qa.testcase.TestCase" hash-for-method="lendingLink">lendingLink</a> <!-- method navigator-link -->
                      </span>
                      <br/>
                      <span>
                        <img width="3%" src="skipped.png"/>
                        <a href="#" class="method navigator-link" panel-name="suite-com.citibank.qa.testcase.TestCase" title="com.citibank.qa.testcase.TestCase" hash-for-method="mortgageLink">mortgageLink</a> <!-- method navigator-link -->
                      </span>
                      <br/>
                      <span>
                        <img width="3%" src="skipped.png"/>
                        <a href="#" class="method navigator-link" panel-name="suite-com.citibank.qa.testcase.TestCase" title="com.citibank.qa.testcase.TestCase" hash-for-method="personalLoan">personalLoan</a> <!-- method navigator-link -->
                      </span>
                      <br/>
                    </div> <!-- method-list-content skipped suite-com.citibank.qa.testcase.TestCase -->
                  </li>
                  <li>
                    <span class="method-list-title passed">Passed methods</span>
                    <span class="show-or-hide-methods passed">
                      <a href="#" panel-name="suite-com.citibank.qa.testcase.TestCase" class="hide-methods passed suite-com.citibank.qa.testcase.TestCase"> (hide)</a> <!-- hide-methods passed suite-com.citibank.qa.testcase.TestCase -->
                      <a href="#" panel-name="suite-com.citibank.qa.testcase.TestCase" class="show-methods passed suite-com.citibank.qa.testcase.TestCase"> (show)</a> <!-- show-methods passed suite-com.citibank.qa.testcase.TestCase -->
                    </span>
                    <div class="method-list-content passed suite-com.citibank.qa.testcase.TestCase">
                      <span>
                        <img width="3%" src="passed.png"/>
                        <a href="#" class="method navigator-link" panel-name="suite-com.citibank.qa.testcase.TestCase" title="com.citibank.qa.testcase.TestCase" hash-for-method="citiLogoValidation">citiLogoValidation</a> <!-- method navigator-link -->
                      </span>
                      <br/>
                      <span>
                        <img width="3%" src="passed.png"/>
                        <a href="#" class="method navigator-link" panel-name="suite-com.citibank.qa.testcase.TestCase" title="com.citibank.qa.testcase.TestCase" hash-for-method="rememberUidLabel">rememberUidLabel</a> <!-- method navigator-link -->
                      </span>
                      <br/>
                      <span>
                        <img width="3%" src="passed.png"/>
                        <a href="#" class="method navigator-link" panel-name="suite-com.citibank.qa.testcase.TestCase" title="com.citibank.qa.testcase.TestCase" hash-for-method="searchingText">searchingText</a> <!-- method navigator-link -->
                      </span>
                      <br/>
                      <span>
                        <img width="3%" src="passed.png"/>
                        <a href="#" class="method navigator-link" panel-name="suite-com.citibank.qa.testcase.TestCase" title="com.citibank.qa.testcase.TestCase" hash-for-method="signInBtnDisplayed">signInBtnDisplayed</a> <!-- method navigator-link -->
                      </span>
                      <br/>
                      <span>
                        <img width="3%" src="passed.png"/>
                        <a href="#" class="method navigator-link" panel-name="suite-com.citibank.qa.testcase.TestCase" title="com.citibank.qa.testcase.TestCase" hash-for-method="titleValidation">titleValidation</a> <!-- method navigator-link -->
                      </span>
                      <br/>
                      <span>
                        <img width="3%" src="passed.png"/>
                        <a href="#" class="method navigator-link" panel-name="suite-com.citibank.qa.testcase.TestCase" title="com.citibank.qa.testcase.TestCase" hash-for-method="validationSearchText">validationSearchText</a> <!-- method navigator-link -->
                      </span>
                      <br/>
                    </div> <!-- method-list-content passed suite-com.citibank.qa.testcase.TestCase -->
                  </li>
                </ul>
              </div> <!-- suite-section-content -->
            </div> <!-- result-section -->
          </div> <!-- navigator-suite-content -->
        </div> <!-- rounded-window -->
      </div> <!-- suite -->
    </div> <!-- navigator-root -->
    <div class="wrapper">
      <div class="main-panel-root">
        <div panel-name="suite-com.citibank.qa.testcase.TestCase" class="panel com.citibank.qa.testcase.TestCase">
          <div class="suite-com.citibank.qa.testcase.TestCase-class-skipped">
            <div class="main-panel-header rounded-window-top">
              <img src="skipped.png"/>
              <span class="class-name">com.citibank.qa.testcase.TestCase</span>
            </div> <!-- main-panel-header rounded-window-top -->
            <div class="main-panel-content rounded-window-bottom">
              <div class="method">
                <div class="method-content">
                  <a name="atmBranch">
                  </a> <!-- atmBranch -->
                  <span class="method-name">atmBranch</span>
                  <div class="stack-trace">org.openqa.selenium.SessionNotCreatedException: session not created
from chrome not reachable
  (Session info: chrome=78.0.3904.108)
Build info: version: &apos;3.141.59&apos;, revision: &apos;e82be7d358&apos;, time: &apos;2018-11-14T08:17:03&apos;
System info: host: &apos;DESKTOP-CG5HG66&apos;, ip: &apos;192.168.0.125&apos;, os.name: &apos;Windows 10&apos;, os.arch: &apos;amd64&apos;, os.version: &apos;10.0&apos;, java.version: &apos;1.8.0_191&apos;
Driver info: driver.version: ChromeDriver
remote stacktrace: Backtrace:
	Ordinal0 [0x0094EB13+1501971]
	Ordinal0 [0x008CF6D1+980689]
	Ordinal0 [0x00857508+488712]
	Ordinal0 [0x0085131A+463642]
	Ordinal0 [0x008519C8+465352]
	Ordinal0 [0x00852AA5+469669]
	Ordinal0 [0x0084EC85+453765]
	Ordinal0 [0x00858330+492336]
	Ordinal0 [0x0080A108+172296]
	Ordinal0 [0x0080942D+169005]
	Ordinal0 [0x008078EB+162027]
	Ordinal0 [0x007F0AC7+68295]
	Ordinal0 [0x007F1B40+72512]
	Ordinal0 [0x007F1AD9+72409]
	Ordinal0 [0x008E8F37+1085239]
	GetHandleVerifier [0x009ED7ED+503293]
	GetHandleVerifier [0x009ED580+502672]
	GetHandleVerifier [0x009F46AC+531644]
	GetHandleVerifier [0x009EDFFA+505354]
	Ordinal0 [0x008E0606+1050118]
	Ordinal0 [0x008E047F+1049727]
	Ordinal0 [0x008EAF9B+1093531]
	Ordinal0 [0x008EB103+1093891]
	Ordinal0 [0x008EA095+1089685]
	BaseThreadInitThunk [0x74C26359+25]
	RtlGetAppContainerNamedObjectPath [0x770D7B74+228]
	RtlGetAppContainerNamedObjectPath [0x770D7B44+180]

	at org.openqa.selenium.remote.W3CHandshakeResponse.lambda$errorHandler$0(W3CHandshakeResponse.java:62)
	at org.openqa.selenium.remote.HandshakeResponse.lambda$getResponseFunction$0(HandshakeResponse.java:30)
	at org.openqa.selenium.remote.ProtocolHandshake.lambda$createSession$0(ProtocolHandshake.java:126)
	at java.util.stream.ReferencePipeline$3$1.accept(ReferencePipeline.java:193)
	at java.util.Spliterators$ArraySpliterator.tryAdvance(Spliterators.java:958)
	at java.util.stream.ReferencePipeline.forEachWithCancel(ReferencePipeline.java:126)
	at java.util.stream.AbstractPipeline.copyIntoWithCancel(AbstractPipeline.java:498)
	at java.util.stream.AbstractPipeline.copyInto(AbstractPipeline.java:485)
	at java.util.stream.AbstractPipeline.wrapAndCopyInto(AbstractPipeline.java:471)
	at java.util.stream.FindOps$FindOp.evaluateSequential(FindOps.java:152)
	at java.util.stream.AbstractPipeline.evaluate(AbstractPipeline.java:234)
	at java.util.stream.ReferencePipeline.findFirst(ReferencePipeline.java:464)
	at org.openqa.selenium.remote.ProtocolHandshake.createSession(ProtocolHandshake.java:128)
	at org.openqa.selenium.remote.ProtocolHandshake.createSession(ProtocolHandshake.java:74)
	at org.openqa.selenium.remote.HttpCommandExecutor.execute(HttpCommandExecutor.java:136)
	at org.openqa.selenium.remote.service.DriverCommandExecutor.execute(DriverCommandExecutor.java:83)
	at org.openqa.selenium.remote.RemoteWebDriver.execute(RemoteWebDriver.java:552)
	at org.openqa.selenium.remote.RemoteWebDriver.startSession(RemoteWebDriver.java:213)
	at org.openqa.selenium.remote.RemoteWebDriver.&lt;init&gt;(RemoteWebDriver.java:131)
	at org.openqa.selenium.chrome.ChromeDriver.&lt;init&gt;(ChromeDriver.java:181)
	at org.openqa.selenium.chrome.ChromeDriver.&lt;init&gt;(ChromeDriver.java:168)
	at org.openqa.selenium.chrome.ChromeDriver.&lt;init&gt;(ChromeDriver.java:123)
	at com.citibank.qa.base.TestBase.initialization(TestBase.java:45)
	at com.citibank.qa.testcase.TestCase.setUp(TestCase.java:22)
... Removed 41 stack frames
</div> <!-- stack-trace -->
                </div> <!-- method-content -->
              </div> <!-- method -->
              <div class="method">
                <div class="method-content">
                  <a name="creditCardLink">
                  </a> <!-- creditCardLink -->
                  <span class="method-name">creditCardLink</span>
                  <div class="stack-trace">org.openqa.selenium.SessionNotCreatedException: session not created
from chrome not reachable
  (Session info: chrome=78.0.3904.108)
Build info: version: &apos;3.141.59&apos;, revision: &apos;e82be7d358&apos;, time: &apos;2018-11-14T08:17:03&apos;
System info: host: &apos;DESKTOP-CG5HG66&apos;, ip: &apos;192.168.0.125&apos;, os.name: &apos;Windows 10&apos;, os.arch: &apos;amd64&apos;, os.version: &apos;10.0&apos;, java.version: &apos;1.8.0_191&apos;
Driver info: driver.version: ChromeDriver
remote stacktrace: Backtrace:
	Ordinal0 [0x0094EB13+1501971]
	Ordinal0 [0x008CF6D1+980689]
	Ordinal0 [0x00857508+488712]
	Ordinal0 [0x0085131A+463642]
	Ordinal0 [0x008519C8+465352]
	Ordinal0 [0x00852AA5+469669]
	Ordinal0 [0x0084EC85+453765]
	Ordinal0 [0x00858330+492336]
	Ordinal0 [0x0080A108+172296]
	Ordinal0 [0x0080942D+169005]
	Ordinal0 [0x008078EB+162027]
	Ordinal0 [0x007F0AC7+68295]
	Ordinal0 [0x007F1B40+72512]
	Ordinal0 [0x007F1AD9+72409]
	Ordinal0 [0x008E8F37+1085239]
	GetHandleVerifier [0x009ED7ED+503293]
	GetHandleVerifier [0x009ED580+502672]
	GetHandleVerifier [0x009F46AC+531644]
	GetHandleVerifier [0x009EDFFA+505354]
	Ordinal0 [0x008E0606+1050118]
	Ordinal0 [0x008E047F+1049727]
	Ordinal0 [0x008EAF9B+1093531]
	Ordinal0 [0x008EB103+1093891]
	Ordinal0 [0x008EA095+1089685]
	BaseThreadInitThunk [0x74C26359+25]
	RtlGetAppContainerNamedObjectPath [0x770D7B74+228]
	RtlGetAppContainerNamedObjectPath [0x770D7B44+180]

	at org.openqa.selenium.remote.W3CHandshakeResponse.lambda$errorHandler$0(W3CHandshakeResponse.java:62)
	at org.openqa.selenium.remote.HandshakeResponse.lambda$getResponseFunction$0(HandshakeResponse.java:30)
	at org.openqa.selenium.remote.ProtocolHandshake.lambda$createSession$0(ProtocolHandshake.java:126)
	at java.util.stream.ReferencePipeline$3$1.accept(ReferencePipeline.java:193)
	at java.util.Spliterators$ArraySpliterator.tryAdvance(Spliterators.java:958)
	at java.util.stream.ReferencePipeline.forEachWithCancel(ReferencePipeline.java:126)
	at java.util.stream.AbstractPipeline.copyIntoWithCancel(AbstractPipeline.java:498)
	at java.util.stream.AbstractPipeline.copyInto(AbstractPipeline.java:485)
	at java.util.stream.AbstractPipeline.wrapAndCopyInto(AbstractPipeline.java:471)
	at java.util.stream.FindOps$FindOp.evaluateSequential(FindOps.java:152)
	at java.util.stream.AbstractPipeline.evaluate(AbstractPipeline.java:234)
	at java.util.stream.ReferencePipeline.findFirst(ReferencePipeline.java:464)
	at org.openqa.selenium.remote.ProtocolHandshake.createSession(ProtocolHandshake.java:128)
	at org.openqa.selenium.remote.ProtocolHandshake.createSession(ProtocolHandshake.java:74)
	at org.openqa.selenium.remote.HttpCommandExecutor.execute(HttpCommandExecutor.java:136)
	at org.openqa.selenium.remote.service.DriverCommandExecutor.execute(DriverCommandExecutor.java:83)
	at org.openqa.selenium.remote.RemoteWebDriver.execute(RemoteWebDriver.java:552)
	at org.openqa.selenium.remote.RemoteWebDriver.startSession(RemoteWebDriver.java:213)
	at org.openqa.selenium.remote.RemoteWebDriver.&lt;init&gt;(RemoteWebDriver.java:131)
	at org.openqa.selenium.chrome.ChromeDriver.&lt;init&gt;(ChromeDriver.java:181)
	at org.openqa.selenium.chrome.ChromeDriver.&lt;init&gt;(ChromeDriver.java:168)
	at org.openqa.selenium.chrome.ChromeDriver.&lt;init&gt;(ChromeDriver.java:123)
	at com.citibank.qa.base.TestBase.initialization(TestBase.java:45)
	at com.citibank.qa.testcase.TestCase.setUp(TestCase.java:22)
... Removed 41 stack frames
</div> <!-- stack-trace -->
                </div> <!-- method-content -->
              </div> <!-- method -->
              <div class="method">
                <div class="method-content">
                  <a name="creditCardMessageValidated">
                  </a> <!-- creditCardMessageValidated -->
                  <span class="method-name">creditCardMessageValidated</span>
                  <div class="stack-trace">org.openqa.selenium.SessionNotCreatedException: session not created
from chrome not reachable
  (Session info: chrome=78.0.3904.108)
Build info: version: &apos;3.141.59&apos;, revision: &apos;e82be7d358&apos;, time: &apos;2018-11-14T08:17:03&apos;
System info: host: &apos;DESKTOP-CG5HG66&apos;, ip: &apos;192.168.0.125&apos;, os.name: &apos;Windows 10&apos;, os.arch: &apos;amd64&apos;, os.version: &apos;10.0&apos;, java.version: &apos;1.8.0_191&apos;
Driver info: driver.version: ChromeDriver
remote stacktrace: Backtrace:
	Ordinal0 [0x0094EB13+1501971]
	Ordinal0 [0x008CF6D1+980689]
	Ordinal0 [0x00857508+488712]
	Ordinal0 [0x0085131A+463642]
	Ordinal0 [0x008519C8+465352]
	Ordinal0 [0x00852AA5+469669]
	Ordinal0 [0x0084EC85+453765]
	Ordinal0 [0x00858330+492336]
	Ordinal0 [0x0080A108+172296]
	Ordinal0 [0x0080942D+169005]
	Ordinal0 [0x008078EB+162027]
	Ordinal0 [0x007F0AC7+68295]
	Ordinal0 [0x007F1B40+72512]
	Ordinal0 [0x007F1AD9+72409]
	Ordinal0 [0x008E8F37+1085239]
	GetHandleVerifier [0x009ED7ED+503293]
	GetHandleVerifier [0x009ED580+502672]
	GetHandleVerifier [0x009F46AC+531644]
	GetHandleVerifier [0x009EDFFA+505354]
	Ordinal0 [0x008E0606+1050118]
	Ordinal0 [0x008E047F+1049727]
	Ordinal0 [0x008EAF9B+1093531]
	Ordinal0 [0x008EB103+1093891]
	Ordinal0 [0x008EA095+1089685]
	BaseThreadInitThunk [0x74C26359+25]
	RtlGetAppContainerNamedObjectPath [0x770D7B74+228]
	RtlGetAppContainerNamedObjectPath [0x770D7B44+180]

	at org.openqa.selenium.remote.W3CHandshakeResponse.lambda$errorHandler$0(W3CHandshakeResponse.java:62)
	at org.openqa.selenium.remote.HandshakeResponse.lambda$getResponseFunction$0(HandshakeResponse.java:30)
	at org.openqa.selenium.remote.ProtocolHandshake.lambda$createSession$0(ProtocolHandshake.java:126)
	at java.util.stream.ReferencePipeline$3$1.accept(ReferencePipeline.java:193)
	at java.util.Spliterators$ArraySpliterator.tryAdvance(Spliterators.java:958)
	at java.util.stream.ReferencePipeline.forEachWithCancel(ReferencePipeline.java:126)
	at java.util.stream.AbstractPipeline.copyIntoWithCancel(AbstractPipeline.java:498)
	at java.util.stream.AbstractPipeline.copyInto(AbstractPipeline.java:485)
	at java.util.stream.AbstractPipeline.wrapAndCopyInto(AbstractPipeline.java:471)
	at java.util.stream.FindOps$FindOp.evaluateSequential(FindOps.java:152)
	at java.util.stream.AbstractPipeline.evaluate(AbstractPipeline.java:234)
	at java.util.stream.ReferencePipeline.findFirst(ReferencePipeline.java:464)
	at org.openqa.selenium.remote.ProtocolHandshake.createSession(ProtocolHandshake.java:128)
	at org.openqa.selenium.remote.ProtocolHandshake.createSession(ProtocolHandshake.java:74)
	at org.openqa.selenium.remote.HttpCommandExecutor.execute(HttpCommandExecutor.java:136)
	at org.openqa.selenium.remote.service.DriverCommandExecutor.execute(DriverCommandExecutor.java:83)
	at org.openqa.selenium.remote.RemoteWebDriver.execute(RemoteWebDriver.java:552)
	at org.openqa.selenium.remote.RemoteWebDriver.startSession(RemoteWebDriver.java:213)
	at org.openqa.selenium.remote.RemoteWebDriver.&lt;init&gt;(RemoteWebDriver.java:131)
	at org.openqa.selenium.chrome.ChromeDriver.&lt;init&gt;(ChromeDriver.java:181)
	at org.openqa.selenium.chrome.ChromeDriver.&lt;init&gt;(ChromeDriver.java:168)
	at org.openqa.selenium.chrome.ChromeDriver.&lt;init&gt;(ChromeDriver.java:123)
	at com.citibank.qa.base.TestBase.initialization(TestBase.java:45)
	at com.citibank.qa.testcase.TestCase.setUp(TestCase.java:22)
... Removed 41 stack frames
</div> <!-- stack-trace -->
                </div> <!-- method-content -->
              </div> <!-- method -->
              <div class="method">
                <div class="method-content">
                  <a name="homeEquity">
                  </a> <!-- homeEquity -->
                  <span class="method-name">homeEquity</span>
                  <div class="stack-trace">org.openqa.selenium.SessionNotCreatedException: session not created
from chrome not reachable
  (Session info: chrome=78.0.3904.108)
Build info: version: &apos;3.141.59&apos;, revision: &apos;e82be7d358&apos;, time: &apos;2018-11-14T08:17:03&apos;
System info: host: &apos;DESKTOP-CG5HG66&apos;, ip: &apos;192.168.0.125&apos;, os.name: &apos;Windows 10&apos;, os.arch: &apos;amd64&apos;, os.version: &apos;10.0&apos;, java.version: &apos;1.8.0_191&apos;
Driver info: driver.version: ChromeDriver
remote stacktrace: Backtrace:
	Ordinal0 [0x0094EB13+1501971]
	Ordinal0 [0x008CF6D1+980689]
	Ordinal0 [0x00857508+488712]
	Ordinal0 [0x0085131A+463642]
	Ordinal0 [0x008519C8+465352]
	Ordinal0 [0x00852AA5+469669]
	Ordinal0 [0x0084EC85+453765]
	Ordinal0 [0x00858330+492336]
	Ordinal0 [0x0080A108+172296]
	Ordinal0 [0x0080942D+169005]
	Ordinal0 [0x008078EB+162027]
	Ordinal0 [0x007F0AC7+68295]
	Ordinal0 [0x007F1B40+72512]
	Ordinal0 [0x007F1AD9+72409]
	Ordinal0 [0x008E8F37+1085239]
	GetHandleVerifier [0x009ED7ED+503293]
	GetHandleVerifier [0x009ED580+502672]
	GetHandleVerifier [0x009F46AC+531644]
	GetHandleVerifier [0x009EDFFA+505354]
	Ordinal0 [0x008E0606+1050118]
	Ordinal0 [0x008E047F+1049727]
	Ordinal0 [0x008EAF9B+1093531]
	Ordinal0 [0x008EB103+1093891]
	Ordinal0 [0x008EA095+1089685]
	BaseThreadInitThunk [0x74C26359+25]
	RtlGetAppContainerNamedObjectPath [0x770D7B74+228]
	RtlGetAppContainerNamedObjectPath [0x770D7B44+180]

	at org.openqa.selenium.remote.W3CHandshakeResponse.lambda$errorHandler$0(W3CHandshakeResponse.java:62)
	at org.openqa.selenium.remote.HandshakeResponse.lambda$getResponseFunction$0(HandshakeResponse.java:30)
	at org.openqa.selenium.remote.ProtocolHandshake.lambda$createSession$0(ProtocolHandshake.java:126)
	at java.util.stream.ReferencePipeline$3$1.accept(ReferencePipeline.java:193)
	at java.util.Spliterators$ArraySpliterator.tryAdvance(Spliterators.java:958)
	at java.util.stream.ReferencePipeline.forEachWithCancel(ReferencePipeline.java:126)
	at java.util.stream.AbstractPipeline.copyIntoWithCancel(AbstractPipeline.java:498)
	at java.util.stream.AbstractPipeline.copyInto(AbstractPipeline.java:485)
	at java.util.stream.AbstractPipeline.wrapAndCopyInto(AbstractPipeline.java:471)
	at java.util.stream.FindOps$FindOp.evaluateSequential(FindOps.java:152)
	at java.util.stream.AbstractPipeline.evaluate(AbstractPipeline.java:234)
	at java.util.stream.ReferencePipeline.findFirst(ReferencePipeline.java:464)
	at org.openqa.selenium.remote.ProtocolHandshake.createSession(ProtocolHandshake.java:128)
	at org.openqa.selenium.remote.ProtocolHandshake.createSession(ProtocolHandshake.java:74)
	at org.openqa.selenium.remote.HttpCommandExecutor.execute(HttpCommandExecutor.java:136)
	at org.openqa.selenium.remote.service.DriverCommandExecutor.execute(DriverCommandExecutor.java:83)
	at org.openqa.selenium.remote.RemoteWebDriver.execute(RemoteWebDriver.java:552)
	at org.openqa.selenium.remote.RemoteWebDriver.startSession(RemoteWebDriver.java:213)
	at org.openqa.selenium.remote.RemoteWebDriver.&lt;init&gt;(RemoteWebDriver.java:131)
	at org.openqa.selenium.chrome.ChromeDriver.&lt;init&gt;(ChromeDriver.java:181)
	at org.openqa.selenium.chrome.ChromeDriver.&lt;init&gt;(ChromeDriver.java:168)
	at org.openqa.selenium.chrome.ChromeDriver.&lt;init&gt;(ChromeDriver.java:123)
	at com.citibank.qa.base.TestBase.initialization(TestBase.java:45)
	at com.citibank.qa.testcase.TestCase.setUp(TestCase.java:22)
... Removed 41 stack frames
</div> <!-- stack-trace -->
                </div> <!-- method-content -->
              </div> <!-- method -->
              <div class="method">
                <div class="method-content">
                  <a name="lendingLink">
                  </a> <!-- lendingLink -->
                  <span class="method-name">lendingLink</span>
                  <div class="stack-trace">org.openqa.selenium.SessionNotCreatedException: session not created
from chrome not reachable
  (Session info: chrome=78.0.3904.108)
Build info: version: &apos;3.141.59&apos;, revision: &apos;e82be7d358&apos;, time: &apos;2018-11-14T08:17:03&apos;
System info: host: &apos;DESKTOP-CG5HG66&apos;, ip: &apos;192.168.0.125&apos;, os.name: &apos;Windows 10&apos;, os.arch: &apos;amd64&apos;, os.version: &apos;10.0&apos;, java.version: &apos;1.8.0_191&apos;
Driver info: driver.version: ChromeDriver
remote stacktrace: Backtrace:
	Ordinal0 [0x0094EB13+1501971]
	Ordinal0 [0x008CF6D1+980689]
	Ordinal0 [0x00857508+488712]
	Ordinal0 [0x0085131A+463642]
	Ordinal0 [0x008519C8+465352]
	Ordinal0 [0x00852AA5+469669]
	Ordinal0 [0x0084EC85+453765]
	Ordinal0 [0x00858330+492336]
	Ordinal0 [0x0080A108+172296]
	Ordinal0 [0x0080942D+169005]
	Ordinal0 [0x008078EB+162027]
	Ordinal0 [0x007F0AC7+68295]
	Ordinal0 [0x007F1B40+72512]
	Ordinal0 [0x007F1AD9+72409]
	Ordinal0 [0x008E8F37+1085239]
	GetHandleVerifier [0x009ED7ED+503293]
	GetHandleVerifier [0x009ED580+502672]
	GetHandleVerifier [0x009F46AC+531644]
	GetHandleVerifier [0x009EDFFA+505354]
	Ordinal0 [0x008E0606+1050118]
	Ordinal0 [0x008E047F+1049727]
	Ordinal0 [0x008EAF9B+1093531]
	Ordinal0 [0x008EB103+1093891]
	Ordinal0 [0x008EA095+1089685]
	BaseThreadInitThunk [0x74C26359+25]
	RtlGetAppContainerNamedObjectPath [0x770D7B74+228]
	RtlGetAppContainerNamedObjectPath [0x770D7B44+180]

	at org.openqa.selenium.remote.W3CHandshakeResponse.lambda$errorHandler$0(W3CHandshakeResponse.java:62)
	at org.openqa.selenium.remote.HandshakeResponse.lambda$getResponseFunction$0(HandshakeResponse.java:30)
	at org.openqa.selenium.remote.ProtocolHandshake.lambda$createSession$0(ProtocolHandshake.java:126)
	at java.util.stream.ReferencePipeline$3$1.accept(ReferencePipeline.java:193)
	at java.util.Spliterators$ArraySpliterator.tryAdvance(Spliterators.java:958)
	at java.util.stream.ReferencePipeline.forEachWithCancel(ReferencePipeline.java:126)
	at java.util.stream.AbstractPipeline.copyIntoWithCancel(AbstractPipeline.java:498)
	at java.util.stream.AbstractPipeline.copyInto(AbstractPipeline.java:485)
	at java.util.stream.AbstractPipeline.wrapAndCopyInto(AbstractPipeline.java:471)
	at java.util.stream.FindOps$FindOp.evaluateSequential(FindOps.java:152)
	at java.util.stream.AbstractPipeline.evaluate(AbstractPipeline.java:234)
	at java.util.stream.ReferencePipeline.findFirst(ReferencePipeline.java:464)
	at org.openqa.selenium.remote.ProtocolHandshake.createSession(ProtocolHandshake.java:128)
	at org.openqa.selenium.remote.ProtocolHandshake.createSession(ProtocolHandshake.java:74)
	at org.openqa.selenium.remote.HttpCommandExecutor.execute(HttpCommandExecutor.java:136)
	at org.openqa.selenium.remote.service.DriverCommandExecutor.execute(DriverCommandExecutor.java:83)
	at org.openqa.selenium.remote.RemoteWebDriver.execute(RemoteWebDriver.java:552)
	at org.openqa.selenium.remote.RemoteWebDriver.startSession(RemoteWebDriver.java:213)
	at org.openqa.selenium.remote.RemoteWebDriver.&lt;init&gt;(RemoteWebDriver.java:131)
	at org.openqa.selenium.chrome.ChromeDriver.&lt;init&gt;(ChromeDriver.java:181)
	at org.openqa.selenium.chrome.ChromeDriver.&lt;init&gt;(ChromeDriver.java:168)
	at org.openqa.selenium.chrome.ChromeDriver.&lt;init&gt;(ChromeDriver.java:123)
	at com.citibank.qa.base.TestBase.initialization(TestBase.java:45)
	at com.citibank.qa.testcase.TestCase.setUp(TestCase.java:22)
... Removed 41 stack frames
</div> <!-- stack-trace -->
                </div> <!-- method-content -->
              </div> <!-- method -->
              <div class="method">
                <div class="method-content">
                  <a name="mortgageLink">
                  </a> <!-- mortgageLink -->
                  <span class="method-name">mortgageLink</span>
                  <div class="stack-trace">org.openqa.selenium.SessionNotCreatedException: session not created
from chrome not reachable
  (Session info: chrome=78.0.3904.108)
Build info: version: &apos;3.141.59&apos;, revision: &apos;e82be7d358&apos;, time: &apos;2018-11-14T08:17:03&apos;
System info: host: &apos;DESKTOP-CG5HG66&apos;, ip: &apos;192.168.0.125&apos;, os.name: &apos;Windows 10&apos;, os.arch: &apos;amd64&apos;, os.version: &apos;10.0&apos;, java.version: &apos;1.8.0_191&apos;
Driver info: driver.version: ChromeDriver
remote stacktrace: Backtrace:
	Ordinal0 [0x0094EB13+1501971]
	Ordinal0 [0x008CF6D1+980689]
	Ordinal0 [0x00857508+488712]
	Ordinal0 [0x0085131A+463642]
	Ordinal0 [0x008519C8+465352]
	Ordinal0 [0x00852AA5+469669]
	Ordinal0 [0x0084EC85+453765]
	Ordinal0 [0x00858330+492336]
	Ordinal0 [0x0080A108+172296]
	Ordinal0 [0x0080942D+169005]
	Ordinal0 [0x008078EB+162027]
	Ordinal0 [0x007F0AC7+68295]
	Ordinal0 [0x007F1B40+72512]
	Ordinal0 [0x007F1AD9+72409]
	Ordinal0 [0x008E8F37+1085239]
	GetHandleVerifier [0x009ED7ED+503293]
	GetHandleVerifier [0x009ED580+502672]
	GetHandleVerifier [0x009F46AC+531644]
	GetHandleVerifier [0x009EDFFA+505354]
	Ordinal0 [0x008E0606+1050118]
	Ordinal0 [0x008E047F+1049727]
	Ordinal0 [0x008EAF9B+1093531]
	Ordinal0 [0x008EB103+1093891]
	Ordinal0 [0x008EA095+1089685]
	BaseThreadInitThunk [0x74C26359+25]
	RtlGetAppContainerNamedObjectPath [0x770D7B74+228]
	RtlGetAppContainerNamedObjectPath [0x770D7B44+180]

	at org.openqa.selenium.remote.W3CHandshakeResponse.lambda$errorHandler$0(W3CHandshakeResponse.java:62)
	at org.openqa.selenium.remote.HandshakeResponse.lambda$getResponseFunction$0(HandshakeResponse.java:30)
	at org.openqa.selenium.remote.ProtocolHandshake.lambda$createSession$0(ProtocolHandshake.java:126)
	at java.util.stream.ReferencePipeline$3$1.accept(ReferencePipeline.java:193)
	at java.util.Spliterators$ArraySpliterator.tryAdvance(Spliterators.java:958)
	at java.util.stream.ReferencePipeline.forEachWithCancel(ReferencePipeline.java:126)
	at java.util.stream.AbstractPipeline.copyIntoWithCancel(AbstractPipeline.java:498)
	at java.util.stream.AbstractPipeline.copyInto(AbstractPipeline.java:485)
	at java.util.stream.AbstractPipeline.wrapAndCopyInto(AbstractPipeline.java:471)
	at java.util.stream.FindOps$FindOp.evaluateSequential(FindOps.java:152)
	at java.util.stream.AbstractPipeline.evaluate(AbstractPipeline.java:234)
	at java.util.stream.ReferencePipeline.findFirst(ReferencePipeline.java:464)
	at org.openqa.selenium.remote.ProtocolHandshake.createSession(ProtocolHandshake.java:128)
	at org.openqa.selenium.remote.ProtocolHandshake.createSession(ProtocolHandshake.java:74)
	at org.openqa.selenium.remote.HttpCommandExecutor.execute(HttpCommandExecutor.java:136)
	at org.openqa.selenium.remote.service.DriverCommandExecutor.execute(DriverCommandExecutor.java:83)
	at org.openqa.selenium.remote.RemoteWebDriver.execute(RemoteWebDriver.java:552)
	at org.openqa.selenium.remote.RemoteWebDriver.startSession(RemoteWebDriver.java:213)
	at org.openqa.selenium.remote.RemoteWebDriver.&lt;init&gt;(RemoteWebDriver.java:131)
	at org.openqa.selenium.chrome.ChromeDriver.&lt;init&gt;(ChromeDriver.java:181)
	at org.openqa.selenium.chrome.ChromeDriver.&lt;init&gt;(ChromeDriver.java:168)
	at org.openqa.selenium.chrome.ChromeDriver.&lt;init&gt;(ChromeDriver.java:123)
	at com.citibank.qa.base.TestBase.initialization(TestBase.java:45)
	at com.citibank.qa.testcase.TestCase.setUp(TestCase.java:22)
... Removed 41 stack frames
</div> <!-- stack-trace -->
                </div> <!-- method-content -->
              </div> <!-- method -->
              <div class="method">
                <div class="method-content">
                  <a name="personalLoan">
                  </a> <!-- personalLoan -->
                  <span class="method-name">personalLoan</span>
                  <div class="stack-trace">org.openqa.selenium.SessionNotCreatedException: session not created
from chrome not reachable
  (Session info: chrome=78.0.3904.108)
Build info: version: &apos;3.141.59&apos;, revision: &apos;e82be7d358&apos;, time: &apos;2018-11-14T08:17:03&apos;
System info: host: &apos;DESKTOP-CG5HG66&apos;, ip: &apos;192.168.0.125&apos;, os.name: &apos;Windows 10&apos;, os.arch: &apos;amd64&apos;, os.version: &apos;10.0&apos;, java.version: &apos;1.8.0_191&apos;
Driver info: driver.version: ChromeDriver
remote stacktrace: Backtrace:
	Ordinal0 [0x0094EB13+1501971]
	Ordinal0 [0x008CF6D1+980689]
	Ordinal0 [0x00857508+488712]
	Ordinal0 [0x0085131A+463642]
	Ordinal0 [0x008519C8+465352]
	Ordinal0 [0x00852AA5+469669]
	Ordinal0 [0x0084EC85+453765]
	Ordinal0 [0x00858330+492336]
	Ordinal0 [0x0080A108+172296]
	Ordinal0 [0x0080942D+169005]
	Ordinal0 [0x008078EB+162027]
	Ordinal0 [0x007F0AC7+68295]
	Ordinal0 [0x007F1B40+72512]
	Ordinal0 [0x007F1AD9+72409]
	Ordinal0 [0x008E8F37+1085239]
	GetHandleVerifier [0x009ED7ED+503293]
	GetHandleVerifier [0x009ED580+502672]
	GetHandleVerifier [0x009F46AC+531644]
	GetHandleVerifier [0x009EDFFA+505354]
	Ordinal0 [0x008E0606+1050118]
	Ordinal0 [0x008E047F+1049727]
	Ordinal0 [0x008EAF9B+1093531]
	Ordinal0 [0x008EB103+1093891]
	Ordinal0 [0x008EA095+1089685]
	BaseThreadInitThunk [0x74C26359+25]
	RtlGetAppContainerNamedObjectPath [0x770D7B74+228]
	RtlGetAppContainerNamedObjectPath [0x770D7B44+180]

	at org.openqa.selenium.remote.W3CHandshakeResponse.lambda$errorHandler$0(W3CHandshakeResponse.java:62)
	at org.openqa.selenium.remote.HandshakeResponse.lambda$getResponseFunction$0(HandshakeResponse.java:30)
	at org.openqa.selenium.remote.ProtocolHandshake.lambda$createSession$0(ProtocolHandshake.java:126)
	at java.util.stream.ReferencePipeline$3$1.accept(ReferencePipeline.java:193)
	at java.util.Spliterators$ArraySpliterator.tryAdvance(Spliterators.java:958)
	at java.util.stream.ReferencePipeline.forEachWithCancel(ReferencePipeline.java:126)
	at java.util.stream.AbstractPipeline.copyIntoWithCancel(AbstractPipeline.java:498)
	at java.util.stream.AbstractPipeline.copyInto(AbstractPipeline.java:485)
	at java.util.stream.AbstractPipeline.wrapAndCopyInto(AbstractPipeline.java:471)
	at java.util.stream.FindOps$FindOp.evaluateSequential(FindOps.java:152)
	at java.util.stream.AbstractPipeline.evaluate(AbstractPipeline.java:234)
	at java.util.stream.ReferencePipeline.findFirst(ReferencePipeline.java:464)
	at org.openqa.selenium.remote.ProtocolHandshake.createSession(ProtocolHandshake.java:128)
	at org.openqa.selenium.remote.ProtocolHandshake.createSession(ProtocolHandshake.java:74)
	at org.openqa.selenium.remote.HttpCommandExecutor.execute(HttpCommandExecutor.java:136)
	at org.openqa.selenium.remote.service.DriverCommandExecutor.execute(DriverCommandExecutor.java:83)
	at org.openqa.selenium.remote.RemoteWebDriver.execute(RemoteWebDriver.java:552)
	at org.openqa.selenium.remote.RemoteWebDriver.startSession(RemoteWebDriver.java:213)
	at org.openqa.selenium.remote.RemoteWebDriver.&lt;init&gt;(RemoteWebDriver.java:131)
	at org.openqa.selenium.chrome.ChromeDriver.&lt;init&gt;(ChromeDriver.java:181)
	at org.openqa.selenium.chrome.ChromeDriver.&lt;init&gt;(ChromeDriver.java:168)
	at org.openqa.selenium.chrome.ChromeDriver.&lt;init&gt;(ChromeDriver.java:123)
	at com.citibank.qa.base.TestBase.initialization(TestBase.java:45)
	at com.citibank.qa.testcase.TestCase.setUp(TestCase.java:22)
... Removed 41 stack frames
</div> <!-- stack-trace -->
                </div> <!-- method-content -->
              </div> <!-- method -->
            </div> <!-- main-panel-content rounded-window-bottom -->
          </div> <!-- suite-com.citibank.qa.testcase.TestCase-class-skipped -->
          <div class="suite-com.citibank.qa.testcase.TestCase-class-passed">
            <div class="main-panel-header rounded-window-top">
              <img src="passed.png"/>
              <span class="class-name">com.citibank.qa.testcase.TestCase</span>
            </div> <!-- main-panel-header rounded-window-top -->
            <div class="main-panel-content rounded-window-bottom">
              <div class="method">
                <div class="method-content">
                  <a name="citiLogoValidation">
                  </a> <!-- citiLogoValidation -->
                  <span class="method-name">citiLogoValidation</span>
                </div> <!-- method-content -->
              </div> <!-- method -->
              <div class="method">
                <div class="method-content">
                  <a name="rememberUidLabel">
                  </a> <!-- rememberUidLabel -->
                  <span class="method-name">rememberUidLabel</span>
                </div> <!-- method-content -->
              </div> <!-- method -->
              <div class="method">
                <div class="method-content">
                  <a name="searchingText">
                  </a> <!-- searchingText -->
                  <span class="method-name">searchingText</span>
                </div> <!-- method-content -->
              </div> <!-- method -->
              <div class="method">
                <div class="method-content">
                  <a name="signInBtnDisplayed">
                  </a> <!-- signInBtnDisplayed -->
                  <span class="method-name">signInBtnDisplayed</span>
                </div> <!-- method-content -->
              </div> <!-- method -->
              <div class="method">
                <div class="method-content">
                  <a name="titleValidation">
                  </a> <!-- titleValidation -->
                  <span class="method-name">titleValidation</span>
                </div> <!-- method-content -->
              </div> <!-- method -->
              <div class="method">
                <div class="method-content">
                  <a name="validationSearchText">
                  </a> <!-- validationSearchText -->
                  <span class="method-name">validationSearchText</span>
                </div> <!-- method-content -->
              </div> <!-- method -->
            </div> <!-- main-panel-content rounded-window-bottom -->
          </div> <!-- suite-com.citibank.qa.testcase.TestCase-class-passed -->
        </div> <!-- panel com.citibank.qa.testcase.TestCase -->
        <div panel-name="test-xml-com.citibank.qa.testcase.TestCase" class="panel">
          <div class="main-panel-header rounded-window-top">
          </div> <!-- main-panel-header rounded-window-top -->
          <div class="main-panel-content rounded-window-bottom">
            <pre>
&lt;?xml version=&quot;1.0&quot; encoding=&quot;UTF-8&quot;?&gt;
&lt;!DOCTYPE suite SYSTEM &quot;http://testng.org/testng-1.0.dtd&quot;&gt;
&lt;suite verbose=&quot;0&quot; name=&quot;com.citibank.qa.testcase.TestCase&quot;&gt;
  &lt;test thread-count=&quot;5&quot; verbose=&quot;0&quot; name=&quot;Command line test&quot;&gt;
    &lt;classes&gt;
      &lt;class name=&quot;com.citibank.qa.testcase.TestCase&quot;/&gt;
    &lt;/classes&gt;
  &lt;/test&gt; &lt;!-- Command line test --&gt;
&lt;/suite&gt; &lt;!-- com.citibank.qa.testcase.TestCase --&gt;
            </pre>
          </div> <!-- main-panel-content rounded-window-bottom -->
        </div> <!-- panel -->
        <div panel-name="testlist-com.citibank.qa.testcase.TestCase" class="panel">
          <div class="main-panel-header rounded-window-top">
            <span class="header-content">Tests for com.citibank.qa.testcase.TestCase</span>
          </div> <!-- main-panel-header rounded-window-top -->
          <div class="main-panel-content rounded-window-bottom">
            <ul>
              <li>
                <span class="test-name">Command line test (1 class)</span>
              </li>
            </ul>
          </div> <!-- main-panel-content rounded-window-bottom -->
        </div> <!-- panel -->
        <div panel-name="group-com.citibank.qa.testcase.TestCase" class="panel">
          <div class="main-panel-header rounded-window-top">
            <span class="header-content">Groups for com.citibank.qa.testcase.TestCase</span>
          </div> <!-- main-panel-header rounded-window-top -->
          <div class="main-panel-content rounded-window-bottom">
          </div> <!-- main-panel-content rounded-window-bottom -->
        </div> <!-- panel -->
        <div panel-name="times-com.citibank.qa.testcase.TestCase" class="panel">
          <div class="main-panel-header rounded-window-top">
            <span class="header-content">Times for com.citibank.qa.testcase.TestCase</span>
          </div> <!-- main-panel-header rounded-window-top -->
          <div class="main-panel-content rounded-window-bottom">
            <div class="times-div">
              <script type="text/javascript">
suiteTableInitFunctions.push('tableData_com.citibank.qa.testcase.TestCase');
function tableData_com.citibank.qa.testcase.TestCase() {
var data = new google.visualization.DataTable();
data.addColumn('number', 'Number');
data.addColumn('string', 'Method');
data.addColumn('string', 'Class');
data.addColumn('number', 'Time (ms)');
data.addRows(13);
data.setCell(0, 0, 0)
data.setCell(0, 1, 'searchingText')
data.setCell(0, 2, 'com.citibank.qa.testcase.TestCase')
data.setCell(0, 3, 8529);
data.setCell(1, 0, 1)
data.setCell(1, 1, 'rememberUidLabel')
data.setCell(1, 2, 'com.citibank.qa.testcase.TestCase')
data.setCell(1, 3, 4262);
data.setCell(2, 0, 2)
data.setCell(2, 1, 'validationSearchText')
data.setCell(2, 2, 'com.citibank.qa.testcase.TestCase')
data.setCell(2, 3, 3068);
data.setCell(3, 0, 3)
data.setCell(3, 1, 'citiLogoValidation')
data.setCell(3, 2, 'com.citibank.qa.testcase.TestCase')
data.setCell(3, 3, 2721);
data.setCell(4, 0, 4)
data.setCell(4, 1, 'titleValidation')
data.setCell(4, 2, 'com.citibank.qa.testcase.TestCase')
data.setCell(4, 3, 574);
data.setCell(5, 0, 5)
data.setCell(5, 1, 'signInBtnDisplayed')
data.setCell(5, 2, 'com.citibank.qa.testcase.TestCase')
data.setCell(5, 3, 104);
data.setCell(6, 0, 6)
data.setCell(6, 1, 'homeEquity')
data.setCell(6, 2, 'com.citibank.qa.testcase.TestCase')
data.setCell(6, 3, 0);
data.setCell(7, 0, 7)
data.setCell(7, 1, 'personalLoan')
data.setCell(7, 2, 'com.citibank.qa.testcase.TestCase')
data.setCell(7, 3, 0);
data.setCell(8, 0, 8)
data.setCell(8, 1, 'mortgageLink')
data.setCell(8, 2, 'com.citibank.qa.testcase.TestCase')
data.setCell(8, 3, 0);
data.setCell(9, 0, 9)
data.setCell(9, 1, 'lendingLink')
data.setCell(9, 2, 'com.citibank.qa.testcase.TestCase')
data.setCell(9, 3, 0);
data.setCell(10, 0, 10)
data.setCell(10, 1, 'creditCardMessageValidated')
data.setCell(10, 2, 'com.citibank.qa.testcase.TestCase')
data.setCell(10, 3, 0);
data.setCell(11, 0, 11)
data.setCell(11, 1, 'creditCardLink')
data.setCell(11, 2, 'com.citibank.qa.testcase.TestCase')
data.setCell(11, 3, 0);
data.setCell(12, 0, 12)
data.setCell(12, 1, 'atmBranch')
data.setCell(12, 2, 'com.citibank.qa.testcase.TestCase')
data.setCell(12, 3, 0);
window.suiteTableData['com.citibank.qa.testcase.TestCase']= { tableData: data, tableDiv: 'times-div-com.citibank.qa.testcase.TestCase'}
return data;
}
              </script>
              <span class="suite-total-time">Total running time: 19 seconds</span>
              <div id="times-div-com.citibank.qa.testcase.TestCase">
              </div> <!-- times-div-com.citibank.qa.testcase.TestCase -->
            </div> <!-- times-div -->
          </div> <!-- main-panel-content rounded-window-bottom -->
        </div> <!-- panel -->
        <div panel-name="reporter-com.citibank.qa.testcase.TestCase" class="panel">
          <div class="main-panel-header rounded-window-top">
            <span class="header-content">Reporter output for com.citibank.qa.testcase.TestCase</span>
          </div> <!-- main-panel-header rounded-window-top -->
          <div class="main-panel-content rounded-window-bottom">
          </div> <!-- main-panel-content rounded-window-bottom -->
        </div> <!-- panel -->
        <div panel-name="ignored-methods-com.citibank.qa.testcase.TestCase" class="panel">
          <div class="main-panel-header rounded-window-top">
            <span class="header-content">0 ignored methods</span>
          </div> <!-- main-panel-header rounded-window-top -->
          <div class="main-panel-content rounded-window-bottom">
          </div> <!-- main-panel-content rounded-window-bottom -->
        </div> <!-- panel -->
        <div panel-name="chronological-com.citibank.qa.testcase.TestCase" class="panel">
          <div class="main-panel-header rounded-window-top">
            <span class="header-content">Methods in chronological order</span>
          </div> <!-- main-panel-header rounded-window-top -->
          <div class="main-panel-content rounded-window-bottom">
            <div class="chronological-class">
              <div class="chronological-class-name">com.citibank.qa.testcase.TestCase</div> <!-- chronological-class-name -->
              <div class="configuration-method before">
                <span class="method-name">setUp</span>
                <span class="method-start">0 ms</span>
              </div> <!-- configuration-method before -->
              <div class="test-method">
                <span class="method-name">searchingText</span>
                <span class="method-start">18924 ms</span>
              </div> <!-- test-method -->
              <div class="configuration-method after">
                <span class="method-name">closeBrowser</span>
                <span class="method-start">27455 ms</span>
              </div> <!-- configuration-method after -->
              <div class="configuration-method before">
                <span class="method-name">setUp</span>
                <span class="method-start">28436 ms</span>
              </div> <!-- configuration-method before -->
              <div class="test-method">
                <span class="method-name">titleValidation</span>
                <span class="method-start">48011 ms</span>
              </div> <!-- test-method -->
              <div class="configuration-method after">
                <span class="method-name">closeBrowser</span>
                <span class="method-start">48586 ms</span>
              </div> <!-- configuration-method after -->
              <div class="configuration-method before">
                <span class="method-name">setUp</span>
                <span class="method-start">49840 ms</span>
              </div> <!-- configuration-method before -->
              <div class="test-method">
                <span class="method-name">validationSearchText</span>
                <span class="method-start">65740 ms</span>
              </div> <!-- test-method -->
              <div class="configuration-method after">
                <span class="method-name">closeBrowser</span>
                <span class="method-start">68809 ms</span>
              </div> <!-- configuration-method after -->
              <div class="configuration-method before">
                <span class="method-name">setUp</span>
                <span class="method-start">69753 ms</span>
              </div> <!-- configuration-method before -->
              <div class="test-method">
                <span class="method-name">citiLogoValidation</span>
                <span class="method-start">85283 ms</span>
              </div> <!-- test-method -->
              <div class="configuration-method after">
                <span class="method-name">closeBrowser</span>
                <span class="method-start">88004 ms</span>
              </div> <!-- configuration-method after -->
              <div class="configuration-method before">
                <span class="method-name">setUp</span>
                <span class="method-start">88912 ms</span>
              </div> <!-- configuration-method before -->
              <div class="test-method">
                <span class="method-name">rememberUidLabel</span>
                <span class="method-start">104933 ms</span>
              </div> <!-- test-method -->
              <div class="configuration-method after">
                <span class="method-name">closeBrowser</span>
                <span class="method-start">109195 ms</span>
              </div> <!-- configuration-method after -->
              <div class="configuration-method before">
                <span class="method-name">setUp</span>
                <span class="method-start">110599 ms</span>
              </div> <!-- configuration-method before -->
              <div class="test-method">
                <span class="method-name">signInBtnDisplayed</span>
                <span class="method-start">131995 ms</span>
              </div> <!-- test-method -->
              <div class="configuration-method after">
                <span class="method-name">closeBrowser</span>
                <span class="method-start">132100 ms</span>
              </div> <!-- configuration-method after -->
              <div class="configuration-method before">
                <img src="failed.png">
                </img>
                <span class="method-name">setUp</span>
                <span class="method-start">133020 ms</span>
              </div> <!-- configuration-method before -->
              <div class="test-method">
                <span class="method-name">creditCardMessageValidated</span>
                <span class="method-start">-1575733369989 ms</span>
              </div> <!-- test-method -->
              <div class="test-method">
                <span class="method-name">creditCardLink</span>
                <span class="method-start">-1575733369989 ms</span>
              </div> <!-- test-method -->
              <div class="test-method">
                <span class="method-name">atmBranch</span>
                <span class="method-start">-1575733369989 ms</span>
              </div> <!-- test-method -->
              <div class="test-method">
                <span class="method-name">lendingLink</span>
                <span class="method-start">-1575733369989 ms</span>
              </div> <!-- test-method -->
              <div class="test-method">
                <span class="method-name">personalLoan</span>
                <span class="method-start">-1575733369989 ms</span>
              </div> <!-- test-method -->
              <div class="test-method">
                <span class="method-name">mortgageLink</span>
                <span class="method-start">-1575733369989 ms</span>
              </div> <!-- test-method -->
              <div class="test-method">
                <span class="method-name">homeEquity</span>
                <span class="method-start">-1575733369989 ms</span>
              </div> <!-- test-method -->
          </div> <!-- main-panel-content rounded-window-bottom -->
        </div> <!-- panel -->
      </div> <!-- main-panel-root -->
    </div> <!-- wrapper -->
  </body>
</html>
