<?xml version="1.0" encoding="UTF-8"?>
<testng-results skipped="7" failed="0" ignored="0" total="13" passed="6">
  <reporter-output>
  </reporter-output>
  <suite name="com.citibank.qa.testcase.TestCase" duration-ms="148872" started-at="2019-12-07T15:42:49Z" finished-at="2019-12-07T15:45:18Z">
    <groups>
    </groups>
    <test name="Command line test" duration-ms="148872" started-at="2019-12-07T15:42:49Z" finished-at="2019-12-07T15:45:18Z">
      <class name="com.citibank.qa.testcase.TestCase">
        <test-method status="PASS" signature="setUp()[pri:0, instance:com.citibank.qa.testcase.TestCase@735f7ae5]" name="setUp" is-config="true" duration-ms="18923" started-at="2019-12-07T15:42:49Z" finished-at="2019-12-07T15:43:08Z">
          <reporter-output>
          </reporter-output>
        </test-method> <!-- setUp -->
        <test-method status="PASS" signature="searchingText()[pri:0, instance:com.citibank.qa.testcase.TestCase@735f7ae5]" name="searchingText" duration-ms="8529" started-at="2019-12-07T15:43:08Z" finished-at="2019-12-07T15:43:17Z">
          <reporter-output>
          </reporter-output>
        </test-method> <!-- searchingText -->
        <test-method status="PASS" signature="closeBrowser()[pri:0, instance:com.citibank.qa.testcase.TestCase@735f7ae5]" name="closeBrowser" is-config="true" duration-ms="975" started-at="2019-12-07T15:43:17Z" finished-at="2019-12-07T15:43:18Z">
          <reporter-output>
          </reporter-output>
        </test-method> <!-- closeBrowser -->
        <test-method status="PASS" signature="setUp()[pri:0, instance:com.citibank.qa.testcase.TestCase@735f7ae5]" name="setUp" is-config="true" duration-ms="19574" started-at="2019-12-07T15:43:18Z" finished-at="2019-12-07T15:43:37Z">
          <reporter-output>
          </reporter-output>
        </test-method> <!-- setUp -->
        <test-method status="PASS" signature="titleValidation()[pri:1, instance:com.citibank.qa.testcase.TestCase@735f7ae5]" name="titleValidation" duration-ms="574" started-at="2019-12-07T15:43:38Z" finished-at="2019-12-07T15:43:38Z">
          <reporter-output>
          </reporter-output>
        </test-method> <!-- titleValidation -->
        <test-method status="PASS" signature="closeBrowser()[pri:0, instance:com.citibank.qa.testcase.TestCase@735f7ae5]" name="closeBrowser" is-config="true" duration-ms="1253" started-at="2019-12-07T15:43:38Z" finished-at="2019-12-07T15:43:39Z">
          <reporter-output>
          </reporter-output>
        </test-method> <!-- closeBrowser -->
        <test-method status="PASS" signature="setUp()[pri:0, instance:com.citibank.qa.testcase.TestCase@735f7ae5]" name="setUp" is-config="true" duration-ms="15900" started-at="2019-12-07T15:43:39Z" finished-at="2019-12-07T15:43:55Z">
          <reporter-output>
          </reporter-output>
        </test-method> <!-- setUp -->
        <test-method status="PASS" signature="validationSearchText()[pri:2, instance:com.citibank.qa.testcase.TestCase@735f7ae5]" name="validationSearchText" duration-ms="3068" started-at="2019-12-07T15:43:55Z" finished-at="2019-12-07T15:43:58Z">
          <reporter-output>
          </reporter-output>
        </test-method> <!-- validationSearchText -->
        <test-method status="PASS" signature="closeBrowser()[pri:0, instance:com.citibank.qa.testcase.TestCase@735f7ae5]" name="closeBrowser" is-config="true" duration-ms="943" started-at="2019-12-07T15:43:58Z" finished-at="2019-12-07T15:43:59Z">
          <reporter-output>
          </reporter-output>
        </test-method> <!-- closeBrowser -->
        <test-method status="PASS" signature="setUp()[pri:0, instance:com.citibank.qa.testcase.TestCase@735f7ae5]" name="setUp" is-config="true" duration-ms="15529" started-at="2019-12-07T15:43:59Z" finished-at="2019-12-07T15:44:15Z">
          <reporter-output>
          </reporter-output>
        </test-method> <!-- setUp -->
        <test-method status="PASS" signature="citiLogoValidation()[pri:3, instance:com.citibank.qa.testcase.TestCase@735f7ae5]" name="citiLogoValidation" duration-ms="2721" started-at="2019-12-07T15:44:15Z" finished-at="2019-12-07T15:44:17Z">
          <reporter-output>
          </reporter-output>
        </test-method> <!-- citiLogoValidation -->
        <test-method status="PASS" signature="closeBrowser()[pri:0, instance:com.citibank.qa.testcase.TestCase@735f7ae5]" name="closeBrowser" is-config="true" duration-ms="907" started-at="2019-12-07T15:44:17Z" finished-at="2019-12-07T15:44:18Z">
          <reporter-output>
          </reporter-output>
        </test-method> <!-- closeBrowser -->
        <test-method status="PASS" signature="setUp()[pri:0, instance:com.citibank.qa.testcase.TestCase@735f7ae5]" name="setUp" is-config="true" duration-ms="16021" started-at="2019-12-07T15:44:18Z" finished-at="2019-12-07T15:44:34Z">
          <reporter-output>
          </reporter-output>
        </test-method> <!-- setUp -->
        <test-method status="PASS" signature="rememberUidLabel()[pri:4, instance:com.citibank.qa.testcase.TestCase@735f7ae5]" name="rememberUidLabel" duration-ms="4262" started-at="2019-12-07T15:44:34Z" finished-at="2019-12-07T15:44:39Z">
          <reporter-output>
          </reporter-output>
        </test-method> <!-- rememberUidLabel -->
        <test-method status="PASS" signature="closeBrowser()[pri:0, instance:com.citibank.qa.testcase.TestCase@735f7ae5]" name="closeBrowser" is-config="true" duration-ms="1404" started-at="2019-12-07T15:44:39Z" finished-at="2019-12-07T15:44:40Z">
          <reporter-output>
          </reporter-output>
        </test-method> <!-- closeBrowser -->
        <test-method status="PASS" signature="setUp()[pri:0, instance:com.citibank.qa.testcase.TestCase@735f7ae5]" name="setUp" is-config="true" duration-ms="21396" started-at="2019-12-07T15:44:40Z" finished-at="2019-12-07T15:45:01Z">
          <reporter-output>
          </reporter-output>
        </test-method> <!-- setUp -->
        <test-method status="PASS" signature="signInBtnDisplayed()[pri:5, instance:com.citibank.qa.testcase.TestCase@735f7ae5]" name="signInBtnDisplayed" duration-ms="104" started-at="2019-12-07T15:45:01Z" finished-at="2019-12-07T15:45:02Z">
          <reporter-output>
          </reporter-output>
        </test-method> <!-- signInBtnDisplayed -->
        <test-method status="PASS" signature="closeBrowser()[pri:0, instance:com.citibank.qa.testcase.TestCase@735f7ae5]" name="closeBrowser" is-config="true" duration-ms="919" started-at="2019-12-07T15:45:02Z" finished-at="2019-12-07T15:45:03Z">
          <reporter-output>
          </reporter-output>
        </test-method> <!-- closeBrowser -->
        <test-method status="FAIL" signature="setUp()[pri:0, instance:com.citibank.qa.testcase.TestCase@735f7ae5]" name="setUp" is-config="true" duration-ms="15777" started-at="2019-12-07T15:45:03Z" finished-at="2019-12-07T15:45:18Z">
          <exception class="org.openqa.selenium.SessionNotCreatedException">
            <message>
              <![CDATA[session not created
from chrome not reachable
  (Session info: chrome=78.0.3904.108)
Build info: version: '3.141.59', revision: 'e82be7d358', time: '2018-11-14T08:17:03'
System info: host: 'DESKTOP-CG5HG66', ip: '192.168.0.125', os.name: 'Windows 10', os.arch: 'amd64', os.version: '10.0', java.version: '1.8.0_191'
Driver info: driver.version: ChromeDriver
remote stacktrace: Backtrace:
Ordinal0 [0x0094EB13+1501971]
Ordinal0 [0x008CF6D1+980689]
Ordinal0 [0x00857508+488712]
Ordinal0 [0x0085131A+463642]
Ordinal0 [0x008519C8+465352]
Ordinal0 [0x00852AA5+469669]
Ordinal0 [0x0084EC85+453765]
Ordinal0 [0x00858330+492336]
Ordinal0 [0x0080A108+172296]
Ordinal0 [0x0080942D+169005]
Ordinal0 [0x008078EB+162027]
Ordinal0 [0x007F0AC7+68295]
Ordinal0 [0x007F1B40+72512]
Ordinal0 [0x007F1AD9+72409]
Ordinal0 [0x008E8F37+1085239]
GetHandleVerifier [0x009ED7ED+503293]
GetHandleVerifier [0x009ED580+502672]
GetHandleVerifier [0x009F46AC+531644]
GetHandleVerifier [0x009EDFFA+505354]
Ordinal0 [0x008E0606+1050118]
Ordinal0 [0x008E047F+1049727]
Ordinal0 [0x008EAF9B+1093531]
Ordinal0 [0x008EB103+1093891]
Ordinal0 [0x008EA095+1089685]
BaseThreadInitThunk [0x74C26359+25]
RtlGetAppContainerNamedObjectPath [0x770D7B74+228]
RtlGetAppContainerNamedObjectPath [0x770D7B44+180]
]]>
            </message>
            <full-stacktrace>
              <![CDATA[org.openqa.selenium.SessionNotCreatedException: session not created
from chrome not reachable
  (Session info: chrome=78.0.3904.108)
Build info: version: '3.141.59', revision: 'e82be7d358', time: '2018-11-14T08:17:03'
System info: host: 'DESKTOP-CG5HG66', ip: '192.168.0.125', os.name: 'Windows 10', os.arch: 'amd64', os.version: '10.0', java.version: '1.8.0_191'
Driver info: driver.version: ChromeDriver
remote stacktrace: Backtrace:
Ordinal0 [0x0094EB13+1501971]
Ordinal0 [0x008CF6D1+980689]
Ordinal0 [0x00857508+488712]
Ordinal0 [0x0085131A+463642]
Ordinal0 [0x008519C8+465352]
Ordinal0 [0x00852AA5+469669]
Ordinal0 [0x0084EC85+453765]
Ordinal0 [0x00858330+492336]
Ordinal0 [0x0080A108+172296]
Ordinal0 [0x0080942D+169005]
Ordinal0 [0x008078EB+162027]
Ordinal0 [0x007F0AC7+68295]
Ordinal0 [0x007F1B40+72512]
Ordinal0 [0x007F1AD9+72409]
Ordinal0 [0x008E8F37+1085239]
GetHandleVerifier [0x009ED7ED+503293]
GetHandleVerifier [0x009ED580+502672]
GetHandleVerifier [0x009F46AC+531644]
GetHandleVerifier [0x009EDFFA+505354]
Ordinal0 [0x008E0606+1050118]
Ordinal0 [0x008E047F+1049727]
Ordinal0 [0x008EAF9B+1093531]
Ordinal0 [0x008EB103+1093891]
Ordinal0 [0x008EA095+1089685]
BaseThreadInitThunk [0x74C26359+25]
RtlGetAppContainerNamedObjectPath [0x770D7B74+228]
RtlGetAppContainerNamedObjectPath [0x770D7B44+180]

at sun.reflect.NativeConstructorAccessorImpl.newInstance0(Native Method)
at sun.reflect.NativeConstructorAccessorImpl.newInstance(NativeConstructorAccessorImpl.java:62)
at sun.reflect.DelegatingConstructorAccessorImpl.newInstance(DelegatingConstructorAccessorImpl.java:45)
at java.lang.reflect.Constructor.newInstance(Constructor.java:423)
at org.openqa.selenium.remote.W3CHandshakeResponse.lambda$errorHandler$0(W3CHandshakeResponse.java:62)
at org.openqa.selenium.remote.HandshakeResponse.lambda$getResponseFunction$0(HandshakeResponse.java:30)
at org.openqa.selenium.remote.ProtocolHandshake.lambda$createSession$0(ProtocolHandshake.java:126)
at java.util.stream.ReferencePipeline$3$1.accept(ReferencePipeline.java:193)
at java.util.Spliterators$ArraySpliterator.tryAdvance(Spliterators.java:958)
at java.util.stream.ReferencePipeline.forEachWithCancel(ReferencePipeline.java:126)
at java.util.stream.AbstractPipeline.copyIntoWithCancel(AbstractPipeline.java:498)
at java.util.stream.AbstractPipeline.copyInto(AbstractPipeline.java:485)
at java.util.stream.AbstractPipeline.wrapAndCopyInto(AbstractPipeline.java:471)
at java.util.stream.FindOps$FindOp.evaluateSequential(FindOps.java:152)
at java.util.stream.AbstractPipeline.evaluate(AbstractPipeline.java:234)
at java.util.stream.ReferencePipeline.findFirst(ReferencePipeline.java:464)
at org.openqa.selenium.remote.ProtocolHandshake.createSession(ProtocolHandshake.java:128)
at org.openqa.selenium.remote.ProtocolHandshake.createSession(ProtocolHandshake.java:74)
at org.openqa.selenium.remote.HttpCommandExecutor.execute(HttpCommandExecutor.java:136)
at org.openqa.selenium.remote.service.DriverCommandExecutor.execute(DriverCommandExecutor.java:83)
at org.openqa.selenium.remote.RemoteWebDriver.execute(RemoteWebDriver.java:552)
at org.openqa.selenium.remote.RemoteWebDriver.startSession(RemoteWebDriver.java:213)
at org.openqa.selenium.remote.RemoteWebDriver.<init>(RemoteWebDriver.java:131)
at org.openqa.selenium.chrome.ChromeDriver.<init>(ChromeDriver.java:181)
at org.openqa.selenium.chrome.ChromeDriver.<init>(ChromeDriver.java:168)
at org.openqa.selenium.chrome.ChromeDriver.<init>(ChromeDriver.java:123)
at com.citibank.qa.base.TestBase.initialization(TestBase.java:45)
at com.citibank.qa.testcase.TestCase.setUp(TestCase.java:22)
at sun.reflect.NativeMethodAccessorImpl.invoke0(Native Method)
at sun.reflect.NativeMethodAccessorImpl.invoke(NativeMethodAccessorImpl.java:62)
at sun.reflect.DelegatingMethodAccessorImpl.invoke(DelegatingMethodAccessorImpl.java:43)
at java.lang.reflect.Method.invoke(Method.java:498)
at org.testng.internal.MethodInvocationHelper.invokeMethod(MethodInvocationHelper.java:124)
at org.testng.internal.MethodInvocationHelper.invokeMethodConsideringTimeout(MethodInvocationHelper.java:59)
at org.testng.internal.Invoker.invokeConfigurationMethod(Invoker.java:458)
at org.testng.internal.Invoker.invokeConfigurations(Invoker.java:222)
at org.testng.internal.Invoker.invokeMethod(Invoker.java:523)
at org.testng.internal.Invoker.invokeTestMethod(Invoker.java:719)
at org.testng.internal.Invoker.invokeTestMethods(Invoker.java:989)
at org.testng.internal.TestMethodWorker.invokeTestMethods(TestMethodWorker.java:125)
at org.testng.internal.TestMethodWorker.run(TestMethodWorker.java:109)
at org.testng.TestRunner.privateRun(TestRunner.java:648)
at org.testng.TestRunner.run(TestRunner.java:505)
at org.testng.SuiteRunner.runTest(SuiteRunner.java:455)
at org.testng.SuiteRunner.runSequentially(SuiteRunner.java:450)
at org.testng.SuiteRunner.privateRun(SuiteRunner.java:415)
at org.testng.SuiteRunner.run(SuiteRunner.java:364)
at org.testng.SuiteRunnerWorker.runSuite(SuiteRunnerWorker.java:52)
at org.testng.SuiteRunnerWorker.run(SuiteRunnerWorker.java:84)
at org.testng.TestNG.runSuitesSequentially(TestNG.java:1208)
at org.testng.TestNG.runSuitesLocally(TestNG.java:1137)
at org.testng.TestNG.runSuites(TestNG.java:1049)
at org.testng.TestNG.run(TestNG.java:1017)
at org.apache.maven.surefire.testng.TestNGExecutor.run(TestNGExecutor.java:77)
at org.apache.maven.surefire.testng.TestNGDirectoryTestSuite.execute(TestNGDirectoryTestSuite.java:110)
at org.apache.maven.surefire.testng.TestNGProvider.invoke(TestNGProvider.java:106)
at sun.reflect.NativeMethodAccessorImpl.invoke0(Native Method)
at sun.reflect.NativeMethodAccessorImpl.invoke(NativeMethodAccessorImpl.java:62)
at sun.reflect.DelegatingMethodAccessorImpl.invoke(DelegatingMethodAccessorImpl.java:43)
at java.lang.reflect.Method.invoke(Method.java:498)
at org.apache.maven.surefire.util.ReflectionUtils.invokeMethodWithArray(ReflectionUtils.java:189)
at org.apache.maven.surefire.booter.ProviderFactory$ProviderProxy.invoke(ProviderFactory.java:165)
at org.apache.maven.surefire.booter.ProviderFactory.invokeProvider(ProviderFactory.java:85)
at org.apache.maven.surefire.booter.ForkedBooter.runSuitesInProcess(ForkedBooter.java:115)
at org.apache.maven.surefire.booter.ForkedBooter.main(ForkedBooter.java:75)
]]>
            </full-stacktrace>
          </exception> <!-- org.openqa.selenium.SessionNotCreatedException -->
          <reporter-output>
          </reporter-output>
        </test-method> <!-- setUp -->
        <test-method status="SKIP" signature="creditCardMessageValidated()[pri:6, instance:com.citibank.qa.testcase.TestCase@735f7ae5]" name="creditCardMessageValidated" duration-ms="0" started-at="2019-12-07T15:45:18Z" finished-at="2019-12-07T15:45:18Z">
          <exception class="org.openqa.selenium.SessionNotCreatedException">
            <message>
              <![CDATA[session not created
from chrome not reachable
  (Session info: chrome=78.0.3904.108)
Build info: version: '3.141.59', revision: 'e82be7d358', time: '2018-11-14T08:17:03'
System info: host: 'DESKTOP-CG5HG66', ip: '192.168.0.125', os.name: 'Windows 10', os.arch: 'amd64', os.version: '10.0', java.version: '1.8.0_191'
Driver info: driver.version: ChromeDriver
remote stacktrace: Backtrace:
Ordinal0 [0x0094EB13+1501971]
Ordinal0 [0x008CF6D1+980689]
Ordinal0 [0x00857508+488712]
Ordinal0 [0x0085131A+463642]
Ordinal0 [0x008519C8+465352]
Ordinal0 [0x00852AA5+469669]
Ordinal0 [0x0084EC85+453765]
Ordinal0 [0x00858330+492336]
Ordinal0 [0x0080A108+172296]
Ordinal0 [0x0080942D+169005]
Ordinal0 [0x008078EB+162027]
Ordinal0 [0x007F0AC7+68295]
Ordinal0 [0x007F1B40+72512]
Ordinal0 [0x007F1AD9+72409]
Ordinal0 [0x008E8F37+1085239]
GetHandleVerifier [0x009ED7ED+503293]
GetHandleVerifier [0x009ED580+502672]
GetHandleVerifier [0x009F46AC+531644]
GetHandleVerifier [0x009EDFFA+505354]
Ordinal0 [0x008E0606+1050118]
Ordinal0 [0x008E047F+1049727]
Ordinal0 [0x008EAF9B+1093531]
Ordinal0 [0x008EB103+1093891]
Ordinal0 [0x008EA095+1089685]
BaseThreadInitThunk [0x74C26359+25]
RtlGetAppContainerNamedObjectPath [0x770D7B74+228]
RtlGetAppContainerNamedObjectPath [0x770D7B44+180]
]]>
            </message>
            <full-stacktrace>
              <![CDATA[org.openqa.selenium.SessionNotCreatedException: session not created
from chrome not reachable
  (Session info: chrome=78.0.3904.108)
Build info: version: '3.141.59', revision: 'e82be7d358', time: '2018-11-14T08:17:03'
System info: host: 'DESKTOP-CG5HG66', ip: '192.168.0.125', os.name: 'Windows 10', os.arch: 'amd64', os.version: '10.0', java.version: '1.8.0_191'
Driver info: driver.version: ChromeDriver
remote stacktrace: Backtrace:
Ordinal0 [0x0094EB13+1501971]
Ordinal0 [0x008CF6D1+980689]
Ordinal0 [0x00857508+488712]
Ordinal0 [0x0085131A+463642]
Ordinal0 [0x008519C8+465352]
Ordinal0 [0x00852AA5+469669]
Ordinal0 [0x0084EC85+453765]
Ordinal0 [0x00858330+492336]
Ordinal0 [0x0080A108+172296]
Ordinal0 [0x0080942D+169005]
Ordinal0 [0x008078EB+162027]
Ordinal0 [0x007F0AC7+68295]
Ordinal0 [0x007F1B40+72512]
Ordinal0 [0x007F1AD9+72409]
Ordinal0 [0x008E8F37+1085239]
GetHandleVerifier [0x009ED7ED+503293]
GetHandleVerifier [0x009ED580+502672]
GetHandleVerifier [0x009F46AC+531644]
GetHandleVerifier [0x009EDFFA+505354]
Ordinal0 [0x008E0606+1050118]
Ordinal0 [0x008E047F+1049727]
Ordinal0 [0x008EAF9B+1093531]
Ordinal0 [0x008EB103+1093891]
Ordinal0 [0x008EA095+1089685]
BaseThreadInitThunk [0x74C26359+25]
RtlGetAppContainerNamedObjectPath [0x770D7B74+228]
RtlGetAppContainerNamedObjectPath [0x770D7B44+180]

at sun.reflect.NativeConstructorAccessorImpl.newInstance0(Native Method)
at sun.reflect.NativeConstructorAccessorImpl.newInstance(NativeConstructorAccessorImpl.java:62)
at sun.reflect.DelegatingConstructorAccessorImpl.newInstance(DelegatingConstructorAccessorImpl.java:45)
at java.lang.reflect.Constructor.newInstance(Constructor.java:423)
at org.openqa.selenium.remote.W3CHandshakeResponse.lambda$errorHandler$0(W3CHandshakeResponse.java:62)
at org.openqa.selenium.remote.HandshakeResponse.lambda$getResponseFunction$0(HandshakeResponse.java:30)
at org.openqa.selenium.remote.ProtocolHandshake.lambda$createSession$0(ProtocolHandshake.java:126)
at java.util.stream.ReferencePipeline$3$1.accept(ReferencePipeline.java:193)
at java.util.Spliterators$ArraySpliterator.tryAdvance(Spliterators.java:958)
at java.util.stream.ReferencePipeline.forEachWithCancel(ReferencePipeline.java:126)
at java.util.stream.AbstractPipeline.copyIntoWithCancel(AbstractPipeline.java:498)
at java.util.stream.AbstractPipeline.copyInto(AbstractPipeline.java:485)
at java.util.stream.AbstractPipeline.wrapAndCopyInto(AbstractPipeline.java:471)
at java.util.stream.FindOps$FindOp.evaluateSequential(FindOps.java:152)
at java.util.stream.AbstractPipeline.evaluate(AbstractPipeline.java:234)
at java.util.stream.ReferencePipeline.findFirst(ReferencePipeline.java:464)
at org.openqa.selenium.remote.ProtocolHandshake.createSession(ProtocolHandshake.java:128)
at org.openqa.selenium.remote.ProtocolHandshake.createSession(ProtocolHandshake.java:74)
at org.openqa.selenium.remote.HttpCommandExecutor.execute(HttpCommandExecutor.java:136)
at org.openqa.selenium.remote.service.DriverCommandExecutor.execute(DriverCommandExecutor.java:83)
at org.openqa.selenium.remote.RemoteWebDriver.execute(RemoteWebDriver.java:552)
at org.openqa.selenium.remote.RemoteWebDriver.startSession(RemoteWebDriver.java:213)
at org.openqa.selenium.remote.RemoteWebDriver.<init>(RemoteWebDriver.java:131)
at org.openqa.selenium.chrome.ChromeDriver.<init>(ChromeDriver.java:181)
at org.openqa.selenium.chrome.ChromeDriver.<init>(ChromeDriver.java:168)
at org.openqa.selenium.chrome.ChromeDriver.<init>(ChromeDriver.java:123)
at com.citibank.qa.base.TestBase.initialization(TestBase.java:45)
at com.citibank.qa.testcase.TestCase.setUp(TestCase.java:22)
at sun.reflect.NativeMethodAccessorImpl.invoke0(Native Method)
at sun.reflect.NativeMethodAccessorImpl.invoke(NativeMethodAccessorImpl.java:62)
at sun.reflect.DelegatingMethodAccessorImpl.invoke(DelegatingMethodAccessorImpl.java:43)
at java.lang.reflect.Method.invoke(Method.java:498)
at org.testng.internal.MethodInvocationHelper.invokeMethod(MethodInvocationHelper.java:124)
at org.testng.internal.MethodInvocationHelper.invokeMethodConsideringTimeout(MethodInvocationHelper.java:59)
at org.testng.internal.Invoker.invokeConfigurationMethod(Invoker.java:458)
at org.testng.internal.Invoker.invokeConfigurations(Invoker.java:222)
at org.testng.internal.Invoker.invokeMethod(Invoker.java:523)
at org.testng.internal.Invoker.invokeTestMethod(Invoker.java:719)
at org.testng.internal.Invoker.invokeTestMethods(Invoker.java:989)
at org.testng.internal.TestMethodWorker.invokeTestMethods(TestMethodWorker.java:125)
at org.testng.internal.TestMethodWorker.run(TestMethodWorker.java:109)
at org.testng.TestRunner.privateRun(TestRunner.java:648)
at org.testng.TestRunner.run(TestRunner.java:505)
at org.testng.SuiteRunner.runTest(SuiteRunner.java:455)
at org.testng.SuiteRunner.runSequentially(SuiteRunner.java:450)
at org.testng.SuiteRunner.privateRun(SuiteRunner.java:415)
at org.testng.SuiteRunner.run(SuiteRunner.java:364)
at org.testng.SuiteRunnerWorker.runSuite(SuiteRunnerWorker.java:52)
at org.testng.SuiteRunnerWorker.run(SuiteRunnerWorker.java:84)
at org.testng.TestNG.runSuitesSequentially(TestNG.java:1208)
at org.testng.TestNG.runSuitesLocally(TestNG.java:1137)
at org.testng.TestNG.runSuites(TestNG.java:1049)
at org.testng.TestNG.run(TestNG.java:1017)
at org.apache.maven.surefire.testng.TestNGExecutor.run(TestNGExecutor.java:77)
at org.apache.maven.surefire.testng.TestNGDirectoryTestSuite.execute(TestNGDirectoryTestSuite.java:110)
at org.apache.maven.surefire.testng.TestNGProvider.invoke(TestNGProvider.java:106)
at sun.reflect.NativeMethodAccessorImpl.invoke0(Native Method)
at sun.reflect.NativeMethodAccessorImpl.invoke(NativeMethodAccessorImpl.java:62)
at sun.reflect.DelegatingMethodAccessorImpl.invoke(DelegatingMethodAccessorImpl.java:43)
at java.lang.reflect.Method.invoke(Method.java:498)
at org.apache.maven.surefire.util.ReflectionUtils.invokeMethodWithArray(ReflectionUtils.java:189)
at org.apache.maven.surefire.booter.ProviderFactory$ProviderProxy.invoke(ProviderFactory.java:165)
at org.apache.maven.surefire.booter.ProviderFactory.invokeProvider(ProviderFactory.java:85)
at org.apache.maven.surefire.booter.ForkedBooter.runSuitesInProcess(ForkedBooter.java:115)
at org.apache.maven.surefire.booter.ForkedBooter.main(ForkedBooter.java:75)
]]>
            </full-stacktrace>
          </exception> <!-- org.openqa.selenium.SessionNotCreatedException -->
          <reporter-output>
          </reporter-output>
        </test-method> <!-- creditCardMessageValidated -->
        <test-method status="SKIP" signature="closeBrowser()[pri:0, instance:com.citibank.qa.testcase.TestCase@735f7ae5]" name="closeBrowser" is-config="true" duration-ms="0" started-at="2019-12-07T15:45:18Z" finished-at="2019-12-07T15:45:18Z">
          <reporter-output>
          </reporter-output>
        </test-method> <!-- closeBrowser -->
        <test-method status="SKIP" signature="setUp()[pri:0, instance:com.citibank.qa.testcase.TestCase@735f7ae5]" name="setUp" is-config="true" duration-ms="0" started-at="2019-12-07T15:45:18Z" finished-at="2019-12-07T15:45:18Z">
          <reporter-output>
          </reporter-output>
        </test-method> <!-- setUp -->
        <test-method status="SKIP" signature="creditCardLink()[pri:7, instance:com.citibank.qa.testcase.TestCase@735f7ae5]" name="creditCardLink" duration-ms="0" started-at="2019-12-07T15:45:18Z" finished-at="2019-12-07T15:45:18Z">
          <exception class="org.openqa.selenium.SessionNotCreatedException">
            <message>
              <![CDATA[session not created
from chrome not reachable
  (Session info: chrome=78.0.3904.108)
Build info: version: '3.141.59', revision: 'e82be7d358', time: '2018-11-14T08:17:03'
System info: host: 'DESKTOP-CG5HG66', ip: '192.168.0.125', os.name: 'Windows 10', os.arch: 'amd64', os.version: '10.0', java.version: '1.8.0_191'
Driver info: driver.version: ChromeDriver
remote stacktrace: Backtrace:
Ordinal0 [0x0094EB13+1501971]
Ordinal0 [0x008CF6D1+980689]
Ordinal0 [0x00857508+488712]
Ordinal0 [0x0085131A+463642]
Ordinal0 [0x008519C8+465352]
Ordinal0 [0x00852AA5+469669]
Ordinal0 [0x0084EC85+453765]
Ordinal0 [0x00858330+492336]
Ordinal0 [0x0080A108+172296]
Ordinal0 [0x0080942D+169005]
Ordinal0 [0x008078EB+162027]
Ordinal0 [0x007F0AC7+68295]
Ordinal0 [0x007F1B40+72512]
Ordinal0 [0x007F1AD9+72409]
Ordinal0 [0x008E8F37+1085239]
GetHandleVerifier [0x009ED7ED+503293]
GetHandleVerifier [0x009ED580+502672]
GetHandleVerifier [0x009F46AC+531644]
GetHandleVerifier [0x009EDFFA+505354]
Ordinal0 [0x008E0606+1050118]
Ordinal0 [0x008E047F+1049727]
Ordinal0 [0x008EAF9B+1093531]
Ordinal0 [0x008EB103+1093891]
Ordinal0 [0x008EA095+1089685]
BaseThreadInitThunk [0x74C26359+25]
RtlGetAppContainerNamedObjectPath [0x770D7B74+228]
RtlGetAppContainerNamedObjectPath [0x770D7B44+180]
]]>
            </message>
            <full-stacktrace>
              <![CDATA[org.openqa.selenium.SessionNotCreatedException: session not created
from chrome not reachable
  (Session info: chrome=78.0.3904.108)
Build info: version: '3.141.59', revision: 'e82be7d358', time: '2018-11-14T08:17:03'
System info: host: 'DESKTOP-CG5HG66', ip: '192.168.0.125', os.name: 'Windows 10', os.arch: 'amd64', os.version: '10.0', java.version: '1.8.0_191'
Driver info: driver.version: ChromeDriver
remote stacktrace: Backtrace:
Ordinal0 [0x0094EB13+1501971]
Ordinal0 [0x008CF6D1+980689]
Ordinal0 [0x00857508+488712]
Ordinal0 [0x0085131A+463642]
Ordinal0 [0x008519C8+465352]
Ordinal0 [0x00852AA5+469669]
Ordinal0 [0x0084EC85+453765]
Ordinal0 [0x00858330+492336]
Ordinal0 [0x0080A108+172296]
Ordinal0 [0x0080942D+169005]
Ordinal0 [0x008078EB+162027]
Ordinal0 [0x007F0AC7+68295]
Ordinal0 [0x007F1B40+72512]
Ordinal0 [0x007F1AD9+72409]
Ordinal0 [0x008E8F37+1085239]
GetHandleVerifier [0x009ED7ED+503293]
GetHandleVerifier [0x009ED580+502672]
GetHandleVerifier [0x009F46AC+531644]
GetHandleVerifier [0x009EDFFA+505354]
Ordinal0 [0x008E0606+1050118]
Ordinal0 [0x008E047F+1049727]
Ordinal0 [0x008EAF9B+1093531]
Ordinal0 [0x008EB103+1093891]
Ordinal0 [0x008EA095+1089685]
BaseThreadInitThunk [0x74C26359+25]
RtlGetAppContainerNamedObjectPath [0x770D7B74+228]
RtlGetAppContainerNamedObjectPath [0x770D7B44+180]

at sun.reflect.NativeConstructorAccessorImpl.newInstance0(Native Method)
at sun.reflect.NativeConstructorAccessorImpl.newInstance(NativeConstructorAccessorImpl.java:62)
at sun.reflect.DelegatingConstructorAccessorImpl.newInstance(DelegatingConstructorAccessorImpl.java:45)
at java.lang.reflect.Constructor.newInstance(Constructor.java:423)
at org.openqa.selenium.remote.W3CHandshakeResponse.lambda$errorHandler$0(W3CHandshakeResponse.java:62)
at org.openqa.selenium.remote.HandshakeResponse.lambda$getResponseFunction$0(HandshakeResponse.java:30)
at org.openqa.selenium.remote.ProtocolHandshake.lambda$createSession$0(ProtocolHandshake.java:126)
at java.util.stream.ReferencePipeline$3$1.accept(ReferencePipeline.java:193)
at java.util.Spliterators$ArraySpliterator.tryAdvance(Spliterators.java:958)
at java.util.stream.ReferencePipeline.forEachWithCancel(ReferencePipeline.java:126)
at java.util.stream.AbstractPipeline.copyIntoWithCancel(AbstractPipeline.java:498)
at java.util.stream.AbstractPipeline.copyInto(AbstractPipeline.java:485)
at java.util.stream.AbstractPipeline.wrapAndCopyInto(AbstractPipeline.java:471)
at java.util.stream.FindOps$FindOp.evaluateSequential(FindOps.java:152)
at java.util.stream.AbstractPipeline.evaluate(AbstractPipeline.java:234)
at java.util.stream.ReferencePipeline.findFirst(ReferencePipeline.java:464)
at org.openqa.selenium.remote.ProtocolHandshake.createSession(ProtocolHandshake.java:128)
at org.openqa.selenium.remote.ProtocolHandshake.createSession(ProtocolHandshake.java:74)
at org.openqa.selenium.remote.HttpCommandExecutor.execute(HttpCommandExecutor.java:136)
at org.openqa.selenium.remote.service.DriverCommandExecutor.execute(DriverCommandExecutor.java:83)
at org.openqa.selenium.remote.RemoteWebDriver.execute(RemoteWebDriver.java:552)
at org.openqa.selenium.remote.RemoteWebDriver.startSession(RemoteWebDriver.java:213)
at org.openqa.selenium.remote.RemoteWebDriver.<init>(RemoteWebDriver.java:131)
at org.openqa.selenium.chrome.ChromeDriver.<init>(ChromeDriver.java:181)
at org.openqa.selenium.chrome.ChromeDriver.<init>(ChromeDriver.java:168)
at org.openqa.selenium.chrome.ChromeDriver.<init>(ChromeDriver.java:123)
at com.citibank.qa.base.TestBase.initialization(TestBase.java:45)
at com.citibank.qa.testcase.TestCase.setUp(TestCase.java:22)
at sun.reflect.NativeMethodAccessorImpl.invoke0(Native Method)
at sun.reflect.NativeMethodAccessorImpl.invoke(NativeMethodAccessorImpl.java:62)
at sun.reflect.DelegatingMethodAccessorImpl.invoke(DelegatingMethodAccessorImpl.java:43)
at java.lang.reflect.Method.invoke(Method.java:498)
at org.testng.internal.MethodInvocationHelper.invokeMethod(MethodInvocationHelper.java:124)
at org.testng.internal.MethodInvocationHelper.invokeMethodConsideringTimeout(MethodInvocationHelper.java:59)
at org.testng.internal.Invoker.invokeConfigurationMethod(Invoker.java:458)
at org.testng.internal.Invoker.invokeConfigurations(Invoker.java:222)
at org.testng.internal.Invoker.invokeMethod(Invoker.java:523)
at org.testng.internal.Invoker.invokeTestMethod(Invoker.java:719)
at org.testng.internal.Invoker.invokeTestMethods(Invoker.java:989)
at org.testng.internal.TestMethodWorker.invokeTestMethods(TestMethodWorker.java:125)
at org.testng.internal.TestMethodWorker.run(TestMethodWorker.java:109)
at org.testng.TestRunner.privateRun(TestRunner.java:648)
at org.testng.TestRunner.run(TestRunner.java:505)
at org.testng.SuiteRunner.runTest(SuiteRunner.java:455)
at org.testng.SuiteRunner.runSequentially(SuiteRunner.java:450)
at org.testng.SuiteRunner.privateRun(SuiteRunner.java:415)
at org.testng.SuiteRunner.run(SuiteRunner.java:364)
at org.testng.SuiteRunnerWorker.runSuite(SuiteRunnerWorker.java:52)
at org.testng.SuiteRunnerWorker.run(SuiteRunnerWorker.java:84)
at org.testng.TestNG.runSuitesSequentially(TestNG.java:1208)
at org.testng.TestNG.runSuitesLocally(TestNG.java:1137)
at org.testng.TestNG.runSuites(TestNG.java:1049)
at org.testng.TestNG.run(TestNG.java:1017)
at org.apache.maven.surefire.testng.TestNGExecutor.run(TestNGExecutor.java:77)
at org.apache.maven.surefire.testng.TestNGDirectoryTestSuite.execute(TestNGDirectoryTestSuite.java:110)
at org.apache.maven.surefire.testng.TestNGProvider.invoke(TestNGProvider.java:106)
at sun.reflect.NativeMethodAccessorImpl.invoke0(Native Method)
at sun.reflect.NativeMethodAccessorImpl.invoke(NativeMethodAccessorImpl.java:62)
at sun.reflect.DelegatingMethodAccessorImpl.invoke(DelegatingMethodAccessorImpl.java:43)
at java.lang.reflect.Method.invoke(Method.java:498)
at org.apache.maven.surefire.util.ReflectionUtils.invokeMethodWithArray(ReflectionUtils.java:189)
at org.apache.maven.surefire.booter.ProviderFactory$ProviderProxy.invoke(ProviderFactory.java:165)
at org.apache.maven.surefire.booter.ProviderFactory.invokeProvider(ProviderFactory.java:85)
at org.apache.maven.surefire.booter.ForkedBooter.runSuitesInProcess(ForkedBooter.java:115)
at org.apache.maven.surefire.booter.ForkedBooter.main(ForkedBooter.java:75)
]]>
            </full-stacktrace>
          </exception> <!-- org.openqa.selenium.SessionNotCreatedException -->
          <reporter-output>
          </reporter-output>
        </test-method> <!-- creditCardLink -->
        <test-method status="SKIP" signature="closeBrowser()[pri:0, instance:com.citibank.qa.testcase.TestCase@735f7ae5]" name="closeBrowser" is-config="true" duration-ms="0" started-at="2019-12-07T15:45:18Z" finished-at="2019-12-07T15:45:18Z">
          <reporter-output>
          </reporter-output>
        </test-method> <!-- closeBrowser -->
        <test-method status="SKIP" signature="setUp()[pri:0, instance:com.citibank.qa.testcase.TestCase@735f7ae5]" name="setUp" is-config="true" duration-ms="0" started-at="2019-12-07T15:45:18Z" finished-at="2019-12-07T15:45:18Z">
          <reporter-output>
          </reporter-output>
        </test-method> <!-- setUp -->
        <test-method status="SKIP" signature="atmBranch()[pri:8, instance:com.citibank.qa.testcase.TestCase@735f7ae5]" name="atmBranch" duration-ms="0" started-at="2019-12-07T15:45:18Z" finished-at="2019-12-07T15:45:18Z">
          <exception class="org.openqa.selenium.SessionNotCreatedException">
            <message>
              <![CDATA[session not created
from chrome not reachable
  (Session info: chrome=78.0.3904.108)
Build info: version: '3.141.59', revision: 'e82be7d358', time: '2018-11-14T08:17:03'
System info: host: 'DESKTOP-CG5HG66', ip: '192.168.0.125', os.name: 'Windows 10', os.arch: 'amd64', os.version: '10.0', java.version: '1.8.0_191'
Driver info: driver.version: ChromeDriver
remote stacktrace: Backtrace:
Ordinal0 [0x0094EB13+1501971]
Ordinal0 [0x008CF6D1+980689]
Ordinal0 [0x00857508+488712]
Ordinal0 [0x0085131A+463642]
Ordinal0 [0x008519C8+465352]
Ordinal0 [0x00852AA5+469669]
Ordinal0 [0x0084EC85+453765]
Ordinal0 [0x00858330+492336]
Ordinal0 [0x0080A108+172296]
Ordinal0 [0x0080942D+169005]
Ordinal0 [0x008078EB+162027]
Ordinal0 [0x007F0AC7+68295]
Ordinal0 [0x007F1B40+72512]
Ordinal0 [0x007F1AD9+72409]
Ordinal0 [0x008E8F37+1085239]
GetHandleVerifier [0x009ED7ED+503293]
GetHandleVerifier [0x009ED580+502672]
GetHandleVerifier [0x009F46AC+531644]
GetHandleVerifier [0x009EDFFA+505354]
Ordinal0 [0x008E0606+1050118]
Ordinal0 [0x008E047F+1049727]
Ordinal0 [0x008EAF9B+1093531]
Ordinal0 [0x008EB103+1093891]
Ordinal0 [0x008EA095+1089685]
BaseThreadInitThunk [0x74C26359+25]
RtlGetAppContainerNamedObjectPath [0x770D7B74+228]
RtlGetAppContainerNamedObjectPath [0x770D7B44+180]
]]>
            </message>
            <full-stacktrace>
              <![CDATA[org.openqa.selenium.SessionNotCreatedException: session not created
from chrome not reachable
  (Session info: chrome=78.0.3904.108)
Build info: version: '3.141.59', revision: 'e82be7d358', time: '2018-11-14T08:17:03'
System info: host: 'DESKTOP-CG5HG66', ip: '192.168.0.125', os.name: 'Windows 10', os.arch: 'amd64', os.version: '10.0', java.version: '1.8.0_191'
Driver info: driver.version: ChromeDriver
remote stacktrace: Backtrace:
Ordinal0 [0x0094EB13+1501971]
Ordinal0 [0x008CF6D1+980689]
Ordinal0 [0x00857508+488712]
Ordinal0 [0x0085131A+463642]
Ordinal0 [0x008519C8+465352]
Ordinal0 [0x00852AA5+469669]
Ordinal0 [0x0084EC85+453765]
Ordinal0 [0x00858330+492336]
Ordinal0 [0x0080A108+172296]
Ordinal0 [0x0080942D+169005]
Ordinal0 [0x008078EB+162027]
Ordinal0 [0x007F0AC7+68295]
Ordinal0 [0x007F1B40+72512]
Ordinal0 [0x007F1AD9+72409]
Ordinal0 [0x008E8F37+1085239]
GetHandleVerifier [0x009ED7ED+503293]
GetHandleVerifier [0x009ED580+502672]
GetHandleVerifier [0x009F46AC+531644]
GetHandleVerifier [0x009EDFFA+505354]
Ordinal0 [0x008E0606+1050118]
Ordinal0 [0x008E047F+1049727]
Ordinal0 [0x008EAF9B+1093531]
Ordinal0 [0x008EB103+1093891]
Ordinal0 [0x008EA095+1089685]
BaseThreadInitThunk [0x74C26359+25]
RtlGetAppContainerNamedObjectPath [0x770D7B74+228]
RtlGetAppContainerNamedObjectPath [0x770D7B44+180]

at sun.reflect.NativeConstructorAccessorImpl.newInstance0(Native Method)
at sun.reflect.NativeConstructorAccessorImpl.newInstance(NativeConstructorAccessorImpl.java:62)
at sun.reflect.DelegatingConstructorAccessorImpl.newInstance(DelegatingConstructorAccessorImpl.java:45)
at java.lang.reflect.Constructor.newInstance(Constructor.java:423)
at org.openqa.selenium.remote.W3CHandshakeResponse.lambda$errorHandler$0(W3CHandshakeResponse.java:62)
at org.openqa.selenium.remote.HandshakeResponse.lambda$getResponseFunction$0(HandshakeResponse.java:30)
at org.openqa.selenium.remote.ProtocolHandshake.lambda$createSession$0(ProtocolHandshake.java:126)
at java.util.stream.ReferencePipeline$3$1.accept(ReferencePipeline.java:193)
at java.util.Spliterators$ArraySpliterator.tryAdvance(Spliterators.java:958)
at java.util.stream.ReferencePipeline.forEachWithCancel(ReferencePipeline.java:126)
at java.util.stream.AbstractPipeline.copyIntoWithCancel(AbstractPipeline.java:498)
at java.util.stream.AbstractPipeline.copyInto(AbstractPipeline.java:485)
at java.util.stream.AbstractPipeline.wrapAndCopyInto(AbstractPipeline.java:471)
at java.util.stream.FindOps$FindOp.evaluateSequential(FindOps.java:152)
at java.util.stream.AbstractPipeline.evaluate(AbstractPipeline.java:234)
at java.util.stream.ReferencePipeline.findFirst(ReferencePipeline.java:464)
at org.openqa.selenium.remote.ProtocolHandshake.createSession(ProtocolHandshake.java:128)
at org.openqa.selenium.remote.ProtocolHandshake.createSession(ProtocolHandshake.java:74)
at org.openqa.selenium.remote.HttpCommandExecutor.execute(HttpCommandExecutor.java:136)
at org.openqa.selenium.remote.service.DriverCommandExecutor.execute(DriverCommandExecutor.java:83)
at org.openqa.selenium.remote.RemoteWebDriver.execute(RemoteWebDriver.java:552)
at org.openqa.selenium.remote.RemoteWebDriver.startSession(RemoteWebDriver.java:213)
at org.openqa.selenium.remote.RemoteWebDriver.<init>(RemoteWebDriver.java:131)
at org.openqa.selenium.chrome.ChromeDriver.<init>(ChromeDriver.java:181)
at org.openqa.selenium.chrome.ChromeDriver.<init>(ChromeDriver.java:168)
at org.openqa.selenium.chrome.ChromeDriver.<init>(ChromeDriver.java:123)
at com.citibank.qa.base.TestBase.initialization(TestBase.java:45)
at com.citibank.qa.testcase.TestCase.setUp(TestCase.java:22)
at sun.reflect.NativeMethodAccessorImpl.invoke0(Native Method)
at sun.reflect.NativeMethodAccessorImpl.invoke(NativeMethodAccessorImpl.java:62)
at sun.reflect.DelegatingMethodAccessorImpl.invoke(DelegatingMethodAccessorImpl.java:43)
at java.lang.reflect.Method.invoke(Method.java:498)
at org.testng.internal.MethodInvocationHelper.invokeMethod(MethodInvocationHelper.java:124)
at org.testng.internal.MethodInvocationHelper.invokeMethodConsideringTimeout(MethodInvocationHelper.java:59)
at org.testng.internal.Invoker.invokeConfigurationMethod(Invoker.java:458)
at org.testng.internal.Invoker.invokeConfigurations(Invoker.java:222)
at org.testng.internal.Invoker.invokeMethod(Invoker.java:523)
at org.testng.internal.Invoker.invokeTestMethod(Invoker.java:719)
at org.testng.internal.Invoker.invokeTestMethods(Invoker.java:989)
at org.testng.internal.TestMethodWorker.invokeTestMethods(TestMethodWorker.java:125)
at org.testng.internal.TestMethodWorker.run(TestMethodWorker.java:109)
at org.testng.TestRunner.privateRun(TestRunner.java:648)
at org.testng.TestRunner.run(TestRunner.java:505)
at org.testng.SuiteRunner.runTest(SuiteRunner.java:455)
at org.testng.SuiteRunner.runSequentially(SuiteRunner.java:450)
at org.testng.SuiteRunner.privateRun(SuiteRunner.java:415)
at org.testng.SuiteRunner.run(SuiteRunner.java:364)
at org.testng.SuiteRunnerWorker.runSuite(SuiteRunnerWorker.java:52)
at org.testng.SuiteRunnerWorker.run(SuiteRunnerWorker.java:84)
at org.testng.TestNG.runSuitesSequentially(TestNG.java:1208)
at org.testng.TestNG.runSuitesLocally(TestNG.java:1137)
at org.testng.TestNG.runSuites(TestNG.java:1049)
at org.testng.TestNG.run(TestNG.java:1017)
at org.apache.maven.surefire.testng.TestNGExecutor.run(TestNGExecutor.java:77)
at org.apache.maven.surefire.testng.TestNGDirectoryTestSuite.execute(TestNGDirectoryTestSuite.java:110)
at org.apache.maven.surefire.testng.TestNGProvider.invoke(TestNGProvider.java:106)
at sun.reflect.NativeMethodAccessorImpl.invoke0(Native Method)
at sun.reflect.NativeMethodAccessorImpl.invoke(NativeMethodAccessorImpl.java:62)
at sun.reflect.DelegatingMethodAccessorImpl.invoke(DelegatingMethodAccessorImpl.java:43)
at java.lang.reflect.Method.invoke(Method.java:498)
at org.apache.maven.surefire.util.ReflectionUtils.invokeMethodWithArray(ReflectionUtils.java:189)
at org.apache.maven.surefire.booter.ProviderFactory$ProviderProxy.invoke(ProviderFactory.java:165)
at org.apache.maven.surefire.booter.ProviderFactory.invokeProvider(ProviderFactory.java:85)
at org.apache.maven.surefire.booter.ForkedBooter.runSuitesInProcess(ForkedBooter.java:115)
at org.apache.maven.surefire.booter.ForkedBooter.main(ForkedBooter.java:75)
]]>
            </full-stacktrace>
          </exception> <!-- org.openqa.selenium.SessionNotCreatedException -->
          <reporter-output>
          </reporter-output>
        </test-method> <!-- atmBranch -->
        <test-method status="SKIP" signature="closeBrowser()[pri:0, instance:com.citibank.qa.testcase.TestCase@735f7ae5]" name="closeBrowser" is-config="true" duration-ms="0" started-at="2019-12-07T15:45:18Z" finished-at="2019-12-07T15:45:18Z">
          <reporter-output>
          </reporter-output>
        </test-method> <!-- closeBrowser -->
        <test-method status="SKIP" signature="setUp()[pri:0, instance:com.citibank.qa.testcase.TestCase@735f7ae5]" name="setUp" is-config="true" duration-ms="0" started-at="2019-12-07T15:45:18Z" finished-at="2019-12-07T15:45:18Z">
          <reporter-output>
          </reporter-output>
        </test-method> <!-- setUp -->
        <test-method status="SKIP" signature="lendingLink()[pri:9, instance:com.citibank.qa.testcase.TestCase@735f7ae5]" name="lendingLink" duration-ms="0" started-at="2019-12-07T15:45:18Z" finished-at="2019-12-07T15:45:18Z">
          <exception class="org.openqa.selenium.SessionNotCreatedException">
            <message>
              <![CDATA[session not created
from chrome not reachable
  (Session info: chrome=78.0.3904.108)
Build info: version: '3.141.59', revision: 'e82be7d358', time: '2018-11-14T08:17:03'
System info: host: 'DESKTOP-CG5HG66', ip: '192.168.0.125', os.name: 'Windows 10', os.arch: 'amd64', os.version: '10.0', java.version: '1.8.0_191'
Driver info: driver.version: ChromeDriver
remote stacktrace: Backtrace:
Ordinal0 [0x0094EB13+1501971]
Ordinal0 [0x008CF6D1+980689]
Ordinal0 [0x00857508+488712]
Ordinal0 [0x0085131A+463642]
Ordinal0 [0x008519C8+465352]
Ordinal0 [0x00852AA5+469669]
Ordinal0 [0x0084EC85+453765]
Ordinal0 [0x00858330+492336]
Ordinal0 [0x0080A108+172296]
Ordinal0 [0x0080942D+169005]
Ordinal0 [0x008078EB+162027]
Ordinal0 [0x007F0AC7+68295]
Ordinal0 [0x007F1B40+72512]
Ordinal0 [0x007F1AD9+72409]
Ordinal0 [0x008E8F37+1085239]
GetHandleVerifier [0x009ED7ED+503293]
GetHandleVerifier [0x009ED580+502672]
GetHandleVerifier [0x009F46AC+531644]
GetHandleVerifier [0x009EDFFA+505354]
Ordinal0 [0x008E0606+1050118]
Ordinal0 [0x008E047F+1049727]
Ordinal0 [0x008EAF9B+1093531]
Ordinal0 [0x008EB103+1093891]
Ordinal0 [0x008EA095+1089685]
BaseThreadInitThunk [0x74C26359+25]
RtlGetAppContainerNamedObjectPath [0x770D7B74+228]
RtlGetAppContainerNamedObjectPath [0x770D7B44+180]
]]>
            </message>
            <full-stacktrace>
              <![CDATA[org.openqa.selenium.SessionNotCreatedException: session not created
from chrome not reachable
  (Session info: chrome=78.0.3904.108)
Build info: version: '3.141.59', revision: 'e82be7d358', time: '2018-11-14T08:17:03'
System info: host: 'DESKTOP-CG5HG66', ip: '192.168.0.125', os.name: 'Windows 10', os.arch: 'amd64', os.version: '10.0', java.version: '1.8.0_191'
Driver info: driver.version: ChromeDriver
remote stacktrace: Backtrace:
Ordinal0 [0x0094EB13+1501971]
Ordinal0 [0x008CF6D1+980689]
Ordinal0 [0x00857508+488712]
Ordinal0 [0x0085131A+463642]
Ordinal0 [0x008519C8+465352]
Ordinal0 [0x00852AA5+469669]
Ordinal0 [0x0084EC85+453765]
Ordinal0 [0x00858330+492336]
Ordinal0 [0x0080A108+172296]
Ordinal0 [0x0080942D+169005]
Ordinal0 [0x008078EB+162027]
Ordinal0 [0x007F0AC7+68295]
Ordinal0 [0x007F1B40+72512]
Ordinal0 [0x007F1AD9+72409]
Ordinal0 [0x008E8F37+1085239]
GetHandleVerifier [0x009ED7ED+503293]
GetHandleVerifier [0x009ED580+502672]
GetHandleVerifier [0x009F46AC+531644]
GetHandleVerifier [0x009EDFFA+505354]
Ordinal0 [0x008E0606+1050118]
Ordinal0 [0x008E047F+1049727]
Ordinal0 [0x008EAF9B+1093531]
Ordinal0 [0x008EB103+1093891]
Ordinal0 [0x008EA095+1089685]
BaseThreadInitThunk [0x74C26359+25]
RtlGetAppContainerNamedObjectPath [0x770D7B74+228]
RtlGetAppContainerNamedObjectPath [0x770D7B44+180]

at sun.reflect.NativeConstructorAccessorImpl.newInstance0(Native Method)
at sun.reflect.NativeConstructorAccessorImpl.newInstance(NativeConstructorAccessorImpl.java:62)
at sun.reflect.DelegatingConstructorAccessorImpl.newInstance(DelegatingConstructorAccessorImpl.java:45)
at java.lang.reflect.Constructor.newInstance(Constructor.java:423)
at org.openqa.selenium.remote.W3CHandshakeResponse.lambda$errorHandler$0(W3CHandshakeResponse.java:62)
at org.openqa.selenium.remote.HandshakeResponse.lambda$getResponseFunction$0(HandshakeResponse.java:30)
at org.openqa.selenium.remote.ProtocolHandshake.lambda$createSession$0(ProtocolHandshake.java:126)
at java.util.stream.ReferencePipeline$3$1.accept(ReferencePipeline.java:193)
at java.util.Spliterators$ArraySpliterator.tryAdvance(Spliterators.java:958)
at java.util.stream.ReferencePipeline.forEachWithCancel(ReferencePipeline.java:126)
at java.util.stream.AbstractPipeline.copyIntoWithCancel(AbstractPipeline.java:498)
at java.util.stream.AbstractPipeline.copyInto(AbstractPipeline.java:485)
at java.util.stream.AbstractPipeline.wrapAndCopyInto(AbstractPipeline.java:471)
at java.util.stream.FindOps$FindOp.evaluateSequential(FindOps.java:152)
at java.util.stream.AbstractPipeline.evaluate(AbstractPipeline.java:234)
at java.util.stream.ReferencePipeline.findFirst(ReferencePipeline.java:464)
at org.openqa.selenium.remote.ProtocolHandshake.createSession(ProtocolHandshake.java:128)
at org.openqa.selenium.remote.ProtocolHandshake.createSession(ProtocolHandshake.java:74)
at org.openqa.selenium.remote.HttpCommandExecutor.execute(HttpCommandExecutor.java:136)
at org.openqa.selenium.remote.service.DriverCommandExecutor.execute(DriverCommandExecutor.java:83)
at org.openqa.selenium.remote.RemoteWebDriver.execute(RemoteWebDriver.java:552)
at org.openqa.selenium.remote.RemoteWebDriver.startSession(RemoteWebDriver.java:213)
at org.openqa.selenium.remote.RemoteWebDriver.<init>(RemoteWebDriver.java:131)
at org.openqa.selenium.chrome.ChromeDriver.<init>(ChromeDriver.java:181)
at org.openqa.selenium.chrome.ChromeDriver.<init>(ChromeDriver.java:168)
at org.openqa.selenium.chrome.ChromeDriver.<init>(ChromeDriver.java:123)
at com.citibank.qa.base.TestBase.initialization(TestBase.java:45)
at com.citibank.qa.testcase.TestCase.setUp(TestCase.java:22)
at sun.reflect.NativeMethodAccessorImpl.invoke0(Native Method)
at sun.reflect.NativeMethodAccessorImpl.invoke(NativeMethodAccessorImpl.java:62)
at sun.reflect.DelegatingMethodAccessorImpl.invoke(DelegatingMethodAccessorImpl.java:43)
at java.lang.reflect.Method.invoke(Method.java:498)
at org.testng.internal.MethodInvocationHelper.invokeMethod(MethodInvocationHelper.java:124)
at org.testng.internal.MethodInvocationHelper.invokeMethodConsideringTimeout(MethodInvocationHelper.java:59)
at org.testng.internal.Invoker.invokeConfigurationMethod(Invoker.java:458)
at org.testng.internal.Invoker.invokeConfigurations(Invoker.java:222)
at org.testng.internal.Invoker.invokeMethod(Invoker.java:523)
at org.testng.internal.Invoker.invokeTestMethod(Invoker.java:719)
at org.testng.internal.Invoker.invokeTestMethods(Invoker.java:989)
at org.testng.internal.TestMethodWorker.invokeTestMethods(TestMethodWorker.java:125)
at org.testng.internal.TestMethodWorker.run(TestMethodWorker.java:109)
at org.testng.TestRunner.privateRun(TestRunner.java:648)
at org.testng.TestRunner.run(TestRunner.java:505)
at org.testng.SuiteRunner.runTest(SuiteRunner.java:455)
at org.testng.SuiteRunner.runSequentially(SuiteRunner.java:450)
at org.testng.SuiteRunner.privateRun(SuiteRunner.java:415)
at org.testng.SuiteRunner.run(SuiteRunner.java:364)
at org.testng.SuiteRunnerWorker.runSuite(SuiteRunnerWorker.java:52)
at org.testng.SuiteRunnerWorker.run(SuiteRunnerWorker.java:84)
at org.testng.TestNG.runSuitesSequentially(TestNG.java:1208)
at org.testng.TestNG.runSuitesLocally(TestNG.java:1137)
at org.testng.TestNG.runSuites(TestNG.java:1049)
at org.testng.TestNG.run(TestNG.java:1017)
at org.apache.maven.surefire.testng.TestNGExecutor.run(TestNGExecutor.java:77)
at org.apache.maven.surefire.testng.TestNGDirectoryTestSuite.execute(TestNGDirectoryTestSuite.java:110)
at org.apache.maven.surefire.testng.TestNGProvider.invoke(TestNGProvider.java:106)
at sun.reflect.NativeMethodAccessorImpl.invoke0(Native Method)
at sun.reflect.NativeMethodAccessorImpl.invoke(NativeMethodAccessorImpl.java:62)
at sun.reflect.DelegatingMethodAccessorImpl.invoke(DelegatingMethodAccessorImpl.java:43)
at java.lang.reflect.Method.invoke(Method.java:498)
at org.apache.maven.surefire.util.ReflectionUtils.invokeMethodWithArray(ReflectionUtils.java:189)
at org.apache.maven.surefire.booter.ProviderFactory$ProviderProxy.invoke(ProviderFactory.java:165)
at org.apache.maven.surefire.booter.ProviderFactory.invokeProvider(ProviderFactory.java:85)
at org.apache.maven.surefire.booter.ForkedBooter.runSuitesInProcess(ForkedBooter.java:115)
at org.apache.maven.surefire.booter.ForkedBooter.main(ForkedBooter.java:75)
]]>
            </full-stacktrace>
          </exception> <!-- org.openqa.selenium.SessionNotCreatedException -->
          <reporter-output>
          </reporter-output>
        </test-method> <!-- lendingLink -->
        <test-method status="SKIP" signature="closeBrowser()[pri:0, instance:com.citibank.qa.testcase.TestCase@735f7ae5]" name="closeBrowser" is-config="true" duration-ms="0" started-at="2019-12-07T15:45:18Z" finished-at="2019-12-07T15:45:18Z">
          <reporter-output>
          </reporter-output>
        </test-method> <!-- closeBrowser -->
        <test-method status="SKIP" signature="personalLoan()[pri:10, instance:com.citibank.qa.testcase.TestCase@735f7ae5]" name="personalLoan" duration-ms="0" started-at="2019-12-07T15:45:18Z" finished-at="2019-12-07T15:45:18Z">
          <exception class="org.openqa.selenium.SessionNotCreatedException">
            <message>
              <![CDATA[session not created
from chrome not reachable
  (Session info: chrome=78.0.3904.108)
Build info: version: '3.141.59', revision: 'e82be7d358', time: '2018-11-14T08:17:03'
System info: host: 'DESKTOP-CG5HG66', ip: '192.168.0.125', os.name: 'Windows 10', os.arch: 'amd64', os.version: '10.0', java.version: '1.8.0_191'
Driver info: driver.version: ChromeDriver
remote stacktrace: Backtrace:
Ordinal0 [0x0094EB13+1501971]
Ordinal0 [0x008CF6D1+980689]
Ordinal0 [0x00857508+488712]
Ordinal0 [0x0085131A+463642]
Ordinal0 [0x008519C8+465352]
Ordinal0 [0x00852AA5+469669]
Ordinal0 [0x0084EC85+453765]
Ordinal0 [0x00858330+492336]
Ordinal0 [0x0080A108+172296]
Ordinal0 [0x0080942D+169005]
Ordinal0 [0x008078EB+162027]
Ordinal0 [0x007F0AC7+68295]
Ordinal0 [0x007F1B40+72512]
Ordinal0 [0x007F1AD9+72409]
Ordinal0 [0x008E8F37+1085239]
GetHandleVerifier [0x009ED7ED+503293]
GetHandleVerifier [0x009ED580+502672]
GetHandleVerifier [0x009F46AC+531644]
GetHandleVerifier [0x009EDFFA+505354]
Ordinal0 [0x008E0606+1050118]
Ordinal0 [0x008E047F+1049727]
Ordinal0 [0x008EAF9B+1093531]
Ordinal0 [0x008EB103+1093891]
Ordinal0 [0x008EA095+1089685]
BaseThreadInitThunk [0x74C26359+25]
RtlGetAppContainerNamedObjectPath [0x770D7B74+228]
RtlGetAppContainerNamedObjectPath [0x770D7B44+180]
]]>
            </message>
            <full-stacktrace>
              <![CDATA[org.openqa.selenium.SessionNotCreatedException: session not created
from chrome not reachable
  (Session info: chrome=78.0.3904.108)
Build info: version: '3.141.59', revision: 'e82be7d358', time: '2018-11-14T08:17:03'
System info: host: 'DESKTOP-CG5HG66', ip: '192.168.0.125', os.name: 'Windows 10', os.arch: 'amd64', os.version: '10.0', java.version: '1.8.0_191'
Driver info: driver.version: ChromeDriver
remote stacktrace: Backtrace:
Ordinal0 [0x0094EB13+1501971]
Ordinal0 [0x008CF6D1+980689]
Ordinal0 [0x00857508+488712]
Ordinal0 [0x0085131A+463642]
Ordinal0 [0x008519C8+465352]
Ordinal0 [0x00852AA5+469669]
Ordinal0 [0x0084EC85+453765]
Ordinal0 [0x00858330+492336]
Ordinal0 [0x0080A108+172296]
Ordinal0 [0x0080942D+169005]
Ordinal0 [0x008078EB+162027]
Ordinal0 [0x007F0AC7+68295]
Ordinal0 [0x007F1B40+72512]
Ordinal0 [0x007F1AD9+72409]
Ordinal0 [0x008E8F37+1085239]
GetHandleVerifier [0x009ED7ED+503293]
GetHandleVerifier [0x009ED580+502672]
GetHandleVerifier [0x009F46AC+531644]
GetHandleVerifier [0x009EDFFA+505354]
Ordinal0 [0x008E0606+1050118]
Ordinal0 [0x008E047F+1049727]
Ordinal0 [0x008EAF9B+1093531]
Ordinal0 [0x008EB103+1093891]
Ordinal0 [0x008EA095+1089685]
BaseThreadInitThunk [0x74C26359+25]
RtlGetAppContainerNamedObjectPath [0x770D7B74+228]
RtlGetAppContainerNamedObjectPath [0x770D7B44+180]

at sun.reflect.NativeConstructorAccessorImpl.newInstance0(Native Method)
at sun.reflect.NativeConstructorAccessorImpl.newInstance(NativeConstructorAccessorImpl.java:62)
at sun.reflect.DelegatingConstructorAccessorImpl.newInstance(DelegatingConstructorAccessorImpl.java:45)
at java.lang.reflect.Constructor.newInstance(Constructor.java:423)
at org.openqa.selenium.remote.W3CHandshakeResponse.lambda$errorHandler$0(W3CHandshakeResponse.java:62)
at org.openqa.selenium.remote.HandshakeResponse.lambda$getResponseFunction$0(HandshakeResponse.java:30)
at org.openqa.selenium.remote.ProtocolHandshake.lambda$createSession$0(ProtocolHandshake.java:126)
at java.util.stream.ReferencePipeline$3$1.accept(ReferencePipeline.java:193)
at java.util.Spliterators$ArraySpliterator.tryAdvance(Spliterators.java:958)
at java.util.stream.ReferencePipeline.forEachWithCancel(ReferencePipeline.java:126)
at java.util.stream.AbstractPipeline.copyIntoWithCancel(AbstractPipeline.java:498)
at java.util.stream.AbstractPipeline.copyInto(AbstractPipeline.java:485)
at java.util.stream.AbstractPipeline.wrapAndCopyInto(AbstractPipeline.java:471)
at java.util.stream.FindOps$FindOp.evaluateSequential(FindOps.java:152)
at java.util.stream.AbstractPipeline.evaluate(AbstractPipeline.java:234)
at java.util.stream.ReferencePipeline.findFirst(ReferencePipeline.java:464)
at org.openqa.selenium.remote.ProtocolHandshake.createSession(ProtocolHandshake.java:128)
at org.openqa.selenium.remote.ProtocolHandshake.createSession(ProtocolHandshake.java:74)
at org.openqa.selenium.remote.HttpCommandExecutor.execute(HttpCommandExecutor.java:136)
at org.openqa.selenium.remote.service.DriverCommandExecutor.execute(DriverCommandExecutor.java:83)
at org.openqa.selenium.remote.RemoteWebDriver.execute(RemoteWebDriver.java:552)
at org.openqa.selenium.remote.RemoteWebDriver.startSession(RemoteWebDriver.java:213)
at org.openqa.selenium.remote.RemoteWebDriver.<init>(RemoteWebDriver.java:131)
at org.openqa.selenium.chrome.ChromeDriver.<init>(ChromeDriver.java:181)
at org.openqa.selenium.chrome.ChromeDriver.<init>(ChromeDriver.java:168)
at org.openqa.selenium.chrome.ChromeDriver.<init>(ChromeDriver.java:123)
at com.citibank.qa.base.TestBase.initialization(TestBase.java:45)
at com.citibank.qa.testcase.TestCase.setUp(TestCase.java:22)
at sun.reflect.NativeMethodAccessorImpl.invoke0(Native Method)
at sun.reflect.NativeMethodAccessorImpl.invoke(NativeMethodAccessorImpl.java:62)
at sun.reflect.DelegatingMethodAccessorImpl.invoke(DelegatingMethodAccessorImpl.java:43)
at java.lang.reflect.Method.invoke(Method.java:498)
at org.testng.internal.MethodInvocationHelper.invokeMethod(MethodInvocationHelper.java:124)
at org.testng.internal.MethodInvocationHelper.invokeMethodConsideringTimeout(MethodInvocationHelper.java:59)
at org.testng.internal.Invoker.invokeConfigurationMethod(Invoker.java:458)
at org.testng.internal.Invoker.invokeConfigurations(Invoker.java:222)
at org.testng.internal.Invoker.invokeMethod(Invoker.java:523)
at org.testng.internal.Invoker.invokeTestMethod(Invoker.java:719)
at org.testng.internal.Invoker.invokeTestMethods(Invoker.java:989)
at org.testng.internal.TestMethodWorker.invokeTestMethods(TestMethodWorker.java:125)
at org.testng.internal.TestMethodWorker.run(TestMethodWorker.java:109)
at org.testng.TestRunner.privateRun(TestRunner.java:648)
at org.testng.TestRunner.run(TestRunner.java:505)
at org.testng.SuiteRunner.runTest(SuiteRunner.java:455)
at org.testng.SuiteRunner.runSequentially(SuiteRunner.java:450)
at org.testng.SuiteRunner.privateRun(SuiteRunner.java:415)
at org.testng.SuiteRunner.run(SuiteRunner.java:364)
at org.testng.SuiteRunnerWorker.runSuite(SuiteRunnerWorker.java:52)
at org.testng.SuiteRunnerWorker.run(SuiteRunnerWorker.java:84)
at org.testng.TestNG.runSuitesSequentially(TestNG.java:1208)
at org.testng.TestNG.runSuitesLocally(TestNG.java:1137)
at org.testng.TestNG.runSuites(TestNG.java:1049)
at org.testng.TestNG.run(TestNG.java:1017)
at org.apache.maven.surefire.testng.TestNGExecutor.run(TestNGExecutor.java:77)
at org.apache.maven.surefire.testng.TestNGDirectoryTestSuite.execute(TestNGDirectoryTestSuite.java:110)
at org.apache.maven.surefire.testng.TestNGProvider.invoke(TestNGProvider.java:106)
at sun.reflect.NativeMethodAccessorImpl.invoke0(Native Method)
at sun.reflect.NativeMethodAccessorImpl.invoke(NativeMethodAccessorImpl.java:62)
at sun.reflect.DelegatingMethodAccessorImpl.invoke(DelegatingMethodAccessorImpl.java:43)
at java.lang.reflect.Method.invoke(Method.java:498)
at org.apache.maven.surefire.util.ReflectionUtils.invokeMethodWithArray(ReflectionUtils.java:189)
at org.apache.maven.surefire.booter.ProviderFactory$ProviderProxy.invoke(ProviderFactory.java:165)
at org.apache.maven.surefire.booter.ProviderFactory.invokeProvider(ProviderFactory.java:85)
at org.apache.maven.surefire.booter.ForkedBooter.runSuitesInProcess(ForkedBooter.java:115)
at org.apache.maven.surefire.booter.ForkedBooter.main(ForkedBooter.java:75)
]]>
            </full-stacktrace>
          </exception> <!-- org.openqa.selenium.SessionNotCreatedException -->
          <reporter-output>
          </reporter-output>
        </test-method> <!-- personalLoan -->
        <test-method status="SKIP" signature="setUp()[pri:0, instance:com.citibank.qa.testcase.TestCase@735f7ae5]" name="setUp" is-config="true" duration-ms="0" started-at="2019-12-07T15:45:18Z" finished-at="2019-12-07T15:45:18Z">
          <reporter-output>
          </reporter-output>
        </test-method> <!-- setUp -->
        <test-method status="SKIP" signature="closeBrowser()[pri:0, instance:com.citibank.qa.testcase.TestCase@735f7ae5]" name="closeBrowser" is-config="true" duration-ms="0" started-at="2019-12-07T15:45:18Z" finished-at="2019-12-07T15:45:18Z">
          <reporter-output>
          </reporter-output>
        </test-method> <!-- closeBrowser -->
        <test-method status="SKIP" signature="closeBrowser()[pri:0, instance:com.citibank.qa.testcase.TestCase@735f7ae5]" name="closeBrowser" is-config="true" duration-ms="0" started-at="2019-12-07T15:45:18Z" finished-at="2019-12-07T15:45:18Z">
          <reporter-output>
          </reporter-output>
        </test-method> <!-- closeBrowser -->
        <test-method status="SKIP" signature="mortgageLink()[pri:11, instance:com.citibank.qa.testcase.TestCase@735f7ae5]" name="mortgageLink" duration-ms="0" started-at="2019-12-07T15:45:18Z" finished-at="2019-12-07T15:45:18Z">
          <exception class="org.openqa.selenium.SessionNotCreatedException">
            <message>
              <![CDATA[session not created
from chrome not reachable
  (Session info: chrome=78.0.3904.108)
Build info: version: '3.141.59', revision: 'e82be7d358', time: '2018-11-14T08:17:03'
System info: host: 'DESKTOP-CG5HG66', ip: '192.168.0.125', os.name: 'Windows 10', os.arch: 'amd64', os.version: '10.0', java.version: '1.8.0_191'
Driver info: driver.version: ChromeDriver
remote stacktrace: Backtrace:
Ordinal0 [0x0094EB13+1501971]
Ordinal0 [0x008CF6D1+980689]
Ordinal0 [0x00857508+488712]
Ordinal0 [0x0085131A+463642]
Ordinal0 [0x008519C8+465352]
Ordinal0 [0x00852AA5+469669]
Ordinal0 [0x0084EC85+453765]
Ordinal0 [0x00858330+492336]
Ordinal0 [0x0080A108+172296]
Ordinal0 [0x0080942D+169005]
Ordinal0 [0x008078EB+162027]
Ordinal0 [0x007F0AC7+68295]
Ordinal0 [0x007F1B40+72512]
Ordinal0 [0x007F1AD9+72409]
Ordinal0 [0x008E8F37+1085239]
GetHandleVerifier [0x009ED7ED+503293]
GetHandleVerifier [0x009ED580+502672]
GetHandleVerifier [0x009F46AC+531644]
GetHandleVerifier [0x009EDFFA+505354]
Ordinal0 [0x008E0606+1050118]
Ordinal0 [0x008E047F+1049727]
Ordinal0 [0x008EAF9B+1093531]
Ordinal0 [0x008EB103+1093891]
Ordinal0 [0x008EA095+1089685]
BaseThreadInitThunk [0x74C26359+25]
RtlGetAppContainerNamedObjectPath [0x770D7B74+228]
RtlGetAppContainerNamedObjectPath [0x770D7B44+180]
]]>
            </message>
            <full-stacktrace>
              <![CDATA[org.openqa.selenium.SessionNotCreatedException: session not created
from chrome not reachable
  (Session info: chrome=78.0.3904.108)
Build info: version: '3.141.59', revision: 'e82be7d358', time: '2018-11-14T08:17:03'
System info: host: 'DESKTOP-CG5HG66', ip: '192.168.0.125', os.name: 'Windows 10', os.arch: 'amd64', os.version: '10.0', java.version: '1.8.0_191'
Driver info: driver.version: ChromeDriver
remote stacktrace: Backtrace:
Ordinal0 [0x0094EB13+1501971]
Ordinal0 [0x008CF6D1+980689]
Ordinal0 [0x00857508+488712]
Ordinal0 [0x0085131A+463642]
Ordinal0 [0x008519C8+465352]
Ordinal0 [0x00852AA5+469669]
Ordinal0 [0x0084EC85+453765]
Ordinal0 [0x00858330+492336]
Ordinal0 [0x0080A108+172296]
Ordinal0 [0x0080942D+169005]
Ordinal0 [0x008078EB+162027]
Ordinal0 [0x007F0AC7+68295]
Ordinal0 [0x007F1B40+72512]
Ordinal0 [0x007F1AD9+72409]
Ordinal0 [0x008E8F37+1085239]
GetHandleVerifier [0x009ED7ED+503293]
GetHandleVerifier [0x009ED580+502672]
GetHandleVerifier [0x009F46AC+531644]
GetHandleVerifier [0x009EDFFA+505354]
Ordinal0 [0x008E0606+1050118]
Ordinal0 [0x008E047F+1049727]
Ordinal0 [0x008EAF9B+1093531]
Ordinal0 [0x008EB103+1093891]
Ordinal0 [0x008EA095+1089685]
BaseThreadInitThunk [0x74C26359+25]
RtlGetAppContainerNamedObjectPath [0x770D7B74+228]
RtlGetAppContainerNamedObjectPath [0x770D7B44+180]

at sun.reflect.NativeConstructorAccessorImpl.newInstance0(Native Method)
at sun.reflect.NativeConstructorAccessorImpl.newInstance(NativeConstructorAccessorImpl.java:62)
at sun.reflect.DelegatingConstructorAccessorImpl.newInstance(DelegatingConstructorAccessorImpl.java:45)
at java.lang.reflect.Constructor.newInstance(Constructor.java:423)
at org.openqa.selenium.remote.W3CHandshakeResponse.lambda$errorHandler$0(W3CHandshakeResponse.java:62)
at org.openqa.selenium.remote.HandshakeResponse.lambda$getResponseFunction$0(HandshakeResponse.java:30)
at org.openqa.selenium.remote.ProtocolHandshake.lambda$createSession$0(ProtocolHandshake.java:126)
at java.util.stream.ReferencePipeline$3$1.accept(ReferencePipeline.java:193)
at java.util.Spliterators$ArraySpliterator.tryAdvance(Spliterators.java:958)
at java.util.stream.ReferencePipeline.forEachWithCancel(ReferencePipeline.java:126)
at java.util.stream.AbstractPipeline.copyIntoWithCancel(AbstractPipeline.java:498)
at java.util.stream.AbstractPipeline.copyInto(AbstractPipeline.java:485)
at java.util.stream.AbstractPipeline.wrapAndCopyInto(AbstractPipeline.java:471)
at java.util.stream.FindOps$FindOp.evaluateSequential(FindOps.java:152)
at java.util.stream.AbstractPipeline.evaluate(AbstractPipeline.java:234)
at java.util.stream.ReferencePipeline.findFirst(ReferencePipeline.java:464)
at org.openqa.selenium.remote.ProtocolHandshake.createSession(ProtocolHandshake.java:128)
at org.openqa.selenium.remote.ProtocolHandshake.createSession(ProtocolHandshake.java:74)
at org.openqa.selenium.remote.HttpCommandExecutor.execute(HttpCommandExecutor.java:136)
at org.openqa.selenium.remote.service.DriverCommandExecutor.execute(DriverCommandExecutor.java:83)
at org.openqa.selenium.remote.RemoteWebDriver.execute(RemoteWebDriver.java:552)
at org.openqa.selenium.remote.RemoteWebDriver.startSession(RemoteWebDriver.java:213)
at org.openqa.selenium.remote.RemoteWebDriver.<init>(RemoteWebDriver.java:131)
at org.openqa.selenium.chrome.ChromeDriver.<init>(ChromeDriver.java:181)
at org.openqa.selenium.chrome.ChromeDriver.<init>(ChromeDriver.java:168)
at org.openqa.selenium.chrome.ChromeDriver.<init>(ChromeDriver.java:123)
at com.citibank.qa.base.TestBase.initialization(TestBase.java:45)
at com.citibank.qa.testcase.TestCase.setUp(TestCase.java:22)
at sun.reflect.NativeMethodAccessorImpl.invoke0(Native Method)
at sun.reflect.NativeMethodAccessorImpl.invoke(NativeMethodAccessorImpl.java:62)
at sun.reflect.DelegatingMethodAccessorImpl.invoke(DelegatingMethodAccessorImpl.java:43)
at java.lang.reflect.Method.invoke(Method.java:498)
at org.testng.internal.MethodInvocationHelper.invokeMethod(MethodInvocationHelper.java:124)
at org.testng.internal.MethodInvocationHelper.invokeMethodConsideringTimeout(MethodInvocationHelper.java:59)
at org.testng.internal.Invoker.invokeConfigurationMethod(Invoker.java:458)
at org.testng.internal.Invoker.invokeConfigurations(Invoker.java:222)
at org.testng.internal.Invoker.invokeMethod(Invoker.java:523)
at org.testng.internal.Invoker.invokeTestMethod(Invoker.java:719)
at org.testng.internal.Invoker.invokeTestMethods(Invoker.java:989)
at org.testng.internal.TestMethodWorker.invokeTestMethods(TestMethodWorker.java:125)
at org.testng.internal.TestMethodWorker.run(TestMethodWorker.java:109)
at org.testng.TestRunner.privateRun(TestRunner.java:648)
at org.testng.TestRunner.run(TestRunner.java:505)
at org.testng.SuiteRunner.runTest(SuiteRunner.java:455)
at org.testng.SuiteRunner.runSequentially(SuiteRunner.java:450)
at org.testng.SuiteRunner.privateRun(SuiteRunner.java:415)
at org.testng.SuiteRunner.run(SuiteRunner.java:364)
at org.testng.SuiteRunnerWorker.runSuite(SuiteRunnerWorker.java:52)
at org.testng.SuiteRunnerWorker.run(SuiteRunnerWorker.java:84)
at org.testng.TestNG.runSuitesSequentially(TestNG.java:1208)
at org.testng.TestNG.runSuitesLocally(TestNG.java:1137)
at org.testng.TestNG.runSuites(TestNG.java:1049)
at org.testng.TestNG.run(TestNG.java:1017)
at org.apache.maven.surefire.testng.TestNGExecutor.run(TestNGExecutor.java:77)
at org.apache.maven.surefire.testng.TestNGDirectoryTestSuite.execute(TestNGDirectoryTestSuite.java:110)
at org.apache.maven.surefire.testng.TestNGProvider.invoke(TestNGProvider.java:106)
at sun.reflect.NativeMethodAccessorImpl.invoke0(Native Method)
at sun.reflect.NativeMethodAccessorImpl.invoke(NativeMethodAccessorImpl.java:62)
at sun.reflect.DelegatingMethodAccessorImpl.invoke(DelegatingMethodAccessorImpl.java:43)
at java.lang.reflect.Method.invoke(Method.java:498)
at org.apache.maven.surefire.util.ReflectionUtils.invokeMethodWithArray(ReflectionUtils.java:189)
at org.apache.maven.surefire.booter.ProviderFactory$ProviderProxy.invoke(ProviderFactory.java:165)
at org.apache.maven.surefire.booter.ProviderFactory.invokeProvider(ProviderFactory.java:85)
at org.apache.maven.surefire.booter.ForkedBooter.runSuitesInProcess(ForkedBooter.java:115)
at org.apache.maven.surefire.booter.ForkedBooter.main(ForkedBooter.java:75)
]]>
            </full-stacktrace>
          </exception> <!-- org.openqa.selenium.SessionNotCreatedException -->
          <reporter-output>
          </reporter-output>
        </test-method> <!-- mortgageLink -->
        <test-method status="SKIP" signature="setUp()[pri:0, instance:com.citibank.qa.testcase.TestCase@735f7ae5]" name="setUp" is-config="true" duration-ms="0" started-at="2019-12-07T15:45:18Z" finished-at="2019-12-07T15:45:18Z">
          <reporter-output>
          </reporter-output>
        </test-method> <!-- setUp -->
        <test-method status="SKIP" signature="setUp()[pri:0, instance:com.citibank.qa.testcase.TestCase@735f7ae5]" name="setUp" is-config="true" duration-ms="0" started-at="2019-12-07T15:45:18Z" finished-at="2019-12-07T15:45:18Z">
          <reporter-output>
          </reporter-output>
        </test-method> <!-- setUp -->
        <test-method status="SKIP" signature="homeEquity()[pri:12, instance:com.citibank.qa.testcase.TestCase@735f7ae5]" name="homeEquity" duration-ms="0" started-at="2019-12-07T15:45:18Z" finished-at="2019-12-07T15:45:18Z">
          <exception class="org.openqa.selenium.SessionNotCreatedException">
            <message>
              <![CDATA[session not created
from chrome not reachable
  (Session info: chrome=78.0.3904.108)
Build info: version: '3.141.59', revision: 'e82be7d358', time: '2018-11-14T08:17:03'
System info: host: 'DESKTOP-CG5HG66', ip: '192.168.0.125', os.name: 'Windows 10', os.arch: 'amd64', os.version: '10.0', java.version: '1.8.0_191'
Driver info: driver.version: ChromeDriver
remote stacktrace: Backtrace:
Ordinal0 [0x0094EB13+1501971]
Ordinal0 [0x008CF6D1+980689]
Ordinal0 [0x00857508+488712]
Ordinal0 [0x0085131A+463642]
Ordinal0 [0x008519C8+465352]
Ordinal0 [0x00852AA5+469669]
Ordinal0 [0x0084EC85+453765]
Ordinal0 [0x00858330+492336]
Ordinal0 [0x0080A108+172296]
Ordinal0 [0x0080942D+169005]
Ordinal0 [0x008078EB+162027]
Ordinal0 [0x007F0AC7+68295]
Ordinal0 [0x007F1B40+72512]
Ordinal0 [0x007F1AD9+72409]
Ordinal0 [0x008E8F37+1085239]
GetHandleVerifier [0x009ED7ED+503293]
GetHandleVerifier [0x009ED580+502672]
GetHandleVerifier [0x009F46AC+531644]
GetHandleVerifier [0x009EDFFA+505354]
Ordinal0 [0x008E0606+1050118]
Ordinal0 [0x008E047F+1049727]
Ordinal0 [0x008EAF9B+1093531]
Ordinal0 [0x008EB103+1093891]
Ordinal0 [0x008EA095+1089685]
BaseThreadInitThunk [0x74C26359+25]
RtlGetAppContainerNamedObjectPath [0x770D7B74+228]
RtlGetAppContainerNamedObjectPath [0x770D7B44+180]
]]>
            </message>
            <full-stacktrace>
              <![CDATA[org.openqa.selenium.SessionNotCreatedException: session not created
from chrome not reachable
  (Session info: chrome=78.0.3904.108)
Build info: version: '3.141.59', revision: 'e82be7d358', time: '2018-11-14T08:17:03'
System info: host: 'DESKTOP-CG5HG66', ip: '192.168.0.125', os.name: 'Windows 10', os.arch: 'amd64', os.version: '10.0', java.version: '1.8.0_191'
Driver info: driver.version: ChromeDriver
remote stacktrace: Backtrace:
Ordinal0 [0x0094EB13+1501971]
Ordinal0 [0x008CF6D1+980689]
Ordinal0 [0x00857508+488712]
Ordinal0 [0x0085131A+463642]
Ordinal0 [0x008519C8+465352]
Ordinal0 [0x00852AA5+469669]
Ordinal0 [0x0084EC85+453765]
Ordinal0 [0x00858330+492336]
Ordinal0 [0x0080A108+172296]
Ordinal0 [0x0080942D+169005]
Ordinal0 [0x008078EB+162027]
Ordinal0 [0x007F0AC7+68295]
Ordinal0 [0x007F1B40+72512]
Ordinal0 [0x007F1AD9+72409]
Ordinal0 [0x008E8F37+1085239]
GetHandleVerifier [0x009ED7ED+503293]
GetHandleVerifier [0x009ED580+502672]
GetHandleVerifier [0x009F46AC+531644]
GetHandleVerifier [0x009EDFFA+505354]
Ordinal0 [0x008E0606+1050118]
Ordinal0 [0x008E047F+1049727]
Ordinal0 [0x008EAF9B+1093531]
Ordinal0 [0x008EB103+1093891]
Ordinal0 [0x008EA095+1089685]
BaseThreadInitThunk [0x74C26359+25]
RtlGetAppContainerNamedObjectPath [0x770D7B74+228]
RtlGetAppContainerNamedObjectPath [0x770D7B44+180]

at sun.reflect.NativeConstructorAccessorImpl.newInstance0(Native Method)
at sun.reflect.NativeConstructorAccessorImpl.newInstance(NativeConstructorAccessorImpl.java:62)
at sun.reflect.DelegatingConstructorAccessorImpl.newInstance(DelegatingConstructorAccessorImpl.java:45)
at java.lang.reflect.Constructor.newInstance(Constructor.java:423)
at org.openqa.selenium.remote.W3CHandshakeResponse.lambda$errorHandler$0(W3CHandshakeResponse.java:62)
at org.openqa.selenium.remote.HandshakeResponse.lambda$getResponseFunction$0(HandshakeResponse.java:30)
at org.openqa.selenium.remote.ProtocolHandshake.lambda$createSession$0(ProtocolHandshake.java:126)
at java.util.stream.ReferencePipeline$3$1.accept(ReferencePipeline.java:193)
at java.util.Spliterators$ArraySpliterator.tryAdvance(Spliterators.java:958)
at java.util.stream.ReferencePipeline.forEachWithCancel(ReferencePipeline.java:126)
at java.util.stream.AbstractPipeline.copyIntoWithCancel(AbstractPipeline.java:498)
at java.util.stream.AbstractPipeline.copyInto(AbstractPipeline.java:485)
at java.util.stream.AbstractPipeline.wrapAndCopyInto(AbstractPipeline.java:471)
at java.util.stream.FindOps$FindOp.evaluateSequential(FindOps.java:152)
at java.util.stream.AbstractPipeline.evaluate(AbstractPipeline.java:234)
at java.util.stream.ReferencePipeline.findFirst(ReferencePipeline.java:464)
at org.openqa.selenium.remote.ProtocolHandshake.createSession(ProtocolHandshake.java:128)
at org.openqa.selenium.remote.ProtocolHandshake.createSession(ProtocolHandshake.java:74)
at org.openqa.selenium.remote.HttpCommandExecutor.execute(HttpCommandExecutor.java:136)
at org.openqa.selenium.remote.service.DriverCommandExecutor.execute(DriverCommandExecutor.java:83)
at org.openqa.selenium.remote.RemoteWebDriver.execute(RemoteWebDriver.java:552)
at org.openqa.selenium.remote.RemoteWebDriver.startSession(RemoteWebDriver.java:213)
at org.openqa.selenium.remote.RemoteWebDriver.<init>(RemoteWebDriver.java:131)
at org.openqa.selenium.chrome.ChromeDriver.<init>(ChromeDriver.java:181)
at org.openqa.selenium.chrome.ChromeDriver.<init>(ChromeDriver.java:168)
at org.openqa.selenium.chrome.ChromeDriver.<init>(ChromeDriver.java:123)
at com.citibank.qa.base.TestBase.initialization(TestBase.java:45)
at com.citibank.qa.testcase.TestCase.setUp(TestCase.java:22)
at sun.reflect.NativeMethodAccessorImpl.invoke0(Native Method)
at sun.reflect.NativeMethodAccessorImpl.invoke(NativeMethodAccessorImpl.java:62)
at sun.reflect.DelegatingMethodAccessorImpl.invoke(DelegatingMethodAccessorImpl.java:43)
at java.lang.reflect.Method.invoke(Method.java:498)
at org.testng.internal.MethodInvocationHelper.invokeMethod(MethodInvocationHelper.java:124)
at org.testng.internal.MethodInvocationHelper.invokeMethodConsideringTimeout(MethodInvocationHelper.java:59)
at org.testng.internal.Invoker.invokeConfigurationMethod(Invoker.java:458)
at org.testng.internal.Invoker.invokeConfigurations(Invoker.java:222)
at org.testng.internal.Invoker.invokeMethod(Invoker.java:523)
at org.testng.internal.Invoker.invokeTestMethod(Invoker.java:719)
at org.testng.internal.Invoker.invokeTestMethods(Invoker.java:989)
at org.testng.internal.TestMethodWorker.invokeTestMethods(TestMethodWorker.java:125)
at org.testng.internal.TestMethodWorker.run(TestMethodWorker.java:109)
at org.testng.TestRunner.privateRun(TestRunner.java:648)
at org.testng.TestRunner.run(TestRunner.java:505)
at org.testng.SuiteRunner.runTest(SuiteRunner.java:455)
at org.testng.SuiteRunner.runSequentially(SuiteRunner.java:450)
at org.testng.SuiteRunner.privateRun(SuiteRunner.java:415)
at org.testng.SuiteRunner.run(SuiteRunner.java:364)
at org.testng.SuiteRunnerWorker.runSuite(SuiteRunnerWorker.java:52)
at org.testng.SuiteRunnerWorker.run(SuiteRunnerWorker.java:84)
at org.testng.TestNG.runSuitesSequentially(TestNG.java:1208)
at org.testng.TestNG.runSuitesLocally(TestNG.java:1137)
at org.testng.TestNG.runSuites(TestNG.java:1049)
at org.testng.TestNG.run(TestNG.java:1017)
at org.apache.maven.surefire.testng.TestNGExecutor.run(TestNGExecutor.java:77)
at org.apache.maven.surefire.testng.TestNGDirectoryTestSuite.execute(TestNGDirectoryTestSuite.java:110)
at org.apache.maven.surefire.testng.TestNGProvider.invoke(TestNGProvider.java:106)
at sun.reflect.NativeMethodAccessorImpl.invoke0(Native Method)
at sun.reflect.NativeMethodAccessorImpl.invoke(NativeMethodAccessorImpl.java:62)
at sun.reflect.DelegatingMethodAccessorImpl.invoke(DelegatingMethodAccessorImpl.java:43)
at java.lang.reflect.Method.invoke(Method.java:498)
at org.apache.maven.surefire.util.ReflectionUtils.invokeMethodWithArray(ReflectionUtils.java:189)
at org.apache.maven.surefire.booter.ProviderFactory$ProviderProxy.invoke(ProviderFactory.java:165)
at org.apache.maven.surefire.booter.ProviderFactory.invokeProvider(ProviderFactory.java:85)
at org.apache.maven.surefire.booter.ForkedBooter.runSuitesInProcess(ForkedBooter.java:115)
at org.apache.maven.surefire.booter.ForkedBooter.main(ForkedBooter.java:75)
]]>
            </full-stacktrace>
          </exception> <!-- org.openqa.selenium.SessionNotCreatedException -->
          <reporter-output>
          </reporter-output>
        </test-method> <!-- homeEquity -->
        <test-method status="SKIP" signature="closeBrowser()[pri:0, instance:com.citibank.qa.testcase.TestCase@735f7ae5]" name="closeBrowser" is-config="true" duration-ms="0" started-at="2019-12-07T15:45:18Z" finished-at="2019-12-07T15:45:18Z">
          <reporter-output>
          </reporter-output>
        </test-method> <!-- closeBrowser -->
      </class> <!-- com.citibank.qa.testcase.TestCase -->
    </test> <!-- Command line test -->
  </suite> <!-- com.citibank.qa.testcase.TestCase -->
</testng-results>
