<?xml version="1.0" encoding="UTF-8"?>
<!-- Generated by org.testng.reporters.JUnitXMLReporter -->
<testsuite hostname="DESKTOP-K6J63E8" ignored="0" name="Test" tests="8" failures="0" timestamp="2019-10-23T04:57:58 EDT" time="57.125" errors="0">
  <testcase name="@BeforeMethod setUp" time="43.145" classname="com.citibank.qa.testcase.TestCase">
    <failure type="org.openqa.selenium.WebDriverException" message="chrome not reachable
  (Session info: chrome=77.0.3865.120)
Build info: version: &amp;apos;3.141.59&amp;apos;, revision: &amp;apos;e82be7d358&amp;apos;, time: &amp;apos;2018-11-14T08:17:03&amp;apos;
System info: host: &amp;apos;DESKTOP-K6J63E8&amp;apos;, ip: &amp;apos;192.168.1.147&amp;apos;, os.name: &amp;apos;Windows 10&amp;apos;, os.arch: &amp;apos;amd64&amp;apos;, os.version: &amp;apos;10.0&amp;apos;, java.version: &amp;apos;1.8.0_181&amp;apos;
Driver info: org.openqa.selenium.chrome.ChromeDriver
Capabilities {acceptInsecureCerts: false, browserName: chrome, browserVersion: 77.0.3865.120, chrome: {chromedriverVersion: 77.0.3865.40 (f484704e052e0..., userDataDir: C:\Users\shake\AppData\Loca...}, goog:chromeOptions: {debuggerAddress: localhost:60076}, javascriptEnabled: true, networkConnectionEnabled: false, pageLoadStrategy: normal, platform: XP, platformName: XP, proxy: Proxy(), setWindowRect: true, strictFileInteractability: false, timeouts: {implicit: 0, pageLoad: 300000, script: 30000}, unhandledPromptBehavior: dismiss and notify}
Session ID: 9f9bc9db8c6706ea68b51cf6c20c6da8">
      <![CDATA[org.openqa.selenium.WebDriverException: chrome not reachable
  (Session info: chrome=77.0.3865.120)
Build info: version: '3.141.59', revision: 'e82be7d358', time: '2018-11-14T08:17:03'
System info: host: 'DESKTOP-K6J63E8', ip: '192.168.1.147', os.name: 'Windows 10', os.arch: 'amd64', os.version: '10.0', java.version: '1.8.0_181'
Driver info: org.openqa.selenium.chrome.ChromeDriver
Capabilities {acceptInsecureCerts: false, browserName: chrome, browserVersion: 77.0.3865.120, chrome: {chromedriverVersion: 77.0.3865.40 (f484704e052e0..., userDataDir: C:\Users\shake\AppData\Loca...}, goog:chromeOptions: {debuggerAddress: localhost:60076}, javascriptEnabled: true, networkConnectionEnabled: false, pageLoadStrategy: normal, platform: XP, platformName: XP, proxy: Proxy(), setWindowRect: true, strictFileInteractability: false, timeouts: {implicit: 0, pageLoad: 300000, script: 30000}, unhandledPromptBehavior: dismiss and notify}
Session ID: 9f9bc9db8c6706ea68b51cf6c20c6da8
at org.openqa.selenium.remote.http.W3CHttpResponseCodec.createException(W3CHttpResponseCodec.java:187)
at org.openqa.selenium.remote.http.W3CHttpResponseCodec.decode(W3CHttpResponseCodec.java:122)
at org.openqa.selenium.remote.http.W3CHttpResponseCodec.decode(W3CHttpResponseCodec.java:49)
at org.openqa.selenium.remote.HttpCommandExecutor.execute(HttpCommandExecutor.java:158)
at org.openqa.selenium.remote.service.DriverCommandExecutor.execute(DriverCommandExecutor.java:83)
at org.openqa.selenium.remote.RemoteWebDriver.execute(RemoteWebDriver.java:552)
at org.openqa.selenium.remote.RemoteWebDriver.get(RemoteWebDriver.java:277)
at com.citibank.qa.base.TestBase.initialization(TestBase.java:51)
at com.citibank.qa.testcase.TestCase.setUp(TestCase.java:23)
at java.util.ArrayList.forEach(ArrayList.java:1257)
... Removed 35 stack frames]]>
    </failure>
  </testcase> <!-- @BeforeMethod setUp -->
  <testcase name="@AfterMethod closeBrowser" time="-1.571821078631E9" classname="com.citibank.qa.testcase.TestCase">
    <skipped/>
  </testcase> <!-- @AfterMethod closeBrowser -->
  <testcase name="@BeforeMethod setUp" time="-1.571821078632E9" classname="com.citibank.qa.testcase.TestCase">
    <skipped/>
  </testcase> <!-- @BeforeMethod setUp -->
  <testcase name="@AfterMethod closeBrowser" time="-1.571821078635E9" classname="com.citibank.qa.testcase.TestCase">
    <skipped/>
  </testcase> <!-- @AfterMethod closeBrowser -->
  <testcase name="@BeforeMethod setUp" time="-1.571821078635E9" classname="com.citibank.qa.testcase.TestCase">
    <skipped/>
  </testcase> <!-- @BeforeMethod setUp -->
  <testcase name="@AfterMethod closeBrowser" time="-1.571821078638E9" classname="com.citibank.qa.testcase.TestCase">
    <skipped/>
  </testcase> <!-- @AfterMethod closeBrowser -->
  <testcase name="@BeforeMethod setUp" time="-1.571821078639E9" classname="com.citibank.qa.testcase.TestCase">
    <skipped/>
  </testcase> <!-- @BeforeMethod setUp -->
  <testcase name="@AfterMethod closeBrowser" time="-1.571821078642E9" classname="com.citibank.qa.testcase.TestCase">
    <skipped/>
  </testcase> <!-- @AfterMethod closeBrowser -->
  <testcase name="@BeforeMethod setUp" time="-1.571821078643E9" classname="com.citibank.qa.testcase.TestCase">
    <skipped/>
  </testcase> <!-- @BeforeMethod setUp -->
  <testcase name="@AfterMethod closeBrowser" time="-1.571821078646E9" classname="com.citibank.qa.testcase.TestCase">
    <skipped/>
  </testcase> <!-- @AfterMethod closeBrowser -->
  <testcase name="@BeforeMethod setUp" time="-1.571821078646E9" classname="com.citibank.qa.testcase.TestCase">
    <skipped/>
  </testcase> <!-- @BeforeMethod setUp -->
  <testcase name="@AfterMethod closeBrowser" time="-1.571821078649E9" classname="com.citibank.qa.testcase.TestCase">
    <skipped/>
  </testcase> <!-- @AfterMethod closeBrowser -->
  <testcase name="@BeforeMethod setUp" time="-1.57182107865E9" classname="com.citibank.qa.testcase.TestCase">
    <skipped/>
  </testcase> <!-- @BeforeMethod setUp -->
  <testcase name="@AfterMethod closeBrowser" time="-1.571821078653E9" classname="com.citibank.qa.testcase.TestCase">
    <skipped/>
  </testcase> <!-- @AfterMethod closeBrowser -->
  <testcase name="citiLogoValidation" time="0.155" classname="com.citibank.qa.testcase.TestCase"/>
  <testcase name="titleValidation" time="0.0" classname="com.citibank.qa.testcase.TestCase">
    <skipped/>
  </testcase> <!-- titleValidation -->
  <testcase name="validationSearchText" time="0.0" classname="com.citibank.qa.testcase.TestCase">
    <skipped/>
  </testcase> <!-- validationSearchText -->
  <testcase name="searchingText" time="0.0" classname="com.citibank.qa.testcase.TestCase">
    <skipped/>
  </testcase> <!-- searchingText -->
  <testcase name="rememberUidLabel" time="0.0" classname="com.citibank.qa.testcase.TestCase">
    <skipped/>
  </testcase> <!-- rememberUidLabel -->
  <testcase name="signInBtnDisplayed" time="0.0" classname="com.citibank.qa.testcase.TestCase">
    <skipped/>
  </testcase> <!-- signInBtnDisplayed -->
  <testcase name="creditCardMessageValidated" time="0.0" classname="com.citibank.qa.testcase.TestCase">
    <skipped/>
  </testcase> <!-- creditCardMessageValidated -->
  <testcase name="creditCardLink" time="0.0" classname="com.citibank.qa.testcase.TestCase">
    <skipped/>
  </testcase> <!-- creditCardLink -->
</testsuite> <!-- Test -->
